#
# There is insufficient memory for the Java Runtime Environment to continue.
# Native memory allocation (malloc) failed to allocate 1007376 bytes for Chunk::new
# Possible reasons:
#   The system is out of physical RAM or swap space
#   The process is running with CompressedOops enabled, and the Java Heap may be blocking the growth of the native heap
# Possible solutions:
#   Reduce memory load on the system
#   Increase physical memory or swap space
#   Check if swap backing store is full
#   Decrease Java heap size (-Xmx/-Xms)
#   Decrease number of Java threads
#   Decrease Java thread stack sizes (-Xss)
#   Set larger code cache with -XX:ReservedCodeCacheSize=
#   JVM is running with Zero Based Compressed Oops mode in which the Java heap is
#     placed in the first 32GB address space. The Java Heap base address is the
#     maximum limit for the native heap growth. Please use -XX:HeapBaseMinAddress
#     to set the Java Heap base and to place the Java Heap above 32GB virtual address.
# This output file may be truncated or incomplete.
#
#  Out of Memory Error (./open/src/hotspot/share/memory/arena.cpp:195), pid=25144, tid=13176
#
# JRE version: Java(TM) SE Runtime Environment (14.0.1+7) (build 14.0.1+7)
# Java VM: Java HotSpot(TM) 64-Bit Server VM (14.0.1+7, mixed mode, sharing, tiered, compressed oops, g1 gc, windows-amd64)
# No core dump will be written. Minidumps are not enabled by default on client versions of Windows
#

---------------  S U M M A R Y ------------

Command Line: -Dmaven.multiModuleProjectDirectory=D:\Personal\Desktop\ÈýÏÂ\consult -Dmaven.home=C:\apache-maven-3.6.3 -Dclassworlds.conf=C:\apache-maven-3.6.3\bin\m2.conf -Dmaven.ext.class.path=E:\IDEA2019\IntelliJ IDEA 2019.3.3\plugins\maven\lib\maven-event-listener.jar -javaagent:E:\IDEA2019\IntelliJ IDEA 2019.3.3\lib\idea_rt.jar=56006:E:\IDEA2019\IntelliJ IDEA 2019.3.3\bin -Dfile.encoding=UTF-8 org.codehaus.classworlds.Launcher -Didea.version2019.3.3 package

Host: Intel(R) Core(TM) i5-6200U CPU @ 2.30GHz, 4 cores, 11G,  Windows 10 , 64 bit Build 18362 (10.0.18362.1500)
Time: Wed Sep 22 19:12:00 2021 ?D1¨²¡À¨º¡Á?¨º¡À?? elapsed time: 15 seconds (0d 0h 0m 15s)

---------------  T H R E A D  ---------------

Current thread (0x0000020e08f1e800):  JavaThread "C2 CompilerThread0" daemon [_thread_in_native, id=13176, stack(0x0000009eeae00000,0x0000009eeaf00000)]


Current CompileTask:
C2:  15564 4635   !   4       com.google.inject.spi.InjectionPoint::getInjectionPoints (489 bytes)

Stack: [0x0000009eeae00000,0x0000009eeaf00000]
Native frames: (J=compiled Java code, j=interpreted, Vv=VM code, C=native code)
V  [jvm.dll+0x5f840a]
V  [jvm.dll+0x741e4a]
V  [jvm.dll+0x7435ff]
V  [jvm.dll+0x743c43]
V  [jvm.dll+0x20d288]
V  [jvm.dll+0xabb07]
V  [jvm.dll+0xac1fc]
V  [jvm.dll+0x276db4]
V  [jvm.dll+0x50ca4a]
V  [jvm.dll+0x1ee1da]
V  [jvm.dll+0x1e7cfb]
V  [jvm.dll+0x1e4f98]
V  [jvm.dll+0x1779cc]
V  [jvm.dll+0x1f4105]
V  [jvm.dll+0x1f22eb]
V  [jvm.dll+0x706a9d]
V  [jvm.dll+0x6ff8ba]
V  [jvm.dll+0x5f72c6]
C  [ucrtbase.dll+0x210b2]
C  [KERNEL32.DLL+0x17c24]
C  [ntdll.dll+0x6d721]


---------------  P R O C E S S  ---------------

Threads class SMR info:
_java_thread_list=0x0000020e0ae3a210, length=13, elements={
0x0000020e67894800, 0x0000020e08ef5000, 0x0000020e08ef6000, 0x0000020e08f19000,
0x0000020e08f1a000, 0x0000020e08f1d800, 0x0000020e08f1e800, 0x0000020e08f23800,
0x0000020e08f30000, 0x0000020e09042000, 0x0000020e0911b800, 0x0000020e0911c800,
0x0000020e0ae5f000
}

Java Threads: ( => current thread )
  0x0000020e67894800 JavaThread "main" [_thread_in_native, id=20004, stack(0x0000009eea200000,0x0000009eea300000)]
  0x0000020e08ef5000 JavaThread "Reference Handler" daemon [_thread_blocked, id=21992, stack(0x0000009eea900000,0x0000009eeaa00000)]
  0x0000020e08ef6000 JavaThread "Finalizer" daemon [_thread_blocked, id=26948, stack(0x0000009eeaa00000,0x0000009eeab00000)]
  0x0000020e08f19000 JavaThread "Signal Dispatcher" daemon [_thread_blocked, id=21868, stack(0x0000009eeab00000,0x0000009eeac00000)]
  0x0000020e08f1a000 JavaThread "Attach Listener" daemon [_thread_blocked, id=7680, stack(0x0000009eeac00000,0x0000009eead00000)]
  0x0000020e08f1d800 JavaThread "Service Thread" daemon [_thread_blocked, id=16068, stack(0x0000009eead00000,0x0000009eeae00000)]
=>0x0000020e08f1e800 JavaThread "C2 CompilerThread0" daemon [_thread_in_native, id=13176, stack(0x0000009eeae00000,0x0000009eeaf00000)]
  0x0000020e08f23800 JavaThread "C1 CompilerThread0" daemon [_thread_blocked, id=20088, stack(0x0000009eeaf00000,0x0000009eeb000000)]
  0x0000020e08f30000 JavaThread "Sweeper thread" daemon [_thread_blocked, id=28204, stack(0x0000009eeb000000,0x0000009eeb100000)]
  0x0000020e09042000 JavaThread "Common-Cleaner" daemon [_thread_blocked, id=4688, stack(0x0000009eeb100000,0x0000009eeb200000)]
  0x0000020e0911b800 JavaThread "Monitor Ctrl-Break" daemon [_thread_in_native, id=29148, stack(0x0000009eeb200000,0x0000009eeb300000)]
  0x0000020e0911c800 JavaThread "Notification Thread" daemon [_thread_blocked, id=29484, stack(0x0000009eeb300000,0x0000009eeb400000)]
  0x0000020e0ae5f000 JavaThread "C2 CompilerThread1" daemon [_thread_new, id=9980, stack(0x0000000000000000,0x0000000000000000)]

Other Threads:
  0x0000020e08ef0800 VMThread "VM Thread" [stack: 0x0000009eea800000,0x0000009eea900000] [id=20204]
  0x0000020e0911f800 WatcherThread [stack: 0x0000009eeb400000,0x0000009eeb500000] [id=21364]
  0x0000020e678eb000 GCTaskThread "GC Thread#0" [stack: 0x0000009eea300000,0x0000009eea400000] [id=15572]
  0x0000020e0964f000 GCTaskThread "GC Thread#1" [stack: 0x0000009eeb500000,0x0000009eeb600000] [id=19996]
  0x0000020e0964f800 GCTaskThread "GC Thread#2" [stack: 0x0000009eeb600000,0x0000009eeb700000] [id=27416]
  0x0000020e098e0800 GCTaskThread "GC Thread#3" [stack: 0x0000009eeb700000,0x0000009eeb800000] [id=16872]
  0x0000020e67904800 ConcurrentGCThread "G1 Main Marker" [stack: 0x0000009eea400000,0x0000009eea500000] [id=25644]
  0x0000020e67906800 ConcurrentGCThread "G1 Conc#0" [stack: 0x0000009eea500000,0x0000009eea600000] [id=6420]
  0x0000020e0855f800 ConcurrentGCThread "G1 Refine#0" [stack: 0x0000009eea600000,0x0000009eea700000] [id=24068]
  0x0000020e098db800 ConcurrentGCThread "G1 Refine#1" [stack: 0x0000009eeb800000,0x0000009eeb900000] [id=25916]
  0x0000020e08560000 ConcurrentGCThread "G1 Young RemSet Sampling" [stack: 0x0000009eea700000,0x0000009eea800000] [id=29584]

Threads with active compile tasks:
C2 CompilerThread0    15657 4635   !   4       com.google.inject.spi.InjectionPoint::getInjectionPoints (489 bytes)

VM state:not at safepoint (normal execution)

VM Mutex/Monitor currently owned by a thread: None

Heap address: 0x0000000742200000, size: 3038 MB, Compressed Oops mode: Zero based, Oop shift amount: 3
Narrow klass base: 0x0000000800000000, Narrow klass shift: 3
Compressed class space size: 1073741824 Address: 0x0000000800b30000

Heap:
 garbage-first heap   total 194560K, used 106067K [0x0000000742200000, 0x0000000800000000)
  region size 1024K, 101 young (103424K), 9 survivors (9216K)
 Metaspace       used 17727K, capacity 18350K, committed 18560K, reserved 1064960K
  class space    used 1915K, capacity 2114K, committed 2176K, reserved 1048576K
Heap Regions: E=young(eden), S=young(survivor), O=old, HS=humongous(starts), HC=humongous(continues), CS=collection set, F=free, OA=open archive, CA=closed archive, TAMS=top-at-mark-start (previous, next)
|   0|0x0000000742200000, 0x0000000742300000, 0x0000000742300000|100%| O|  |TAMS 0x0000000742200000, 0x0000000742200000| Untracked 
|   1|0x0000000742300000, 0x0000000742400000, 0x0000000742400000|100%| O|  |TAMS 0x0000000742300000, 0x0000000742300000| Untracked 
|   2|0x0000000742400000, 0x0000000742500000, 0x0000000742500000|100%| O|  |TAMS 0x0000000742400000, 0x0000000742400000| Untracked 
|   3|0x0000000742500000, 0x00000007425b1a00, 0x0000000742600000| 69%| O|  |TAMS 0x0000000742500000, 0x0000000742500000| Untracked 
|   4|0x0000000742600000, 0x0000000742600000, 0x0000000742700000|  0%| F|  |TAMS 0x0000000742600000, 0x0000000742600000| Untracked 
|   5|0x0000000742700000, 0x0000000742700000, 0x0000000742800000|  0%| F|  |TAMS 0x0000000742700000, 0x0000000742700000| Untracked 
|   6|0x0000000742800000, 0x0000000742800000, 0x0000000742900000|  0%| F|  |TAMS 0x0000000742800000, 0x0000000742800000| Untracked 
|   7|0x0000000742900000, 0x0000000742900000, 0x0000000742a00000|  0%| F|  |TAMS 0x0000000742900000, 0x0000000742900000| Untracked 
|   8|0x0000000742a00000, 0x0000000742a00000, 0x0000000742b00000|  0%| F|  |TAMS 0x0000000742a00000, 0x0000000742a00000| Untracked 
|   9|0x0000000742b00000, 0x0000000742b00000, 0x0000000742c00000|  0%| F|  |TAMS 0x0000000742b00000, 0x0000000742b00000| Untracked 
|  10|0x0000000742c00000, 0x0000000742c00000, 0x0000000742d00000|  0%| F|  |TAMS 0x0000000742c00000, 0x0000000742c00000| Untracked 
|  11|0x0000000742d00000, 0x0000000742d00000, 0x0000000742e00000|  0%| F|  |TAMS 0x0000000742d00000, 0x0000000742d00000| Untracked 
|  12|0x0000000742e00000, 0x0000000742e00000, 0x0000000742f00000|  0%| F|  |TAMS 0x0000000742e00000, 0x0000000742e00000| Untracked 
|  13|0x0000000742f00000, 0x0000000742f00000, 0x0000000743000000|  0%| F|  |TAMS 0x0000000742f00000, 0x0000000742f00000| Untracked 
|  14|0x0000000743000000, 0x0000000743000000, 0x0000000743100000|  0%| F|  |TAMS 0x0000000743000000, 0x0000000743000000| Untracked 
|  15|0x0000000743100000, 0x0000000743100000, 0x0000000743200000|  0%| F|  |TAMS 0x0000000743100000, 0x0000000743100000| Untracked 
|  16|0x0000000743200000, 0x0000000743200000, 0x0000000743300000|  0%| F|  |TAMS 0x0000000743200000, 0x0000000743200000| Untracked 
|  17|0x0000000743300000, 0x0000000743300000, 0x0000000743400000|  0%| F|  |TAMS 0x0000000743300000, 0x0000000743300000| Untracked 
|  18|0x0000000743400000, 0x0000000743400000, 0x0000000743500000|  0%| F|  |TAMS 0x0000000743400000, 0x0000000743400000| Untracked 
|  19|0x0000000743500000, 0x0000000743500000, 0x0000000743600000|  0%| F|  |TAMS 0x0000000743500000, 0x0000000743500000| Untracked 
|  20|0x0000000743600000, 0x0000000743600000, 0x0000000743700000|  0%| F|  |TAMS 0x0000000743600000, 0x0000000743600000| Untracked 
|  21|0x0000000743700000, 0x0000000743700000, 0x0000000743800000|  0%| F|  |TAMS 0x0000000743700000, 0x0000000743700000| Untracked 
|  22|0x0000000743800000, 0x0000000743800000, 0x0000000743900000|  0%| F|  |TAMS 0x0000000743800000, 0x0000000743800000| Untracked 
|  23|0x0000000743900000, 0x0000000743900000, 0x0000000743a00000|  0%| F|  |TAMS 0x0000000743900000, 0x0000000743900000| Untracked 
|  24|0x0000000743a00000, 0x0000000743a00000, 0x0000000743b00000|  0%| F|  |TAMS 0x0000000743a00000, 0x0000000743a00000| Untracked 
|  25|0x0000000743b00000, 0x0000000743b00000, 0x0000000743c00000|  0%| F|  |TAMS 0x0000000743b00000, 0x0000000743b00000| Untracked 
|  26|0x0000000743c00000, 0x0000000743c00000, 0x0000000743d00000|  0%| F|  |TAMS 0x0000000743c00000, 0x0000000743c00000| Untracked 
|  27|0x0000000743d00000, 0x0000000743d00000, 0x0000000743e00000|  0%| F|  |TAMS 0x0000000743d00000, 0x0000000743d00000| Untracked 
|  28|0x0000000743e00000, 0x0000000743e00000, 0x0000000743f00000|  0%| F|  |TAMS 0x0000000743e00000, 0x0000000743e00000| Untracked 
|  29|0x0000000743f00000, 0x0000000743f00000, 0x0000000744000000|  0%| F|  |TAMS 0x0000000743f00000, 0x0000000743f00000| Untracked 
|  30|0x0000000744000000, 0x0000000744000000, 0x0000000744100000|  0%| F|  |TAMS 0x0000000744000000, 0x0000000744000000| Untracked 
|  31|0x0000000744100000, 0x0000000744100000, 0x0000000744200000|  0%| F|  |TAMS 0x0000000744100000, 0x0000000744100000| Untracked 
|  32|0x0000000744200000, 0x0000000744200000, 0x0000000744300000|  0%| F|  |TAMS 0x0000000744200000, 0x0000000744200000| Untracked 
|  33|0x0000000744300000, 0x0000000744300000, 0x0000000744400000|  0%| F|  |TAMS 0x0000000744300000, 0x0000000744300000| Untracked 
|  34|0x0000000744400000, 0x0000000744400000, 0x0000000744500000|  0%| F|  |TAMS 0x0000000744400000, 0x0000000744400000| Untracked 
|  35|0x0000000744500000, 0x0000000744500000, 0x0000000744600000|  0%| F|  |TAMS 0x0000000744500000, 0x0000000744500000| Untracked 
|  36|0x0000000744600000, 0x0000000744600000, 0x0000000744700000|  0%| F|  |TAMS 0x0000000744600000, 0x0000000744600000| Untracked 
|  37|0x0000000744700000, 0x0000000744700000, 0x0000000744800000|  0%| F|  |TAMS 0x0000000744700000, 0x0000000744700000| Untracked 
|  38|0x0000000744800000, 0x0000000744800000, 0x0000000744900000|  0%| F|  |TAMS 0x0000000744800000, 0x0000000744800000| Untracked 
|  39|0x0000000744900000, 0x0000000744900000, 0x0000000744a00000|  0%| F|  |TAMS 0x0000000744900000, 0x0000000744900000| Untracked 
|  40|0x0000000744a00000, 0x0000000744a00000, 0x0000000744b00000|  0%| F|  |TAMS 0x0000000744a00000, 0x0000000744a00000| Untracked 
|  41|0x0000000744b00000, 0x0000000744b00000, 0x0000000744c00000|  0%| F|  |TAMS 0x0000000744b00000, 0x0000000744b00000| Untracked 
|  42|0x0000000744c00000, 0x0000000744c00000, 0x0000000744d00000|  0%| F|  |TAMS 0x0000000744c00000, 0x0000000744c00000| Untracked 
|  43|0x0000000744d00000, 0x0000000744d00000, 0x0000000744e00000|  0%| F|  |TAMS 0x0000000744d00000, 0x0000000744d00000| Untracked 
|  44|0x0000000744e00000, 0x0000000744e00000, 0x0000000744f00000|  0%| F|  |TAMS 0x0000000744e00000, 0x0000000744e00000| Untracked 
|  45|0x0000000744f00000, 0x0000000744f00000, 0x0000000745000000|  0%| F|  |TAMS 0x0000000744f00000, 0x0000000744f00000| Untracked 
|  46|0x0000000745000000, 0x0000000745000000, 0x0000000745100000|  0%| F|  |TAMS 0x0000000745000000, 0x0000000745000000| Untracked 
|  47|0x0000000745100000, 0x0000000745100000, 0x0000000745200000|  0%| F|  |TAMS 0x0000000745100000, 0x0000000745100000| Untracked 
|  48|0x0000000745200000, 0x0000000745200000, 0x0000000745300000|  0%| F|  |TAMS 0x0000000745200000, 0x0000000745200000| Untracked 
|  49|0x0000000745300000, 0x0000000745300000, 0x0000000745400000|  0%| F|  |TAMS 0x0000000745300000, 0x0000000745300000| Untracked 
|  50|0x0000000745400000, 0x0000000745400000, 0x0000000745500000|  0%| F|  |TAMS 0x0000000745400000, 0x0000000745400000| Untracked 
|  51|0x0000000745500000, 0x0000000745500000, 0x0000000745600000|  0%| F|  |TAMS 0x0000000745500000, 0x0000000745500000| Untracked 
|  52|0x0000000745600000, 0x0000000745600000, 0x0000000745700000|  0%| F|  |TAMS 0x0000000745600000, 0x0000000745600000| Untracked 
|  53|0x0000000745700000, 0x0000000745700000, 0x0000000745800000|  0%| F|  |TAMS 0x0000000745700000, 0x0000000745700000| Untracked 
|  54|0x0000000745800000, 0x0000000745800000, 0x0000000745900000|  0%| F|  |TAMS 0x0000000745800000, 0x0000000745800000| Untracked 
|  55|0x0000000745900000, 0x0000000745900000, 0x0000000745a00000|  0%| F|  |TAMS 0x0000000745900000, 0x0000000745900000| Untracked 
|  56|0x0000000745a00000, 0x0000000745a00000, 0x0000000745b00000|  0%| F|  |TAMS 0x0000000745a00000, 0x0000000745a00000| Untracked 
|  57|0x0000000745b00000, 0x0000000745b00000, 0x0000000745c00000|  0%| F|  |TAMS 0x0000000745b00000, 0x0000000745b00000| Untracked 
|  58|0x0000000745c00000, 0x0000000745c00000, 0x0000000745d00000|  0%| F|  |TAMS 0x0000000745c00000, 0x0000000745c00000| Untracked 
|  59|0x0000000745d00000, 0x0000000745d00000, 0x0000000745e00000|  0%| F|  |TAMS 0x0000000745d00000, 0x0000000745d00000| Untracked 
|  60|0x0000000745e00000, 0x0000000745e00000, 0x0000000745f00000|  0%| F|  |TAMS 0x0000000745e00000, 0x0000000745e00000| Untracked 
|  61|0x0000000745f00000, 0x0000000745f00000, 0x0000000746000000|  0%| F|  |TAMS 0x0000000745f00000, 0x0000000745f00000| Untracked 
|  62|0x0000000746000000, 0x0000000746000000, 0x0000000746100000|  0%| F|  |TAMS 0x0000000746000000, 0x0000000746000000| Untracked 
|  63|0x0000000746100000, 0x0000000746100000, 0x0000000746200000|  0%| F|  |TAMS 0x0000000746100000, 0x0000000746100000| Untracked 
|  64|0x0000000746200000, 0x0000000746200000, 0x0000000746300000|  0%| F|  |TAMS 0x0000000746200000, 0x0000000746200000| Untracked 
|  65|0x0000000746300000, 0x0000000746300000, 0x0000000746400000|  0%| F|  |TAMS 0x0000000746300000, 0x0000000746300000| Untracked 
|  66|0x0000000746400000, 0x0000000746400000, 0x0000000746500000|  0%| F|  |TAMS 0x0000000746400000, 0x0000000746400000| Untracked 
|  67|0x0000000746500000, 0x00000007465e35d0, 0x0000000746600000| 88%| S|CS|TAMS 0x0000000746500000, 0x0000000746500000| Complete 
|  68|0x0000000746600000, 0x0000000746700000, 0x0000000746700000|100%| S|CS|TAMS 0x0000000746600000, 0x0000000746600000| Complete 
|  69|0x0000000746700000, 0x0000000746800000, 0x0000000746800000|100%| S|CS|TAMS 0x0000000746700000, 0x0000000746700000| Complete 
|  70|0x0000000746800000, 0x0000000746900000, 0x0000000746900000|100%| S|CS|TAMS 0x0000000746800000, 0x0000000746800000| Complete 
|  71|0x0000000746900000, 0x0000000746a00000, 0x0000000746a00000|100%| S|CS|TAMS 0x0000000746900000, 0x0000000746900000| Complete 
|  72|0x0000000746a00000, 0x0000000746b00000, 0x0000000746b00000|100%| S|CS|TAMS 0x0000000746a00000, 0x0000000746a00000| Complete 
|  73|0x0000000746b00000, 0x0000000746c00000, 0x0000000746c00000|100%| S|CS|TAMS 0x0000000746b00000, 0x0000000746b00000| Complete 
|  74|0x0000000746c00000, 0x0000000746d00000, 0x0000000746d00000|100%| S|CS|TAMS 0x0000000746c00000, 0x0000000746c00000| Complete 
|  75|0x0000000746d00000, 0x0000000746e00000, 0x0000000746e00000|100%| S|CS|TAMS 0x0000000746d00000, 0x0000000746d00000| Complete 
|  76|0x0000000746e00000, 0x0000000746e00000, 0x0000000746f00000|  0%| F|  |TAMS 0x0000000746e00000, 0x0000000746e00000| Untracked 
|  77|0x0000000746f00000, 0x0000000746f00000, 0x0000000747000000|  0%| F|  |TAMS 0x0000000746f00000, 0x0000000746f00000| Untracked 
|  78|0x0000000747000000, 0x0000000747000000, 0x0000000747100000|  0%| F|  |TAMS 0x0000000747000000, 0x0000000747000000| Untracked 
|  79|0x0000000747100000, 0x0000000747100000, 0x0000000747200000|  0%| F|  |TAMS 0x0000000747100000, 0x0000000747100000| Untracked 
|  80|0x0000000747200000, 0x0000000747200000, 0x0000000747300000|  0%| F|  |TAMS 0x0000000747200000, 0x0000000747200000| Untracked 
|  81|0x0000000747300000, 0x0000000747300000, 0x0000000747400000|  0%| F|  |TAMS 0x0000000747300000, 0x0000000747300000| Untracked 
|  82|0x0000000747400000, 0x0000000747400000, 0x0000000747500000|  0%| F|  |TAMS 0x0000000747400000, 0x0000000747400000| Untracked 
|  83|0x0000000747500000, 0x0000000747500000, 0x0000000747600000|  0%| F|  |TAMS 0x0000000747500000, 0x0000000747500000| Untracked 
|  84|0x0000000747600000, 0x0000000747600000, 0x0000000747700000|  0%| F|  |TAMS 0x0000000747600000, 0x0000000747600000| Untracked 
|  85|0x0000000747700000, 0x0000000747700000, 0x0000000747800000|  0%| F|  |TAMS 0x0000000747700000, 0x0000000747700000| Untracked 
|  86|0x0000000747800000, 0x0000000747800000, 0x0000000747900000|  0%| F|  |TAMS 0x0000000747800000, 0x0000000747800000| Untracked 
|  87|0x0000000747900000, 0x0000000747900000, 0x0000000747a00000|  0%| F|  |TAMS 0x0000000747900000, 0x0000000747900000| Untracked 
|  88|0x0000000747a00000, 0x0000000747a00000, 0x0000000747b00000|  0%| F|  |TAMS 0x0000000747a00000, 0x0000000747a00000| Untracked 
|  89|0x0000000747b00000, 0x0000000747b00000, 0x0000000747c00000|  0%| F|  |TAMS 0x0000000747b00000, 0x0000000747b00000| Untracked 
|  90|0x0000000747c00000, 0x0000000747c00000, 0x0000000747d00000|  0%| F|  |TAMS 0x0000000747c00000, 0x0000000747c00000| Untracked 
|  91|0x0000000747d00000, 0x0000000747d00000, 0x0000000747e00000|  0%| F|  |TAMS 0x0000000747d00000, 0x0000000747d00000| Untracked 
|  92|0x0000000747e00000, 0x0000000747e00000, 0x0000000747f00000|  0%| F|  |TAMS 0x0000000747e00000, 0x0000000747e00000| Untracked 
|  93|0x0000000747f00000, 0x0000000747f00000, 0x0000000748000000|  0%| F|  |TAMS 0x0000000747f00000, 0x0000000747f00000| Untracked 
|  94|0x0000000748000000, 0x0000000748000000, 0x0000000748100000|  0%| F|  |TAMS 0x0000000748000000, 0x0000000748000000| Untracked 
|  95|0x0000000748100000, 0x0000000748100000, 0x0000000748200000|  0%| F|  |TAMS 0x0000000748100000, 0x0000000748100000| Untracked 
|  96|0x0000000748200000, 0x0000000748200000, 0x0000000748300000|  0%| F|  |TAMS 0x0000000748200000, 0x0000000748200000| Untracked 
|  97|0x0000000748300000, 0x0000000748300000, 0x0000000748400000|  0%| F|  |TAMS 0x0000000748300000, 0x0000000748300000| Untracked 
|  98|0x0000000748400000, 0x0000000748500000, 0x0000000748500000|100%| E|  |TAMS 0x0000000748400000, 0x0000000748400000| Complete 
|  99|0x0000000748500000, 0x0000000748600000, 0x0000000748600000|100%| E|CS|TAMS 0x0000000748500000, 0x0000000748500000| Complete 
| 100|0x0000000748600000, 0x0000000748700000, 0x0000000748700000|100%| E|CS|TAMS 0x0000000748600000, 0x0000000748600000| Complete 
| 101|0x0000000748700000, 0x0000000748800000, 0x0000000748800000|100%| E|CS|TAMS 0x0000000748700000, 0x0000000748700000| Complete 
| 102|0x0000000748800000, 0x0000000748900000, 0x0000000748900000|100%| E|CS|TAMS 0x0000000748800000, 0x0000000748800000| Complete 
| 103|0x0000000748900000, 0x0000000748a00000, 0x0000000748a00000|100%| E|CS|TAMS 0x0000000748900000, 0x0000000748900000| Complete 
| 104|0x0000000748a00000, 0x0000000748b00000, 0x0000000748b00000|100%| E|CS|TAMS 0x0000000748a00000, 0x0000000748a00000| Complete 
| 105|0x0000000748b00000, 0x0000000748c00000, 0x0000000748c00000|100%| E|CS|TAMS 0x0000000748b00000, 0x0000000748b00000| Complete 
| 106|0x0000000748c00000, 0x0000000748d00000, 0x0000000748d00000|100%| E|CS|TAMS 0x0000000748c00000, 0x0000000748c00000| Complete 
| 107|0x0000000748d00000, 0x0000000748e00000, 0x0000000748e00000|100%| E|CS|TAMS 0x0000000748d00000, 0x0000000748d00000| Complete 
| 108|0x0000000748e00000, 0x0000000748f00000, 0x0000000748f00000|100%| E|CS|TAMS 0x0000000748e00000, 0x0000000748e00000| Complete 
| 109|0x0000000748f00000, 0x0000000749000000, 0x0000000749000000|100%| E|CS|TAMS 0x0000000748f00000, 0x0000000748f00000| Complete 
| 110|0x0000000749000000, 0x0000000749100000, 0x0000000749100000|100%| E|CS|TAMS 0x0000000749000000, 0x0000000749000000| Complete 
| 111|0x0000000749100000, 0x0000000749200000, 0x0000000749200000|100%| E|CS|TAMS 0x0000000749100000, 0x0000000749100000| Complete 
| 112|0x0000000749200000, 0x0000000749300000, 0x0000000749300000|100%| E|CS|TAMS 0x0000000749200000, 0x0000000749200000| Complete 
| 113|0x0000000749300000, 0x0000000749400000, 0x0000000749400000|100%| E|CS|TAMS 0x0000000749300000, 0x0000000749300000| Complete 
| 114|0x0000000749400000, 0x0000000749500000, 0x0000000749500000|100%| E|CS|TAMS 0x0000000749400000, 0x0000000749400000| Complete 
| 115|0x0000000749500000, 0x0000000749600000, 0x0000000749600000|100%| E|CS|TAMS 0x0000000749500000, 0x0000000749500000| Complete 
| 116|0x0000000749600000, 0x0000000749700000, 0x0000000749700000|100%| E|CS|TAMS 0x0000000749600000, 0x0000000749600000| Complete 
| 117|0x0000000749700000, 0x0000000749800000, 0x0000000749800000|100%| E|CS|TAMS 0x0000000749700000, 0x0000000749700000| Complete 
| 118|0x0000000749800000, 0x0000000749900000, 0x0000000749900000|100%| E|CS|TAMS 0x0000000749800000, 0x0000000749800000| Complete 
| 119|0x0000000749900000, 0x0000000749a00000, 0x0000000749a00000|100%| E|CS|TAMS 0x0000000749900000, 0x0000000749900000| Complete 
| 120|0x0000000749a00000, 0x0000000749b00000, 0x0000000749b00000|100%| E|CS|TAMS 0x0000000749a00000, 0x0000000749a00000| Complete 
| 121|0x0000000749b00000, 0x0000000749c00000, 0x0000000749c00000|100%| E|CS|TAMS 0x0000000749b00000, 0x0000000749b00000| Complete 
| 122|0x0000000749c00000, 0x0000000749d00000, 0x0000000749d00000|100%| E|CS|TAMS 0x0000000749c00000, 0x0000000749c00000| Complete 
| 123|0x0000000749d00000, 0x0000000749e00000, 0x0000000749e00000|100%| E|CS|TAMS 0x0000000749d00000, 0x0000000749d00000| Complete 
| 124|0x0000000749e00000, 0x0000000749f00000, 0x0000000749f00000|100%| E|CS|TAMS 0x0000000749e00000, 0x0000000749e00000| Complete 
| 125|0x0000000749f00000, 0x000000074a000000, 0x000000074a000000|100%| E|CS|TAMS 0x0000000749f00000, 0x0000000749f00000| Complete 
| 126|0x000000074a000000, 0x000000074a100000, 0x000000074a100000|100%| E|CS|TAMS 0x000000074a000000, 0x000000074a000000| Complete 
| 127|0x000000074a100000, 0x000000074a200000, 0x000000074a200000|100%| E|CS|TAMS 0x000000074a100000, 0x000000074a100000| Complete 
| 128|0x000000074a200000, 0x000000074a300000, 0x000000074a300000|100%| E|CS|TAMS 0x000000074a200000, 0x000000074a200000| Complete 
| 129|0x000000074a300000, 0x000000074a400000, 0x000000074a400000|100%| E|CS|TAMS 0x000000074a300000, 0x000000074a300000| Complete 
| 130|0x000000074a400000, 0x000000074a500000, 0x000000074a500000|100%| E|CS|TAMS 0x000000074a400000, 0x000000074a400000| Complete 
| 131|0x000000074a500000, 0x000000074a600000, 0x000000074a600000|100%| E|CS|TAMS 0x000000074a500000, 0x000000074a500000| Complete 
| 132|0x000000074a600000, 0x000000074a700000, 0x000000074a700000|100%| E|CS|TAMS 0x000000074a600000, 0x000000074a600000| Complete 
| 133|0x000000074a700000, 0x000000074a800000, 0x000000074a800000|100%| E|CS|TAMS 0x000000074a700000, 0x000000074a700000| Complete 
| 134|0x000000074a800000, 0x000000074a900000, 0x000000074a900000|100%| E|CS|TAMS 0x000000074a800000, 0x000000074a800000| Complete 
| 135|0x000000074a900000, 0x000000074aa00000, 0x000000074aa00000|100%| E|CS|TAMS 0x000000074a900000, 0x000000074a900000| Complete 
| 136|0x000000074aa00000, 0x000000074ab00000, 0x000000074ab00000|100%| E|CS|TAMS 0x000000074aa00000, 0x000000074aa00000| Complete 
| 137|0x000000074ab00000, 0x000000074ac00000, 0x000000074ac00000|100%| E|CS|TAMS 0x000000074ab00000, 0x000000074ab00000| Complete 
| 138|0x000000074ac00000, 0x000000074ad00000, 0x000000074ad00000|100%| E|CS|TAMS 0x000000074ac00000, 0x000000074ac00000| Complete 
| 139|0x000000074ad00000, 0x000000074ae00000, 0x000000074ae00000|100%| E|CS|TAMS 0x000000074ad00000, 0x000000074ad00000| Complete 
| 140|0x000000074ae00000, 0x000000074af00000, 0x000000074af00000|100%| E|CS|TAMS 0x000000074ae00000, 0x000000074ae00000| Complete 
| 141|0x000000074af00000, 0x000000074b000000, 0x000000074b000000|100%| E|CS|TAMS 0x000000074af00000, 0x000000074af00000| Complete 
| 142|0x000000074b000000, 0x000000074b100000, 0x000000074b100000|100%| E|CS|TAMS 0x000000074b000000, 0x000000074b000000| Complete 
| 143|0x000000074b100000, 0x000000074b200000, 0x000000074b200000|100%| E|CS|TAMS 0x000000074b100000, 0x000000074b100000| Complete 
| 144|0x000000074b200000, 0x000000074b300000, 0x000000074b300000|100%| E|CS|TAMS 0x000000074b200000, 0x000000074b200000| Complete 
| 145|0x000000074b300000, 0x000000074b400000, 0x000000074b400000|100%| E|CS|TAMS 0x000000074b300000, 0x000000074b300000| Complete 
| 146|0x000000074b400000, 0x000000074b500000, 0x000000074b500000|100%| E|CS|TAMS 0x000000074b400000, 0x000000074b400000| Complete 
| 147|0x000000074b500000, 0x000000074b600000, 0x000000074b600000|100%| E|CS|TAMS 0x000000074b500000, 0x000000074b500000| Complete 
| 148|0x000000074b600000, 0x000000074b700000, 0x000000074b700000|100%| E|CS|TAMS 0x000000074b600000, 0x000000074b600000| Complete 
| 149|0x000000074b700000, 0x000000074b800000, 0x000000074b800000|100%| E|CS|TAMS 0x000000074b700000, 0x000000074b700000| Complete 
| 150|0x000000074b800000, 0x000000074b900000, 0x000000074b900000|100%| E|CS|TAMS 0x000000074b800000, 0x000000074b800000| Complete 
| 151|0x000000074b900000, 0x000000074ba00000, 0x000000074ba00000|100%| E|CS|TAMS 0x000000074b900000, 0x000000074b900000| Complete 
| 152|0x000000074ba00000, 0x000000074bb00000, 0x000000074bb00000|100%| E|CS|TAMS 0x000000074ba00000, 0x000000074ba00000| Complete 
| 153|0x000000074bb00000, 0x000000074bc00000, 0x000000074bc00000|100%| E|CS|TAMS 0x000000074bb00000, 0x000000074bb00000| Complete 
| 154|0x000000074bc00000, 0x000000074bd00000, 0x000000074bd00000|100%| E|CS|TAMS 0x000000074bc00000, 0x000000074bc00000| Complete 
| 155|0x000000074bd00000, 0x000000074be00000, 0x000000074be00000|100%| E|CS|TAMS 0x000000074bd00000, 0x000000074bd00000| Complete 
| 156|0x000000074be00000, 0x000000074bf00000, 0x000000074bf00000|100%| E|CS|TAMS 0x000000074be00000, 0x000000074be00000| Complete 
| 157|0x000000074bf00000, 0x000000074c000000, 0x000000074c000000|100%| E|CS|TAMS 0x000000074bf00000, 0x000000074bf00000| Complete 
| 158|0x000000074c000000, 0x000000074c100000, 0x000000074c100000|100%| E|CS|TAMS 0x000000074c000000, 0x000000074c000000| Complete 
| 159|0x000000074c100000, 0x000000074c200000, 0x000000074c200000|100%| E|CS|TAMS 0x000000074c100000, 0x000000074c100000| Complete 
| 160|0x000000074c200000, 0x000000074c300000, 0x000000074c300000|100%| E|CS|TAMS 0x000000074c200000, 0x000000074c200000| Complete 
| 161|0x000000074c300000, 0x000000074c400000, 0x000000074c400000|100%| E|CS|TAMS 0x000000074c300000, 0x000000074c300000| Complete 
| 162|0x000000074c400000, 0x000000074c500000, 0x000000074c500000|100%| E|CS|TAMS 0x000000074c400000, 0x000000074c400000| Complete 
| 163|0x000000074c500000, 0x000000074c600000, 0x000000074c600000|100%| E|CS|TAMS 0x000000074c500000, 0x000000074c500000| Complete 
| 164|0x000000074c600000, 0x000000074c700000, 0x000000074c700000|100%| E|CS|TAMS 0x000000074c600000, 0x000000074c600000| Complete 
| 165|0x000000074c700000, 0x000000074c800000, 0x000000074c800000|100%| E|CS|TAMS 0x000000074c700000, 0x000000074c700000| Complete 
| 166|0x000000074c800000, 0x000000074c900000, 0x000000074c900000|100%| E|CS|TAMS 0x000000074c800000, 0x000000074c800000| Complete 
| 167|0x000000074c900000, 0x000000074ca00000, 0x000000074ca00000|100%| E|CS|TAMS 0x000000074c900000, 0x000000074c900000| Complete 
| 168|0x000000074ca00000, 0x000000074cb00000, 0x000000074cb00000|100%| E|CS|TAMS 0x000000074ca00000, 0x000000074ca00000| Complete 
| 169|0x000000074cb00000, 0x000000074cc00000, 0x000000074cc00000|100%| E|CS|TAMS 0x000000074cb00000, 0x000000074cb00000| Complete 
| 170|0x000000074cc00000, 0x000000074cd00000, 0x000000074cd00000|100%| E|CS|TAMS 0x000000074cc00000, 0x000000074cc00000| Complete 
| 171|0x000000074cd00000, 0x000000074ce00000, 0x000000074ce00000|100%| E|CS|TAMS 0x000000074cd00000, 0x000000074cd00000| Complete 
| 172|0x000000074ce00000, 0x000000074cf00000, 0x000000074cf00000|100%| E|CS|TAMS 0x000000074ce00000, 0x000000074ce00000| Complete 
| 173|0x000000074cf00000, 0x000000074d000000, 0x000000074d000000|100%| E|CS|TAMS 0x000000074cf00000, 0x000000074cf00000| Complete 
| 174|0x000000074d000000, 0x000000074d100000, 0x000000074d100000|100%| E|CS|TAMS 0x000000074d000000, 0x000000074d000000| Complete 
| 175|0x000000074d100000, 0x000000074d200000, 0x000000074d200000|100%| E|CS|TAMS 0x000000074d100000, 0x000000074d100000| Complete 
| 176|0x000000074d200000, 0x000000074d300000, 0x000000074d300000|100%| E|CS|TAMS 0x000000074d200000, 0x000000074d200000| Complete 
| 177|0x000000074d300000, 0x000000074d400000, 0x000000074d400000|100%| E|CS|TAMS 0x000000074d300000, 0x000000074d300000| Complete 
| 178|0x000000074d400000, 0x000000074d500000, 0x000000074d500000|100%| E|CS|TAMS 0x000000074d400000, 0x000000074d400000| Complete 
| 179|0x000000074d500000, 0x000000074d600000, 0x000000074d600000|100%| E|CS|TAMS 0x000000074d500000, 0x000000074d500000| Complete 
| 180|0x000000074d600000, 0x000000074d700000, 0x000000074d700000|100%| E|CS|TAMS 0x000000074d600000, 0x000000074d600000| Complete 
| 181|0x000000074d700000, 0x000000074d800000, 0x000000074d800000|100%| E|CS|TAMS 0x000000074d700000, 0x000000074d700000| Complete 
| 182|0x000000074d800000, 0x000000074d900000, 0x000000074d900000|100%| E|CS|TAMS 0x000000074d800000, 0x000000074d800000| Complete 
| 183|0x000000074d900000, 0x000000074da00000, 0x000000074da00000|100%| E|CS|TAMS 0x000000074d900000, 0x000000074d900000| Complete 
| 184|0x000000074da00000, 0x000000074db00000, 0x000000074db00000|100%| E|CS|TAMS 0x000000074da00000, 0x000000074da00000| Complete 
| 185|0x000000074db00000, 0x000000074dc00000, 0x000000074dc00000|100%| E|CS|TAMS 0x000000074db00000, 0x000000074db00000| Complete 
| 186|0x000000074dc00000, 0x000000074dd00000, 0x000000074dd00000|100%| E|CS|TAMS 0x000000074dc00000, 0x000000074dc00000| Complete 
| 187|0x000000074dd00000, 0x000000074de00000, 0x000000074de00000|100%| E|CS|TAMS 0x000000074dd00000, 0x000000074dd00000| Complete 
| 188|0x000000074de00000, 0x000000074df00000, 0x000000074df00000|100%| E|CS|TAMS 0x000000074de00000, 0x000000074de00000| Complete 
| 189|0x000000074df00000, 0x000000074e000000, 0x000000074e000000|100%| E|CS|TAMS 0x000000074df00000, 0x000000074df00000| Complete 

Card table byte_map: [0x0000020e7f620000,0x0000020e7fc10000] _byte_map_base: 0x0000020e7bc0f000

Marking Bits (Prev, Next): (CMBitMap*) 0x0000020e678ebde8, (CMBitMap*) 0x0000020e678ebe28
 Prev Bits: [0x0000020e005f0000, 0x0000020e03568000)
 Next Bits: [0x0000020e03570000, 0x0000020e064e8000)

Polling page: 0x0000020e67060000

Metaspace:

Usage:
  Non-class:     15.86 MB capacity,    15.44 MB ( 97%) used,   398.66 KB (  2%) free+waste,    25.31 KB ( <1%) overhead. 
      Class:      2.06 MB capacity,     1.87 MB ( 91%) used,   187.38 KB (  9%) free+waste,    11.25 KB ( <1%) overhead. 
       Both:     17.92 MB capacity,    17.31 MB ( 97%) used,   586.04 KB (  3%) free+waste,    36.56 KB ( <1%) overhead. 

Virtual space:
  Non-class space:       16.00 MB reserved,      16.00 MB (100%) committed 
      Class space:        1.00 GB reserved,       2.13 MB ( <1%) committed 
             Both:        1.02 GB reserved,      18.13 MB (  2%) committed 

Chunk freelists:
   Non-Class:  20.00 KB
       Class:  30.00 KB
        Both:  50.00 KB

MaxMetaspaceSize: 17179869184.00 GB
CompressedClassSpaceSize: 1.00 GB

CodeHeap 'non-profiled nmethods': size=120000Kb used=2333Kb max_used=2818Kb free=117666Kb
 bounds [0x0000020e77b00000, 0x0000020e77dd0000, 0x0000020e7f030000]
CodeHeap 'profiled nmethods': size=120000Kb used=8902Kb max_used=10662Kb free=111097Kb
 bounds [0x0000020e705d0000, 0x0000020e71040000, 0x0000020e77b00000]
CodeHeap 'non-nmethods': size=5760Kb used=1219Kb max_used=1282Kb free=4540Kb
 bounds [0x0000020e70030000, 0x0000020e702a0000, 0x0000020e705d0000]
 total_blobs=6702 nmethods=3989 adapters=394
 compilation: enabled
              stopped_count=0, restarted_count=0
 full_count=0

Compilation events (20 events):
Event: 15.412 Thread 0x0000020e08f23800 4661       3       java.lang.reflect.Field::getFieldAccessor (16 bytes)
Event: 15.412 Thread 0x0000020e08f23800 nmethod 4661 0x0000020e708cdb10 code [0x0000020e708cdca0, 0x0000020e708cde38]
Event: 15.412 Thread 0x0000020e08f23800 4662       3       jdk.internal.reflect.ReflectionFactory::newFieldAccessor (44 bytes)
Event: 15.413 Thread 0x0000020e08f23800 nmethod 4662 0x0000020e70917790 code [0x0000020e70917960, 0x0000020e70917d38]
Event: 15.413 Thread 0x0000020e08f23800 4663       3       java.lang.reflect.Field::getRoot (5 bytes)
Event: 15.413 Thread 0x0000020e08f23800 nmethod 4663 0x0000020e7093ba90 code [0x0000020e7093bc20, 0x0000020e7093bd58]
Event: 15.419 Thread 0x0000020e08f23800 4664       3       java.util.jar.JarFile::getManifestFromReference (125 bytes)
Event: 15.420 Thread 0x0000020e08f23800 nmethod 4664 0x0000020e705d6690 code [0x0000020e705d6920, 0x0000020e705d7848]
Event: 15.468 Thread 0x0000020e08f23800 4666       3       org.codehaus.plexus.util.SelectorUtils::tokenizePath (38 bytes)
Event: 15.469 Thread 0x0000020e08f23800 nmethod 4666 0x0000020e705fd090 code [0x0000020e705fd2e0, 0x0000020e705fde88]
Event: 15.469 Thread 0x0000020e08f23800 4667       3       org.codehaus.plexus.util.SelectorUtils::match (534 bytes)
Event: 15.472 Thread 0x0000020e08f23800 nmethod 4667 0x0000020e70b03610 code [0x0000020e70b03980, 0x0000020e70b05718]
Event: 15.472 Thread 0x0000020e08f23800 4671       3       org.codehaus.plexus.util.SelectorUtils::matchAntPathPattern (566 bytes)
Event: 15.475 Thread 0x0000020e08f23800 nmethod 4671 0x0000020e705e9910 code [0x0000020e705e9d20, 0x0000020e705ec588]
Event: 15.475 Thread 0x0000020e08f23800 4669       3       org.codehaus.plexus.util.AbstractScanner::matchPath (7 bytes)
Event: 15.475 Thread 0x0000020e08f23800 nmethod 4669 0x0000020e70941290 code [0x0000020e70941420, 0x0000020e70941528]
Event: 15.475 Thread 0x0000020e08f23800 4670       3       org.codehaus.plexus.util.SelectorUtils::matchPath (129 bytes)
Event: 15.477 Thread 0x0000020e08f23800 nmethod 4670 0x0000020e708d8890 code [0x0000020e708d8c60, 0x0000020e708da458]
Event: 15.484 Thread 0x0000020e08f23800 4673       3       org.codehaus.plexus.util.SelectorUtils::equals (37 bytes)
Event: 15.484 Thread 0x0000020e08f23800 nmethod 4673 0x0000020e7084fe10 code [0x0000020e7084ffe0, 0x0000020e70850258]

GC Heap History (8 events):
Event: 1.365 GC heap before
{Heap before GC invocations=0 (full 0):
 garbage-first heap   total 194560K, used 13312K [0x0000000742200000, 0x0000000800000000)
  region size 1024K, 13 young (13312K), 0 survivors (0K)
 Metaspace       used 3969K, capacity 6215K, committed 6400K, reserved 1056768K
  class space    used 412K, capacity 651K, committed 768K, reserved 1048576K
}
Event: 1.372 GC heap after
{Heap after GC invocations=1 (full 0):
 garbage-first heap   total 194560K, used 3696K [0x0000000742200000, 0x0000000800000000)
  region size 1024K, 2 young (2048K), 2 survivors (2048K)
 Metaspace       used 3969K, capacity 6215K, committed 6400K, reserved 1056768K
  class space    used 412K, capacity 651K, committed 768K, reserved 1048576K
}
Event: 2.153 GC heap before
{Heap before GC invocations=1 (full 0):
 garbage-first heap   total 194560K, used 17008K [0x0000000742200000, 0x0000000800000000)
  region size 1024K, 15 young (15360K), 2 survivors (2048K)
 Metaspace       used 6198K, capacity 7961K, committed 8192K, reserved 1056768K
  class space    used 725K, capacity 913K, committed 1024K, reserved 1048576K
}
Event: 2.157 GC heap after
{Heap after GC invocations=2 (full 0):
 garbage-first heap   total 194560K, used 4456K [0x0000000742200000, 0x0000000800000000)
  region size 1024K, 1 young (1024K), 1 survivors (1024K)
 Metaspace       used 6198K, capacity 7961K, committed 8192K, reserved 1056768K
  class space    used 725K, capacity 913K, committed 1024K, reserved 1048576K
}
Event: 3.586 GC heap before
{Heap before GC invocations=2 (full 0):
 garbage-first heap   total 194560K, used 28008K [0x0000000742200000, 0x0000000800000000)
  region size 1024K, 25 young (25600K), 1 survivors (1024K)
 Metaspace       used 9603K, capacity 10996K, committed 11136K, reserved 1058816K
  class space    used 1150K, capacity 1344K, committed 1408K, reserved 1048576K
}
Event: 3.589 GC heap after
{Heap after GC invocations=3 (full 0):
 garbage-first heap   total 194560K, used 5401K [0x0000000742200000, 0x0000000800000000)
  region size 1024K, 2 young (2048K), 2 survivors (2048K)
 Metaspace       used 9603K, capacity 10996K, committed 11136K, reserved 1058816K
  class space    used 1150K, capacity 1344K, committed 1408K, reserved 1048576K
}
Event: 10.900 GC heap before
{Heap before GC invocations=3 (full 0):
 garbage-first heap   total 194560K, used 120089K [0x0000000742200000, 0x0000000800000000)
  region size 1024K, 114 young (116736K), 2 survivors (2048K)
 Metaspace       used 14956K, capacity 15674K, committed 16000K, reserved 1062912K
  class space    used 1631K, capacity 1820K, committed 1920K, reserved 1048576K
}
Event: 10.915 GC heap after
{Heap after GC invocations=4 (full 0):
 garbage-first heap   total 194560K, used 12883K [0x0000000742200000, 0x0000000800000000)
  region size 1024K, 9 young (9216K), 9 survivors (9216K)
 Metaspace       used 14956K, capacity 15674K, committed 16000K, reserved 1062912K
  class space    used 1631K, capacity 1820K, committed 1920K, reserved 1048576K
}

Deoptimization events (20 events):
Event: 13.873 Thread 0x0000020e67894800 Uncommon trap: trap_request=0xffffffde fr.pc=0x0000020e77c2f230 relative=0x0000000000000410
Event: 13.873 Thread 0x0000020e67894800 Uncommon trap: reason=class_check action=maybe_recompile pc=0x0000020e77c2f230 method=sun.nio.cs.StreamEncoder.writeBytes()V @ 120 c2
Event: 13.873 Thread 0x0000020e67894800 DEOPT PACKING pc=0x0000020e77c2f230 sp=0x0000009eea2fdb10
Event: 13.873 Thread 0x0000020e67894800 DEOPT UNPACKING pc=0x0000020e7007912f sp=0x0000009eea2fdaf0 mode 2
Event: 14.258 Thread 0x0000020e67894800 DEOPT PACKING pc=0x0000020e70c5939e sp=0x0000009eea2fc8c0
Event: 14.258 Thread 0x0000020e67894800 DEOPT UNPACKING pc=0x0000020e7007964e sp=0x0000009eea2fbd68 mode 0
Event: 15.190 Thread 0x0000020e67894800 DEOPT PACKING pc=0x0000020e7081e6ca sp=0x0000009eea2fd060
Event: 15.190 Thread 0x0000020e67894800 DEOPT UNPACKING pc=0x0000020e7007964e sp=0x0000009eea2fc4f8 mode 0
Event: 15.199 Thread 0x0000020e67894800 DEOPT PACKING pc=0x0000020e7081e6ca sp=0x0000009eea2fd0b0
Event: 15.199 Thread 0x0000020e67894800 DEOPT UNPACKING pc=0x0000020e7007964e sp=0x0000009eea2fc548 mode 0
Event: 15.205 Thread 0x0000020e67894800 DEOPT PACKING pc=0x0000020e7081e6ca sp=0x0000009eea2fd060
Event: 15.205 Thread 0x0000020e67894800 DEOPT UNPACKING pc=0x0000020e7007964e sp=0x0000009eea2fc4f8 mode 0
Event: 15.406 Thread 0x0000020e67894800 Uncommon trap: trap_request=0xffffffde fr.pc=0x0000020e77bdfa0c relative=0x000000000000004c
Event: 15.406 Thread 0x0000020e67894800 Uncommon trap: reason=class_check action=maybe_recompile pc=0x0000020e77bdfa0c method=org.eclipse.sisu.inject.Implementations.find(Lcom/google/inject/Binding;)Ljava/lang/Class; @ 4 c2
Event: 15.406 Thread 0x0000020e67894800 DEOPT PACKING pc=0x0000020e77bdfa0c sp=0x0000009eea2fc190
Event: 15.406 Thread 0x0000020e67894800 DEOPT UNPACKING pc=0x0000020e7007912f sp=0x0000009eea2fc118 mode 2
Event: 15.439 Thread 0x0000020e67894800 Uncommon trap: trap_request=0xffffff45 fr.pc=0x0000020e77ccb270 relative=0x00000000000008f0
Event: 15.439 Thread 0x0000020e67894800 Uncommon trap: reason=unstable_if action=reinterpret pc=0x0000020e77ccb270 method=java.util.Properties.load0(Ljava/util/Properties$LineReader;)V @ 144 c2
Event: 15.439 Thread 0x0000020e67894800 DEOPT PACKING pc=0x0000020e77ccb270 sp=0x0000009eea2fdba0
Event: 15.439 Thread 0x0000020e67894800 DEOPT UNPACKING pc=0x0000020e7007912f sp=0x0000009eea2fdb48 mode 2

Classes unloaded (0 events):
No events

Classes redefined (0 events):
No events

Internal exceptions (11 events):
Event: 0.574 Thread 0x0000020e67894800 Exception <a 'java/lang/NoSuchMethodError'{0x000000074dce79e8}: 'int java.lang.invoke.DirectMethodHandle$Holder.invokeSpecialIFC(java.lang.Object, java.lang.Object, int)'> (0x000000074dce79e8) 
thrown [./open/src/hotspot/share/interpreter/linkResolver.cpp, line 766]
Event: 0.682 Thread 0x0000020e67894800 Exception <a 'java/lang/NoSuchMethodError'{0x000000074da16388}: 'java.lang.Object java.lang.invoke.DirectMethodHandle$Holder.invokeStaticInit(java.lang.Object, int, int, int, int)'> (0x000000074da16388) 
thrown [./open/src/hotspot/share/interpreter/linkResolver.cpp, line 766]
Event: 0.803 Thread 0x0000020e67894800 Exception <a 'java/lang/NoSuchMethodError'{0x000000074dac9650}: 'java.lang.Object java.lang.invoke.DirectMethodHandle$Holder.invokeStaticInit(java.lang.Object, java.lang.Object, int, int, int, int)'> (0x000000074dac9650) 
thrown [./open/src/hotspot/share/interpreter/linkResolver.cpp, line 766]
Event: 4.310 Thread 0x0000020e67894800 Exception <a 'java/lang/NoClassDefFoundError'{0x000000074d6aad08}: com/google/inject/servlet/ServletModuleTargetVisitor> (0x000000074d6aad08) 
thrown [./open/src/hotspot/share/classfile/systemDictionary.cpp, line 215]
Event: 4.312 Thread 0x0000020e67894800 Exception <a 'java/lang/NoClassDefFoundError'{0x000000074d6ad8e0}: javax/annotation/Priority> (0x000000074d6ad8e0) 
thrown [./open/src/hotspot/share/classfile/systemDictionary.cpp, line 215]
Event: 5.291 Thread 0x0000020e67894800 Implicit null exception at 0x0000020e77b27724 to 0x0000020e77b28048
Event: 10.259 Thread 0x0000020e67894800 Implicit null exception at 0x0000020e77bb9205 to 0x0000020e77bb941c
Event: 10.262 Thread 0x0000020e67894800 Implicit null exception at 0x0000020e77b85daf to 0x0000020e77b85e2d
Event: 11.001 Thread 0x0000020e67894800 Implicit null exception at 0x0000020e77d13893 to 0x0000020e77d168e8
Event: 11.002 Thread 0x0000020e67894800 Implicit null exception at 0x0000020e77d0ddab to 0x0000020e77d0ecb8
Event: 12.046 Thread 0x0000020e67894800 Implicit null exception at 0x0000020e77cf8964 to 0x0000020e77cf9578

Events (20 events):
Event: 14.102 Thread 0x0000020e08f30000 flushing nmethod 0x0000020e71007410
Event: 14.102 Thread 0x0000020e08f30000 flushing nmethod 0x0000020e7100f410
Event: 14.232 Executing VM operation: ICBufferFull
Event: 14.232 Executing VM operation: ICBufferFull done
Event: 14.460 Thread 0x0000020e0b6ed800 Thread exited: 0x0000020e0b6ed800
Event: 14.478 Loaded shared library C:\Program Files\Java\jdk-14.0.1\bin\zip.dll
Event: 14.582 loading class java/util/jar/JarOutputStream
Event: 14.680 loading class java/util/zip/ZipOutputStream
Event: 14.682 loading class java/util/zip/DeflaterOutputStream
Event: 14.683 loading class java/util/zip/DeflaterOutputStream done
Event: 14.683 loading class java/util/zip/ZipOutputStream done
Event: 14.683 loading class java/util/jar/JarOutputStream done
Event: 14.706 loading class java/lang/IllegalAccessError
Event: 14.706 loading class java/lang/IllegalAccessError done
Event: 15.287 loading class java/util/zip/GZIPInputStream
Event: 15.287 loading class java/util/zip/GZIPInputStream done
Event: 15.318 Executing VM operation: HandshakeAllThreads
Event: 15.318 Executing VM operation: HandshakeAllThreads done
Event: 15.458 loading class java/util/Vector$Itr
Event: 15.458 loading class java/util/Vector$Itr done


Dynamic libraries:
0x00007ff62dae0000 - 0x00007ff62daef000 	C:\Program Files\Java\jdk-14.0.1\bin\java.exe
0x00007ffb3c3e0000 - 0x00007ffb3c5d0000 	C:\WINDOWS\SYSTEM32\ntdll.dll
0x00007ffb3a5f0000 - 0x00007ffb3a6a2000 	C:\WINDOWS\System32\KERNEL32.DLL
0x00007ffb39e50000 - 0x00007ffb3a0f5000 	C:\WINDOWS\System32\KERNELBASE.dll
0x00007ffb3a190000 - 0x00007ffb3a28a000 	C:\WINDOWS\System32\ucrtbase.dll
0x00007ffb2aa30000 - 0x00007ffb2aa45000 	C:\Program Files\Java\jdk-14.0.1\bin\VCRUNTIME140.dll
0x00007ffb2aa50000 - 0x00007ffb2aa68000 	C:\Program Files\Java\jdk-14.0.1\bin\jli.dll
0x00007ffb3bd70000 - 0x00007ffb3be13000 	C:\WINDOWS\System32\ADVAPI32.dll
0x00007ffb3b9c0000 - 0x00007ffb3ba5e000 	C:\WINDOWS\System32\msvcrt.dll
0x00007ffb3b1b0000 - 0x00007ffb3b247000 	C:\WINDOWS\System32\sechost.dll
0x00007ffb3b8a0000 - 0x00007ffb3b9bf000 	C:\WINDOWS\System32\RPCRT4.dll
0x00007ffb3b2c0000 - 0x00007ffb3b454000 	C:\WINDOWS\System32\USER32.dll
0x00007ffb3a100000 - 0x00007ffb3a121000 	C:\WINDOWS\System32\win32u.dll
0x00007ffb3bc50000 - 0x00007ffb3bc76000 	C:\WINDOWS\System32\GDI32.dll
0x00007ffb1f250000 - 0x00007ffb1f4d4000 	C:\WINDOWS\WinSxS\amd64_microsoft.windows.common-controls_6595b64144ccf1df_6.0.18362.1556_none_9e7e372fe45e41d5\COMCTL32.dll
0x00007ffb39cb0000 - 0x00007ffb39e48000 	C:\WINDOWS\System32\gdi32full.dll
0x00007ffb3a3f0000 - 0x00007ffb3a48e000 	C:\WINDOWS\System32\msvcp_win.dll
0x00007ffb3b460000 - 0x00007ffb3b796000 	C:\WINDOWS\System32\combase.dll
0x00007ffb39350000 - 0x00007ffb393d1000 	C:\WINDOWS\System32\bcryptPrimitives.dll
0x00007ffb38e70000 - 0x00007ffb38e7a000 	C:\WINDOWS\SYSTEM32\VERSION.dll
0x00007ffb3b870000 - 0x00007ffb3b89e000 	C:\WINDOWS\System32\IMM32.DLL
0x00007ffaf72a0000 - 0x00007ffaf733b000 	C:\Program Files\Java\jdk-14.0.1\bin\msvcp140.dll
0x00007ffa80870000 - 0x00007ffa8138e000 	C:\Program Files\Java\jdk-14.0.1\bin\server\jvm.dll
0x00007ffb3a5e0000 - 0x00007ffb3a5e8000 	C:\WINDOWS\System32\PSAPI.DLL
0x00007ffb35b60000 - 0x00007ffb35b84000 	C:\WINDOWS\SYSTEM32\WINMM.dll
0x00007ffb16410000 - 0x00007ffb16419000 	C:\WINDOWS\SYSTEM32\WSOCK32.dll
0x00007ffb3b250000 - 0x00007ffb3b2bf000 	C:\WINDOWS\System32\WS2_32.dll
0x00007ffb35ae0000 - 0x00007ffb35b0d000 	C:\WINDOWS\SYSTEM32\winmmbase.dll
0x00007ffb39c30000 - 0x00007ffb39c7a000 	C:\WINDOWS\System32\cfgmgr32.dll
0x00007ffb392a0000 - 0x00007ffb392b1000 	C:\WINDOWS\System32\kernel.appcore.dll
0x00007ffb333b0000 - 0x00007ffb333ba000 	C:\Program Files\Java\jdk-14.0.1\bin\jimage.dll
0x00007ffb37b10000 - 0x00007ffb37d04000 	C:\WINDOWS\SYSTEM32\DBGHELP.DLL
0x00007ffb1c280000 - 0x00007ffb1c2aa000 	C:\WINDOWS\SYSTEM32\dbgcore.DLL
0x00007ffb32a60000 - 0x00007ffb32a6e000 	C:\Program Files\Java\jdk-14.0.1\bin\instrument.dll
0x00007ffb2a080000 - 0x00007ffb2a0a5000 	C:\Program Files\Java\jdk-14.0.1\bin\java.dll
0x00007ffb195b0000 - 0x00007ffb195c6000 	C:\Program Files\Java\jdk-14.0.1\bin\zip.dll
0x00007ffb3a980000 - 0x00007ffb3b067000 	C:\WINDOWS\System32\SHELL32.dll
0x00007ffb3be80000 - 0x00007ffb3bf28000 	C:\WINDOWS\System32\shcore.dll
0x00007ffb393e0000 - 0x00007ffb39b5b000 	C:\WINDOWS\System32\windows.storage.dll
0x00007ffb392c0000 - 0x00007ffb392de000 	C:\WINDOWS\System32\profapi.dll
0x00007ffb39300000 - 0x00007ffb3934a000 	C:\WINDOWS\System32\powrprof.dll
0x00007ffb39290000 - 0x00007ffb392a0000 	C:\WINDOWS\System32\UMPDC.dll
0x00007ffb3be20000 - 0x00007ffb3be72000 	C:\WINDOWS\System32\shlwapi.dll
0x00007ffb39b60000 - 0x00007ffb39b77000 	C:\WINDOWS\System32\cryptsp.dll
0x00007ffb19590000 - 0x00007ffb195a9000 	C:\Program Files\Java\jdk-14.0.1\bin\net.dll
0x00007ffb2ba40000 - 0x00007ffb2bb3a000 	C:\WINDOWS\SYSTEM32\WINHTTP.dll
0x00007ffb38a60000 - 0x00007ffb38ac7000 	C:\WINDOWS\system32\mswsock.dll
0x00007ffb12e80000 - 0x00007ffb12e92000 	C:\Program Files\Java\jdk-14.0.1\bin\nio.dll
0x00007ffb32730000 - 0x00007ffb32740000 	C:\Program Files\Java\jdk-14.0.1\bin\verify.dll
0x00007ffaf9f90000 - 0x00007ffaf9faa000 	E:\IDEA2019\IntelliJ IDEA 2019.3.3\bin\breakgen64.dll
0x00007ffb385e0000 - 0x00007ffb38613000 	C:\WINDOWS\system32\rsaenh.dll
0x00007ffb39c80000 - 0x00007ffb39ca6000 	C:\WINDOWS\System32\bcrypt.dll
0x00007ffb391b0000 - 0x00007ffb391d5000 	C:\WINDOWS\SYSTEM32\USERENV.dll
0x00007ffb38c30000 - 0x00007ffb38c3c000 	C:\WINDOWS\SYSTEM32\CRYPTBASE.dll
0x00007ffb38770000 - 0x00007ffb387aa000 	C:\WINDOWS\SYSTEM32\IPHLPAPI.DLL
0x00007ffb3bac0000 - 0x00007ffb3bac8000 	C:\WINDOWS\System32\NSI.dll
0x00007ffb2c680000 - 0x00007ffb2c696000 	C:\WINDOWS\SYSTEM32\dhcpcsvc6.DLL
0x00007ffb2c5c0000 - 0x00007ffb2c5dc000 	C:\WINDOWS\SYSTEM32\dhcpcsvc.DLL
0x00007ffb387b0000 - 0x00007ffb3887b000 	C:\WINDOWS\SYSTEM32\DNSAPI.dll
0x00007ffb18de0000 - 0x00007ffb18dea000 	D:\Personal\Temp\jansi-1.17.1-1476356010848554295.dll
0x00007ffb12e70000 - 0x00007ffb12e7a000 	D:\Personal\Temp\jansi-1.17.1-16968013036728102471.dll

dbghelp: loaded successfully - version: 4.0.5 - missing functions: none
symbol engine: initialized successfully - sym options: 0x614 - pdb path: .;C:\Program Files\Java\jdk-14.0.1\bin;C:\WINDOWS\SYSTEM32;C:\WINDOWS\WinSxS\amd64_microsoft.windows.common-controls_6595b64144ccf1df_6.0.18362.1556_none_9e7e372fe45e41d5;C:\Program Files\Java\jdk-14.0.1\bin\server;E:\IDEA2019\IntelliJ IDEA 2019.3.3\bin;D:\Personal\Temp

VM Arguments:
jvm_args: -Dmaven.multiModuleProjectDirectory=D:\Personal\Desktop\ÈýÏÂ\consult -Dmaven.home=C:\apache-maven-3.6.3 -Dclassworlds.conf=C:\apache-maven-3.6.3\bin\m2.conf -Dmaven.ext.class.path=E:\IDEA2019\IntelliJ IDEA 2019.3.3\plugins\maven\lib\maven-event-listener.jar -javaagent:E:\IDEA2019\IntelliJ IDEA 2019.3.3\lib\idea_rt.jar=56006:E:\IDEA2019\IntelliJ IDEA 2019.3.3\bin -Dfile.encoding=UTF-8 
java_command: org.codehaus.classworlds.Launcher -Didea.version2019.3.3 package
java_class_path (initial): C:\apache-maven-3.6.3\boot\plexus-classworlds-2.6.0.jar;C:\apache-maven-3.6.3\boot\plexus-classworlds.license
Launcher Type: SUN_STANDARD

[Global flags]
     intx CICompilerCount                          = 3                                         {product} {ergonomic}
     uint ConcGCThreads                            = 1                                         {product} {ergonomic}
     uint G1ConcRefinementThreads                  = 4                                         {product} {ergonomic}
   size_t G1HeapRegionSize                         = 1048576                                   {product} {ergonomic}
    uintx GCDrainStackTargetSize                   = 64                                        {product} {ergonomic}
   size_t InitialHeapSize                          = 199229440                                 {product} {ergonomic}
   size_t MarkStackSize                            = 4194304                                   {product} {ergonomic}
   size_t MaxHeapSize                              = 3185573888                                {product} {ergonomic}
   size_t MaxNewSize                               = 1910505472                                {product} {ergonomic}
   size_t MinHeapDeltaBytes                        = 1048576                                   {product} {ergonomic}
   size_t MinHeapSize                              = 8388608                                   {product} {ergonomic}
    uintx NonNMethodCodeHeapSize                   = 5832780                                {pd product} {ergonomic}
    uintx NonProfiledCodeHeapSize                  = 122912730                              {pd product} {ergonomic}
    uintx ProfiledCodeHeapSize                     = 122912730                              {pd product} {ergonomic}
    uintx ReservedCodeCacheSize                    = 251658240                              {pd product} {ergonomic}
     bool SegmentedCodeCache                       = true                                      {product} {ergonomic}
   size_t SoftMaxHeapSize                          = 3185573888                             {manageable} {ergonomic}
     bool UseCompressedClassPointers               = true                                 {lp64_product} {ergonomic}
     bool UseCompressedOops                        = true                                 {lp64_product} {ergonomic}
     bool UseG1GC                                  = true                                      {product} {ergonomic}
     bool UseLargePagesIndividualAllocation        = false                                  {pd product} {ergonomic}

Logging:
Log output configuration:
 #0: stdout all=warning uptime,level,tags
 #1: stderr all=off uptime,level,tags

Environment Variables:
JAVA_HOME=C:\Program Files\Java\jdk-14.0.1
CLASSPATH=.;C:\Program Files\Java\jdk-10.0.2\lib
PATH=C:\Program Files (x86)\NVIDIA Corporation\PhysX\Common;C:\WINDOWS\system32;C:\WINDOWS;C:\WINDOWS\System32\Wbem;C:\WINDOWS\System32\WindowsPowerShell\v1.0\;C:\Program Files\Java\jdk-10.0.2\bin;D:\Android\android-sdk\platform-tools;D:\Android\apache-ant-1.10.0;C:\Program Files\MySQL\MySQL Server 5.5\bin;C:\Program Files\MySQL\MySQL Server 5.5\bin;C:\cmake3.10.3\bin;C:\Qt\Qt5.8.0\Tools\mingw530_32\bin;C:\WINDOWS\System32\OpenSSH\;C:\Program Files\Intel\WiFi\bin\;C:\Program Files\Common Files\Intel\WirelessCommon\;C:\Program Files (x86)\Tencent\QQ\Bin;C:\Program Files (x86)\Wolfram Research\WolframScript\;C:\Program Files (x86)\NetCDF4Excel;E:\git\Git\cmd;C:\Program Files\Java\jdk-14.0.1\bin;C:\Program Files\Java\jdk-14.0.1\jre\bin;C:\apache-maven-3.6.3\bin;C:\ProgramData\chocolatey\bin;C:\Program Files\nodejs\;C:\Python27;E:\Go\bin;C:\Program Files (x86)\HP\IdrsOCR_15.2.10.1114\;E:\MIKTEX\miktex\bin\x64\;D:\MinGW\bin;E:\PUTTY\;C:\Program Files\Microsoft SQL Server\Client SDK\ODBC\110\Tools\Binn\;C:\Program Files (x86)\Microsoft SQL Server\120\Tools\Binn\;C:\Program Files\Microsoft SQL Server\120\Tools\Binn\;C:\Program Files\Microsoft SQL Server\120\DTS\Binn\;C:\Program Files (x86)\Windows Kits\8.1\Windows Performance Toolkit\;D:\hugo\hugo_0.76.5_Windows-64bit;E:\pyenv\.pyenv\pyenv-win\bin;E:\miniConda3;E:\miniConda3\Library\mingw-w64\bin;E:\miniConda3\Library\usr\bin;E:\miniConda3\Library\bin;E:\miniConda3\Scripts;C:\Users\Mao\AppData\Local\Programs\Python\Python38\Scripts\;C:\Users\Mao\AppData\Local\Programs\Python\Python38\;C:\Users\äÁ·å\AppData\Local\Programs\Python\Python37\Scripts\;C;\Users\äÁ·å\AppData\Local\Programs\Python\Python37\;C;\Users\äÁ·å\AppData\Local\Programs\Python\Python37-32\Scripts\;C;\Users\äÁ·å\AppData\Local\Programs\Python\Python37-32\;%;SERPROFILE%\AppData\Local\Microsoft\WindowsApps;E:\IDEA2019\IntelliJ IDEA 2019.3.3\bin;;C:\Program Files\Intel\WiFi\bin\;C:\Program Files\Common Files\Intel\WirelessCommon\;:\docker\Docker Toolbox;C:\Users\Mao
USERNAME=äÁ·å
OS=Windows_NT
PROCESSOR_IDENTIFIER=Intel64 Family 6 Model 78 Stepping 3, GenuineIntel



---------------  S Y S T E M  ---------------

OS: Windows 10 , 64 bit Build 18362 (10.0.18362.1500)
OS uptime: 3 days 4:20 hours

CPU:total 4 (initial active 4) (2 cores per cpu, 2 threads per core) family 6 model 78 stepping 3, cmov, cx8, fxsr, mmx, sse, sse2, sse3, ssse3, sse4.1, sse4.2, popcnt, avx, avx2, aes, clmul, erms, 3dnowpref, lzcnt, ht, tsc, tscinvbit, bmi1, bmi2, adx, fma

Memory: 4k page, system-wide physical 12147M (2347M free)
TotalPageFile size 21431M (AvailPageFile size 5M)
current process WorkingSet (physical memory assigned to process): 227M, peak: 227M
current process commit charge ("private bytes"): 328M, peak: 329M

vm_info: Java HotSpot(TM) 64-Bit Server VM (14.0.1+7) for windows-amd64 JRE (14.0.1+7), built on Mar  5 2020 10:30:14 by "mach5one" with MS VC++ 15.9 (VS2017)

END.
