#
# There is insufficient memory for the Java Runtime Environment to continue.
# Native memory allocation (malloc) failed to allocate 32744 bytes for ChunkPool::allocate
# Possible reasons:
#   The system is out of physical RAM or swap space
#   The process is running with CompressedOops enabled, and the Java Heap may be blocking the growth of the native heap
# Possible solutions:
#   Reduce memory load on the system
#   Increase physical memory or swap space
#   Check if swap backing store is full
#   Decrease Java heap size (-Xmx/-Xms)
#   Decrease number of Java threads
#   Decrease Java thread stack sizes (-Xss)
#   Set larger code cache with -XX:ReservedCodeCacheSize=
#   JVM is running with Zero Based Compressed Oops mode in which the Java heap is
#     placed in the first 32GB address space. The Java Heap base address is the
#     maximum limit for the native heap growth. Please use -XX:HeapBaseMinAddress
#     to set the Java Heap base and to place the Java Heap above 32GB virtual address.
# This output file may be truncated or incomplete.
#
#  Out of Memory Error (./open/src/hotspot/share/memory/arena.cpp:79), pid=19864, tid=28304
#
# JRE version: Java(TM) SE Runtime Environment (14.0.1+7) (build 14.0.1+7)
# Java VM: Java HotSpot(TM) 64-Bit Server VM (14.0.1+7, mixed mode, sharing, tiered, compressed oops, g1 gc, windows-amd64)
# No core dump will be written. Minidumps are not enabled by default on client versions of Windows
#

---------------  S U M M A R Y ------------

Command Line: -Dmaven.multiModuleProjectDirectory=D:\Personal\Desktop\ÈýÏÂ\consult -Dmaven.home=C:\apache-maven-3.6.3 -Dclassworlds.conf=C:\apache-maven-3.6.3\bin\m2.conf -Dmaven.ext.class.path=E:\IDEA2019\IntelliJ IDEA 2019.3.3\plugins\maven\lib\maven-event-listener.jar -javaagent:E:\IDEA2019\IntelliJ IDEA 2019.3.3\lib\idea_rt.jar=59133:E:\IDEA2019\IntelliJ IDEA 2019.3.3\bin -Dfile.encoding=UTF-8 org.codehaus.classworlds.Launcher -Didea.version2019.3.3 package

Host: Intel(R) Core(TM) i5-6200U CPU @ 2.30GHz, 4 cores, 11G,  Windows 10 , 64 bit Build 18362 (10.0.18362.1500)
Time: Sat Sep 18 22:33:06 2021 ?D1¨²¡À¨º¡Á?¨º¡À?? elapsed time: 18 seconds (0d 0h 0m 18s)

---------------  T H R E A D  ---------------

Current thread (0x0000025d3301d000):  JavaThread "C2 CompilerThread0" daemon [_thread_in_native, id=28304, stack(0x000000d6a6500000,0x000000d6a6600000)]


Current CompileTask:
C2:  18420 4611   !   4       com.google.inject.spi.InjectionPoint::getInjectionPoints (489 bytes)

Stack: [0x000000d6a6500000,0x000000d6a6600000]
Native frames: (J=compiled Java code, j=interpreted, Vv=VM code, C=native code)
V  [jvm.dll+0x5f840a]
V  [jvm.dll+0x741e4a]
V  [jvm.dll+0x7435ff]
V  [jvm.dll+0x743c43]
V  [jvm.dll+0x20d288]
V  [jvm.dll+0xabea6]
V  [jvm.dll+0xabc7d]
V  [jvm.dll+0x72bb0f]
V  [jvm.dll+0x4fe66f]
V  [jvm.dll+0x4fdb39]
V  [jvm.dll+0x4fd18e]
V  [jvm.dll+0x4fd1a1]
V  [jvm.dll+0x4fd1a1]
V  [jvm.dll+0x4fd1a1]
V  [jvm.dll+0x4fd1a1]
V  [jvm.dll+0x4fd1a1]
V  [jvm.dll+0x4fd1a1]
V  [jvm.dll+0x4fd155]
V  [jvm.dll+0x4fd1a1]
V  [jvm.dll+0x50d170]
V  [jvm.dll+0x1ee036]
V  [jvm.dll+0x1e77c9]
V  [jvm.dll+0x1e4f98]
V  [jvm.dll+0x1779cc]
V  [jvm.dll+0x1f4105]
V  [jvm.dll+0x1f22eb]
V  [jvm.dll+0x706a9d]
V  [jvm.dll+0x6ff8ba]
V  [jvm.dll+0x5f72c6]
C  [ucrtbase.dll+0x210b2]
C  [KERNEL32.DLL+0x17c24]
C  [ntdll.dll+0x6d721]


---------------  P R O C E S S  ---------------

Threads class SMR info:
_java_thread_list=0x0000025d348d3b80, length=13, elements={
0x0000025d11a5a000, 0x0000025d32ff6000, 0x0000025d32ff7800, 0x0000025d3301a000,
0x0000025d3301b000, 0x0000025d3301c000, 0x0000025d3301d000, 0x0000025d33023800,
0x0000025d3309f000, 0x0000025d3315e000, 0x0000025d331f4000, 0x0000025d331f5000,
0x0000025d34044800
}

Java Threads: ( => current thread )
  0x0000025d11a5a000 JavaThread "main" [_thread_in_native, id=19136, stack(0x000000d6a5900000,0x000000d6a5a00000)]
  0x0000025d32ff6000 JavaThread "Reference Handler" daemon [_thread_blocked, id=25320, stack(0x000000d6a6000000,0x000000d6a6100000)]
  0x0000025d32ff7800 JavaThread "Finalizer" daemon [_thread_blocked, id=31196, stack(0x000000d6a6100000,0x000000d6a6200000)]
  0x0000025d3301a000 JavaThread "Signal Dispatcher" daemon [_thread_blocked, id=32452, stack(0x000000d6a6200000,0x000000d6a6300000)]
  0x0000025d3301b000 JavaThread "Attach Listener" daemon [_thread_blocked, id=7180, stack(0x000000d6a6300000,0x000000d6a6400000)]
  0x0000025d3301c000 JavaThread "Service Thread" daemon [_thread_blocked, id=31160, stack(0x000000d6a6400000,0x000000d6a6500000)]
=>0x0000025d3301d000 JavaThread "C2 CompilerThread0" daemon [_thread_in_native, id=28304, stack(0x000000d6a6500000,0x000000d6a6600000)]
  0x0000025d33023800 JavaThread "C1 CompilerThread0" daemon [_thread_blocked, id=32596, stack(0x000000d6a6600000,0x000000d6a6700000)]
  0x0000025d3309f000 JavaThread "Sweeper thread" daemon [_thread_blocked, id=26024, stack(0x000000d6a6700000,0x000000d6a6800000)]
  0x0000025d3315e000 JavaThread "Common-Cleaner" daemon [_thread_blocked, id=27328, stack(0x000000d6a6800000,0x000000d6a6900000)]
  0x0000025d331f4000 JavaThread "Monitor Ctrl-Break" daemon [_thread_in_native, id=33784, stack(0x000000d6a6900000,0x000000d6a6a00000)]
  0x0000025d331f5000 JavaThread "Notification Thread" daemon [_thread_blocked, id=6120, stack(0x000000d6a6a00000,0x000000d6a6b00000)]
  0x0000025d34044800 JavaThread "C2 CompilerThread1" daemon [_thread_in_native, id=9800, stack(0x000000d6a7000000,0x000000d6a7100000)]

Other Threads:
  0x0000025d32ff0800 VMThread "VM Thread" [stack: 0x000000d6a5f00000,0x000000d6a6000000] [id=19016]
  0x0000025d331f6000 WatcherThread [stack: 0x000000d6a6b00000,0x000000d6a6c00000] [id=29356]
  0x0000025d11aac000 GCTaskThread "GC Thread#0" [stack: 0x000000d6a5a00000,0x000000d6a5b00000] [id=20968]
  0x0000025d33814800 GCTaskThread "GC Thread#1" [stack: 0x000000d6a6c00000,0x000000d6a6d00000] [id=18776]
  0x0000025d33815000 GCTaskThread "GC Thread#2" [stack: 0x000000d6a6d00000,0x000000d6a6e00000] [id=21768]
  0x0000025d33691000 GCTaskThread "GC Thread#3" [stack: 0x000000d6a6e00000,0x000000d6a6f00000] [id=33080]
  0x0000025d11ac5000 ConcurrentGCThread "G1 Main Marker" [stack: 0x000000d6a5b00000,0x000000d6a5c00000] [id=32468]
  0x0000025d11ac7800 ConcurrentGCThread "G1 Conc#0" [stack: 0x000000d6a5c00000,0x000000d6a5d00000] [id=10940]
  0x0000025d32664800 ConcurrentGCThread "G1 Refine#0" [stack: 0x000000d6a5d00000,0x000000d6a5e00000] [id=32652]
  0x0000025d33216000 ConcurrentGCThread "G1 Refine#1" [stack: 0x000000d6a6f00000,0x000000d6a7000000] [id=19876]
  0x0000025d32665800 ConcurrentGCThread "G1 Young RemSet Sampling" [stack: 0x000000d6a5e00000,0x000000d6a5f00000] [id=11224]

Threads with active compile tasks:
C2 CompilerThread0    18538 4611   !   4       com.google.inject.spi.InjectionPoint::getInjectionPoints (489 bytes)
C2 CompilerThread1    18538 4640       4       java.util.StringTokenizer::hasMoreTokens (29 bytes)

VM state:not at safepoint (normal execution)

VM Mutex/Monitor currently owned by a thread: None

Heap address: 0x0000000742200000, size: 3038 MB, Compressed Oops mode: Zero based, Oop shift amount: 3
Narrow klass base: 0x0000000800000000, Narrow klass shift: 3
Compressed class space size: 1073741824 Address: 0x0000000800b30000

Heap:
 garbage-first heap   total 194560K, used 106033K [0x0000000742200000, 0x0000000800000000)
  region size 1024K, 101 young (103424K), 9 survivors (9216K)
 Metaspace       used 17736K, capacity 18350K, committed 18560K, reserved 1064960K
  class space    used 1914K, capacity 2114K, committed 2176K, reserved 1048576K
Heap Regions: E=young(eden), S=young(survivor), O=old, HS=humongous(starts), HC=humongous(continues), CS=collection set, F=free, OA=open archive, CA=closed archive, TAMS=top-at-mark-start (previous, next)
|   0|0x0000000742200000, 0x0000000742300000, 0x0000000742300000|100%| O|  |TAMS 0x0000000742200000, 0x0000000742200000| Untracked 
|   1|0x0000000742300000, 0x0000000742400000, 0x0000000742400000|100%| O|  |TAMS 0x0000000742300000, 0x0000000742300000| Untracked 
|   2|0x0000000742400000, 0x0000000742500000, 0x0000000742500000|100%| O|  |TAMS 0x0000000742400000, 0x0000000742400000| Untracked 
|   3|0x0000000742500000, 0x0000000742598600, 0x0000000742600000| 59%| O|  |TAMS 0x0000000742500000, 0x0000000742500000| Untracked 
|   4|0x0000000742600000, 0x0000000742600000, 0x0000000742700000|  0%| F|  |TAMS 0x0000000742600000, 0x0000000742600000| Untracked 
|   5|0x0000000742700000, 0x0000000742700000, 0x0000000742800000|  0%| F|  |TAMS 0x0000000742700000, 0x0000000742700000| Untracked 
|   6|0x0000000742800000, 0x0000000742800000, 0x0000000742900000|  0%| F|  |TAMS 0x0000000742800000, 0x0000000742800000| Untracked 
|   7|0x0000000742900000, 0x0000000742900000, 0x0000000742a00000|  0%| F|  |TAMS 0x0000000742900000, 0x0000000742900000| Untracked 
|   8|0x0000000742a00000, 0x0000000742a00000, 0x0000000742b00000|  0%| F|  |TAMS 0x0000000742a00000, 0x0000000742a00000| Untracked 
|   9|0x0000000742b00000, 0x0000000742b00000, 0x0000000742c00000|  0%| F|  |TAMS 0x0000000742b00000, 0x0000000742b00000| Untracked 
|  10|0x0000000742c00000, 0x0000000742c00000, 0x0000000742d00000|  0%| F|  |TAMS 0x0000000742c00000, 0x0000000742c00000| Untracked 
|  11|0x0000000742d00000, 0x0000000742d00000, 0x0000000742e00000|  0%| F|  |TAMS 0x0000000742d00000, 0x0000000742d00000| Untracked 
|  12|0x0000000742e00000, 0x0000000742e00000, 0x0000000742f00000|  0%| F|  |TAMS 0x0000000742e00000, 0x0000000742e00000| Untracked 
|  13|0x0000000742f00000, 0x0000000742f00000, 0x0000000743000000|  0%| F|  |TAMS 0x0000000742f00000, 0x0000000742f00000| Untracked 
|  14|0x0000000743000000, 0x0000000743000000, 0x0000000743100000|  0%| F|  |TAMS 0x0000000743000000, 0x0000000743000000| Untracked 
|  15|0x0000000743100000, 0x0000000743100000, 0x0000000743200000|  0%| F|  |TAMS 0x0000000743100000, 0x0000000743100000| Untracked 
|  16|0x0000000743200000, 0x0000000743200000, 0x0000000743300000|  0%| F|  |TAMS 0x0000000743200000, 0x0000000743200000| Untracked 
|  17|0x0000000743300000, 0x0000000743300000, 0x0000000743400000|  0%| F|  |TAMS 0x0000000743300000, 0x0000000743300000| Untracked 
|  18|0x0000000743400000, 0x0000000743400000, 0x0000000743500000|  0%| F|  |TAMS 0x0000000743400000, 0x0000000743400000| Untracked 
|  19|0x0000000743500000, 0x0000000743500000, 0x0000000743600000|  0%| F|  |TAMS 0x0000000743500000, 0x0000000743500000| Untracked 
|  20|0x0000000743600000, 0x0000000743600000, 0x0000000743700000|  0%| F|  |TAMS 0x0000000743600000, 0x0000000743600000| Untracked 
|  21|0x0000000743700000, 0x0000000743700000, 0x0000000743800000|  0%| F|  |TAMS 0x0000000743700000, 0x0000000743700000| Untracked 
|  22|0x0000000743800000, 0x0000000743800000, 0x0000000743900000|  0%| F|  |TAMS 0x0000000743800000, 0x0000000743800000| Untracked 
|  23|0x0000000743900000, 0x0000000743900000, 0x0000000743a00000|  0%| F|  |TAMS 0x0000000743900000, 0x0000000743900000| Untracked 
|  24|0x0000000743a00000, 0x0000000743a00000, 0x0000000743b00000|  0%| F|  |TAMS 0x0000000743a00000, 0x0000000743a00000| Untracked 
|  25|0x0000000743b00000, 0x0000000743b00000, 0x0000000743c00000|  0%| F|  |TAMS 0x0000000743b00000, 0x0000000743b00000| Untracked 
|  26|0x0000000743c00000, 0x0000000743c00000, 0x0000000743d00000|  0%| F|  |TAMS 0x0000000743c00000, 0x0000000743c00000| Untracked 
|  27|0x0000000743d00000, 0x0000000743d00000, 0x0000000743e00000|  0%| F|  |TAMS 0x0000000743d00000, 0x0000000743d00000| Untracked 
|  28|0x0000000743e00000, 0x0000000743e00000, 0x0000000743f00000|  0%| F|  |TAMS 0x0000000743e00000, 0x0000000743e00000| Untracked 
|  29|0x0000000743f00000, 0x0000000743f00000, 0x0000000744000000|  0%| F|  |TAMS 0x0000000743f00000, 0x0000000743f00000| Untracked 
|  30|0x0000000744000000, 0x0000000744000000, 0x0000000744100000|  0%| F|  |TAMS 0x0000000744000000, 0x0000000744000000| Untracked 
|  31|0x0000000744100000, 0x0000000744100000, 0x0000000744200000|  0%| F|  |TAMS 0x0000000744100000, 0x0000000744100000| Untracked 
|  32|0x0000000744200000, 0x0000000744200000, 0x0000000744300000|  0%| F|  |TAMS 0x0000000744200000, 0x0000000744200000| Untracked 
|  33|0x0000000744300000, 0x0000000744300000, 0x0000000744400000|  0%| F|  |TAMS 0x0000000744300000, 0x0000000744300000| Untracked 
|  34|0x0000000744400000, 0x0000000744400000, 0x0000000744500000|  0%| F|  |TAMS 0x0000000744400000, 0x0000000744400000| Untracked 
|  35|0x0000000744500000, 0x0000000744500000, 0x0000000744600000|  0%| F|  |TAMS 0x0000000744500000, 0x0000000744500000| Untracked 
|  36|0x0000000744600000, 0x0000000744600000, 0x0000000744700000|  0%| F|  |TAMS 0x0000000744600000, 0x0000000744600000| Untracked 
|  37|0x0000000744700000, 0x0000000744700000, 0x0000000744800000|  0%| F|  |TAMS 0x0000000744700000, 0x0000000744700000| Untracked 
|  38|0x0000000744800000, 0x0000000744800000, 0x0000000744900000|  0%| F|  |TAMS 0x0000000744800000, 0x0000000744800000| Untracked 
|  39|0x0000000744900000, 0x0000000744900000, 0x0000000744a00000|  0%| F|  |TAMS 0x0000000744900000, 0x0000000744900000| Untracked 
|  40|0x0000000744a00000, 0x0000000744a00000, 0x0000000744b00000|  0%| F|  |TAMS 0x0000000744a00000, 0x0000000744a00000| Untracked 
|  41|0x0000000744b00000, 0x0000000744b00000, 0x0000000744c00000|  0%| F|  |TAMS 0x0000000744b00000, 0x0000000744b00000| Untracked 
|  42|0x0000000744c00000, 0x0000000744c00000, 0x0000000744d00000|  0%| F|  |TAMS 0x0000000744c00000, 0x0000000744c00000| Untracked 
|  43|0x0000000744d00000, 0x0000000744d00000, 0x0000000744e00000|  0%| F|  |TAMS 0x0000000744d00000, 0x0000000744d00000| Untracked 
|  44|0x0000000744e00000, 0x0000000744e00000, 0x0000000744f00000|  0%| F|  |TAMS 0x0000000744e00000, 0x0000000744e00000| Untracked 
|  45|0x0000000744f00000, 0x0000000744f00000, 0x0000000745000000|  0%| F|  |TAMS 0x0000000744f00000, 0x0000000744f00000| Untracked 
|  46|0x0000000745000000, 0x0000000745000000, 0x0000000745100000|  0%| F|  |TAMS 0x0000000745000000, 0x0000000745000000| Untracked 
|  47|0x0000000745100000, 0x0000000745100000, 0x0000000745200000|  0%| F|  |TAMS 0x0000000745100000, 0x0000000745100000| Untracked 
|  48|0x0000000745200000, 0x0000000745200000, 0x0000000745300000|  0%| F|  |TAMS 0x0000000745200000, 0x0000000745200000| Untracked 
|  49|0x0000000745300000, 0x0000000745300000, 0x0000000745400000|  0%| F|  |TAMS 0x0000000745300000, 0x0000000745300000| Untracked 
|  50|0x0000000745400000, 0x0000000745400000, 0x0000000745500000|  0%| F|  |TAMS 0x0000000745400000, 0x0000000745400000| Untracked 
|  51|0x0000000745500000, 0x0000000745500000, 0x0000000745600000|  0%| F|  |TAMS 0x0000000745500000, 0x0000000745500000| Untracked 
|  52|0x0000000745600000, 0x0000000745600000, 0x0000000745700000|  0%| F|  |TAMS 0x0000000745600000, 0x0000000745600000| Untracked 
|  53|0x0000000745700000, 0x0000000745700000, 0x0000000745800000|  0%| F|  |TAMS 0x0000000745700000, 0x0000000745700000| Untracked 
|  54|0x0000000745800000, 0x0000000745800000, 0x0000000745900000|  0%| F|  |TAMS 0x0000000745800000, 0x0000000745800000| Untracked 
|  55|0x0000000745900000, 0x0000000745900000, 0x0000000745a00000|  0%| F|  |TAMS 0x0000000745900000, 0x0000000745900000| Untracked 
|  56|0x0000000745a00000, 0x0000000745a00000, 0x0000000745b00000|  0%| F|  |TAMS 0x0000000745a00000, 0x0000000745a00000| Untracked 
|  57|0x0000000745b00000, 0x0000000745b00000, 0x0000000745c00000|  0%| F|  |TAMS 0x0000000745b00000, 0x0000000745b00000| Untracked 
|  58|0x0000000745c00000, 0x0000000745c00000, 0x0000000745d00000|  0%| F|  |TAMS 0x0000000745c00000, 0x0000000745c00000| Untracked 
|  59|0x0000000745d00000, 0x0000000745d00000, 0x0000000745e00000|  0%| F|  |TAMS 0x0000000745d00000, 0x0000000745d00000| Untracked 
|  60|0x0000000745e00000, 0x0000000745e00000, 0x0000000745f00000|  0%| F|  |TAMS 0x0000000745e00000, 0x0000000745e00000| Untracked 
|  61|0x0000000745f00000, 0x0000000745f00000, 0x0000000746000000|  0%| F|  |TAMS 0x0000000745f00000, 0x0000000745f00000| Untracked 
|  62|0x0000000746000000, 0x0000000746000000, 0x0000000746100000|  0%| F|  |TAMS 0x0000000746000000, 0x0000000746000000| Untracked 
|  63|0x0000000746100000, 0x0000000746100000, 0x0000000746200000|  0%| F|  |TAMS 0x0000000746100000, 0x0000000746100000| Untracked 
|  64|0x0000000746200000, 0x0000000746200000, 0x0000000746300000|  0%| F|  |TAMS 0x0000000746200000, 0x0000000746200000| Untracked 
|  65|0x0000000746300000, 0x0000000746300000, 0x0000000746400000|  0%| F|  |TAMS 0x0000000746300000, 0x0000000746300000| Untracked 
|  66|0x0000000746400000, 0x0000000746400000, 0x0000000746500000|  0%| F|  |TAMS 0x0000000746400000, 0x0000000746400000| Untracked 
|  67|0x0000000746500000, 0x00000007465f3e58, 0x0000000746600000| 95%| S|CS|TAMS 0x0000000746500000, 0x0000000746500000| Complete 
|  68|0x0000000746600000, 0x0000000746700000, 0x0000000746700000|100%| S|CS|TAMS 0x0000000746600000, 0x0000000746600000| Complete 
|  69|0x0000000746700000, 0x0000000746800000, 0x0000000746800000|100%| S|CS|TAMS 0x0000000746700000, 0x0000000746700000| Complete 
|  70|0x0000000746800000, 0x0000000746900000, 0x0000000746900000|100%| S|CS|TAMS 0x0000000746800000, 0x0000000746800000| Complete 
|  71|0x0000000746900000, 0x0000000746a00000, 0x0000000746a00000|100%| S|CS|TAMS 0x0000000746900000, 0x0000000746900000| Complete 
|  72|0x0000000746a00000, 0x0000000746b00000, 0x0000000746b00000|100%| S|CS|TAMS 0x0000000746a00000, 0x0000000746a00000| Complete 
|  73|0x0000000746b00000, 0x0000000746c00000, 0x0000000746c00000|100%| S|CS|TAMS 0x0000000746b00000, 0x0000000746b00000| Complete 
|  74|0x0000000746c00000, 0x0000000746d00000, 0x0000000746d00000|100%| S|CS|TAMS 0x0000000746c00000, 0x0000000746c00000| Complete 
|  75|0x0000000746d00000, 0x0000000746e00000, 0x0000000746e00000|100%| S|CS|TAMS 0x0000000746d00000, 0x0000000746d00000| Complete 
|  76|0x0000000746e00000, 0x0000000746e00000, 0x0000000746f00000|  0%| F|  |TAMS 0x0000000746e00000, 0x0000000746e00000| Untracked 
|  77|0x0000000746f00000, 0x0000000746f00000, 0x0000000747000000|  0%| F|  |TAMS 0x0000000746f00000, 0x0000000746f00000| Untracked 
|  78|0x0000000747000000, 0x0000000747000000, 0x0000000747100000|  0%| F|  |TAMS 0x0000000747000000, 0x0000000747000000| Untracked 
|  79|0x0000000747100000, 0x0000000747100000, 0x0000000747200000|  0%| F|  |TAMS 0x0000000747100000, 0x0000000747100000| Untracked 
|  80|0x0000000747200000, 0x0000000747200000, 0x0000000747300000|  0%| F|  |TAMS 0x0000000747200000, 0x0000000747200000| Untracked 
|  81|0x0000000747300000, 0x0000000747300000, 0x0000000747400000|  0%| F|  |TAMS 0x0000000747300000, 0x0000000747300000| Untracked 
|  82|0x0000000747400000, 0x0000000747400000, 0x0000000747500000|  0%| F|  |TAMS 0x0000000747400000, 0x0000000747400000| Untracked 
|  83|0x0000000747500000, 0x0000000747500000, 0x0000000747600000|  0%| F|  |TAMS 0x0000000747500000, 0x0000000747500000| Untracked 
|  84|0x0000000747600000, 0x0000000747600000, 0x0000000747700000|  0%| F|  |TAMS 0x0000000747600000, 0x0000000747600000| Untracked 
|  85|0x0000000747700000, 0x0000000747700000, 0x0000000747800000|  0%| F|  |TAMS 0x0000000747700000, 0x0000000747700000| Untracked 
|  86|0x0000000747800000, 0x0000000747800000, 0x0000000747900000|  0%| F|  |TAMS 0x0000000747800000, 0x0000000747800000| Untracked 
|  87|0x0000000747900000, 0x0000000747900000, 0x0000000747a00000|  0%| F|  |TAMS 0x0000000747900000, 0x0000000747900000| Untracked 
|  88|0x0000000747a00000, 0x0000000747a00000, 0x0000000747b00000|  0%| F|  |TAMS 0x0000000747a00000, 0x0000000747a00000| Untracked 
|  89|0x0000000747b00000, 0x0000000747b00000, 0x0000000747c00000|  0%| F|  |TAMS 0x0000000747b00000, 0x0000000747b00000| Untracked 
|  90|0x0000000747c00000, 0x0000000747c00000, 0x0000000747d00000|  0%| F|  |TAMS 0x0000000747c00000, 0x0000000747c00000| Untracked 
|  91|0x0000000747d00000, 0x0000000747d00000, 0x0000000747e00000|  0%| F|  |TAMS 0x0000000747d00000, 0x0000000747d00000| Untracked 
|  92|0x0000000747e00000, 0x0000000747e00000, 0x0000000747f00000|  0%| F|  |TAMS 0x0000000747e00000, 0x0000000747e00000| Untracked 
|  93|0x0000000747f00000, 0x0000000747f00000, 0x0000000748000000|  0%| F|  |TAMS 0x0000000747f00000, 0x0000000747f00000| Untracked 
|  94|0x0000000748000000, 0x0000000748000000, 0x0000000748100000|  0%| F|  |TAMS 0x0000000748000000, 0x0000000748000000| Untracked 
|  95|0x0000000748100000, 0x0000000748100000, 0x0000000748200000|  0%| F|  |TAMS 0x0000000748100000, 0x0000000748100000| Untracked 
|  96|0x0000000748200000, 0x0000000748200000, 0x0000000748300000|  0%| F|  |TAMS 0x0000000748200000, 0x0000000748200000| Untracked 
|  97|0x0000000748300000, 0x0000000748300000, 0x0000000748400000|  0%| F|  |TAMS 0x0000000748300000, 0x0000000748300000| Untracked 
|  98|0x0000000748400000, 0x0000000748500000, 0x0000000748500000|100%| E|  |TAMS 0x0000000748400000, 0x0000000748400000| Complete 
|  99|0x0000000748500000, 0x0000000748600000, 0x0000000748600000|100%| E|CS|TAMS 0x0000000748500000, 0x0000000748500000| Complete 
| 100|0x0000000748600000, 0x0000000748700000, 0x0000000748700000|100%| E|CS|TAMS 0x0000000748600000, 0x0000000748600000| Complete 
| 101|0x0000000748700000, 0x0000000748800000, 0x0000000748800000|100%| E|CS|TAMS 0x0000000748700000, 0x0000000748700000| Complete 
| 102|0x0000000748800000, 0x0000000748900000, 0x0000000748900000|100%| E|CS|TAMS 0x0000000748800000, 0x0000000748800000| Complete 
| 103|0x0000000748900000, 0x0000000748a00000, 0x0000000748a00000|100%| E|CS|TAMS 0x0000000748900000, 0x0000000748900000| Complete 
| 104|0x0000000748a00000, 0x0000000748b00000, 0x0000000748b00000|100%| E|CS|TAMS 0x0000000748a00000, 0x0000000748a00000| Complete 
| 105|0x0000000748b00000, 0x0000000748c00000, 0x0000000748c00000|100%| E|CS|TAMS 0x0000000748b00000, 0x0000000748b00000| Complete 
| 106|0x0000000748c00000, 0x0000000748d00000, 0x0000000748d00000|100%| E|CS|TAMS 0x0000000748c00000, 0x0000000748c00000| Complete 
| 107|0x0000000748d00000, 0x0000000748e00000, 0x0000000748e00000|100%| E|CS|TAMS 0x0000000748d00000, 0x0000000748d00000| Complete 
| 108|0x0000000748e00000, 0x0000000748f00000, 0x0000000748f00000|100%| E|CS|TAMS 0x0000000748e00000, 0x0000000748e00000| Complete 
| 109|0x0000000748f00000, 0x0000000749000000, 0x0000000749000000|100%| E|CS|TAMS 0x0000000748f00000, 0x0000000748f00000| Complete 
| 110|0x0000000749000000, 0x0000000749100000, 0x0000000749100000|100%| E|CS|TAMS 0x0000000749000000, 0x0000000749000000| Complete 
| 111|0x0000000749100000, 0x0000000749200000, 0x0000000749200000|100%| E|CS|TAMS 0x0000000749100000, 0x0000000749100000| Complete 
| 112|0x0000000749200000, 0x0000000749300000, 0x0000000749300000|100%| E|CS|TAMS 0x0000000749200000, 0x0000000749200000| Complete 
| 113|0x0000000749300000, 0x0000000749400000, 0x0000000749400000|100%| E|CS|TAMS 0x0000000749300000, 0x0000000749300000| Complete 
| 114|0x0000000749400000, 0x0000000749500000, 0x0000000749500000|100%| E|CS|TAMS 0x0000000749400000, 0x0000000749400000| Complete 
| 115|0x0000000749500000, 0x0000000749600000, 0x0000000749600000|100%| E|CS|TAMS 0x0000000749500000, 0x0000000749500000| Complete 
| 116|0x0000000749600000, 0x0000000749700000, 0x0000000749700000|100%| E|CS|TAMS 0x0000000749600000, 0x0000000749600000| Complete 
| 117|0x0000000749700000, 0x0000000749800000, 0x0000000749800000|100%| E|CS|TAMS 0x0000000749700000, 0x0000000749700000| Complete 
| 118|0x0000000749800000, 0x0000000749900000, 0x0000000749900000|100%| E|CS|TAMS 0x0000000749800000, 0x0000000749800000| Complete 
| 119|0x0000000749900000, 0x0000000749a00000, 0x0000000749a00000|100%| E|CS|TAMS 0x0000000749900000, 0x0000000749900000| Complete 
| 120|0x0000000749a00000, 0x0000000749b00000, 0x0000000749b00000|100%| E|CS|TAMS 0x0000000749a00000, 0x0000000749a00000| Complete 
| 121|0x0000000749b00000, 0x0000000749c00000, 0x0000000749c00000|100%| E|CS|TAMS 0x0000000749b00000, 0x0000000749b00000| Complete 
| 122|0x0000000749c00000, 0x0000000749d00000, 0x0000000749d00000|100%| E|CS|TAMS 0x0000000749c00000, 0x0000000749c00000| Complete 
| 123|0x0000000749d00000, 0x0000000749e00000, 0x0000000749e00000|100%| E|CS|TAMS 0x0000000749d00000, 0x0000000749d00000| Complete 
| 124|0x0000000749e00000, 0x0000000749f00000, 0x0000000749f00000|100%| E|CS|TAMS 0x0000000749e00000, 0x0000000749e00000| Complete 
| 125|0x0000000749f00000, 0x000000074a000000, 0x000000074a000000|100%| E|CS|TAMS 0x0000000749f00000, 0x0000000749f00000| Complete 
| 126|0x000000074a000000, 0x000000074a100000, 0x000000074a100000|100%| E|CS|TAMS 0x000000074a000000, 0x000000074a000000| Complete 
| 127|0x000000074a100000, 0x000000074a200000, 0x000000074a200000|100%| E|CS|TAMS 0x000000074a100000, 0x000000074a100000| Complete 
| 128|0x000000074a200000, 0x000000074a300000, 0x000000074a300000|100%| E|CS|TAMS 0x000000074a200000, 0x000000074a200000| Complete 
| 129|0x000000074a300000, 0x000000074a400000, 0x000000074a400000|100%| E|CS|TAMS 0x000000074a300000, 0x000000074a300000| Complete 
| 130|0x000000074a400000, 0x000000074a500000, 0x000000074a500000|100%| E|CS|TAMS 0x000000074a400000, 0x000000074a400000| Complete 
| 131|0x000000074a500000, 0x000000074a600000, 0x000000074a600000|100%| E|CS|TAMS 0x000000074a500000, 0x000000074a500000| Complete 
| 132|0x000000074a600000, 0x000000074a700000, 0x000000074a700000|100%| E|CS|TAMS 0x000000074a600000, 0x000000074a600000| Complete 
| 133|0x000000074a700000, 0x000000074a800000, 0x000000074a800000|100%| E|CS|TAMS 0x000000074a700000, 0x000000074a700000| Complete 
| 134|0x000000074a800000, 0x000000074a900000, 0x000000074a900000|100%| E|CS|TAMS 0x000000074a800000, 0x000000074a800000| Complete 
| 135|0x000000074a900000, 0x000000074aa00000, 0x000000074aa00000|100%| E|CS|TAMS 0x000000074a900000, 0x000000074a900000| Complete 
| 136|0x000000074aa00000, 0x000000074ab00000, 0x000000074ab00000|100%| E|CS|TAMS 0x000000074aa00000, 0x000000074aa00000| Complete 
| 137|0x000000074ab00000, 0x000000074ac00000, 0x000000074ac00000|100%| E|CS|TAMS 0x000000074ab00000, 0x000000074ab00000| Complete 
| 138|0x000000074ac00000, 0x000000074ad00000, 0x000000074ad00000|100%| E|CS|TAMS 0x000000074ac00000, 0x000000074ac00000| Complete 
| 139|0x000000074ad00000, 0x000000074ae00000, 0x000000074ae00000|100%| E|CS|TAMS 0x000000074ad00000, 0x000000074ad00000| Complete 
| 140|0x000000074ae00000, 0x000000074af00000, 0x000000074af00000|100%| E|CS|TAMS 0x000000074ae00000, 0x000000074ae00000| Complete 
| 141|0x000000074af00000, 0x000000074b000000, 0x000000074b000000|100%| E|CS|TAMS 0x000000074af00000, 0x000000074af00000| Complete 
| 142|0x000000074b000000, 0x000000074b100000, 0x000000074b100000|100%| E|CS|TAMS 0x000000074b000000, 0x000000074b000000| Complete 
| 143|0x000000074b100000, 0x000000074b200000, 0x000000074b200000|100%| E|CS|TAMS 0x000000074b100000, 0x000000074b100000| Complete 
| 144|0x000000074b200000, 0x000000074b300000, 0x000000074b300000|100%| E|CS|TAMS 0x000000074b200000, 0x000000074b200000| Complete 
| 145|0x000000074b300000, 0x000000074b400000, 0x000000074b400000|100%| E|CS|TAMS 0x000000074b300000, 0x000000074b300000| Complete 
| 146|0x000000074b400000, 0x000000074b500000, 0x000000074b500000|100%| E|CS|TAMS 0x000000074b400000, 0x000000074b400000| Complete 
| 147|0x000000074b500000, 0x000000074b600000, 0x000000074b600000|100%| E|CS|TAMS 0x000000074b500000, 0x000000074b500000| Complete 
| 148|0x000000074b600000, 0x000000074b700000, 0x000000074b700000|100%| E|CS|TAMS 0x000000074b600000, 0x000000074b600000| Complete 
| 149|0x000000074b700000, 0x000000074b800000, 0x000000074b800000|100%| E|CS|TAMS 0x000000074b700000, 0x000000074b700000| Complete 
| 150|0x000000074b800000, 0x000000074b900000, 0x000000074b900000|100%| E|CS|TAMS 0x000000074b800000, 0x000000074b800000| Complete 
| 151|0x000000074b900000, 0x000000074ba00000, 0x000000074ba00000|100%| E|CS|TAMS 0x000000074b900000, 0x000000074b900000| Complete 
| 152|0x000000074ba00000, 0x000000074bb00000, 0x000000074bb00000|100%| E|CS|TAMS 0x000000074ba00000, 0x000000074ba00000| Complete 
| 153|0x000000074bb00000, 0x000000074bc00000, 0x000000074bc00000|100%| E|CS|TAMS 0x000000074bb00000, 0x000000074bb00000| Complete 
| 154|0x000000074bc00000, 0x000000074bd00000, 0x000000074bd00000|100%| E|CS|TAMS 0x000000074bc00000, 0x000000074bc00000| Complete 
| 155|0x000000074bd00000, 0x000000074be00000, 0x000000074be00000|100%| E|CS|TAMS 0x000000074bd00000, 0x000000074bd00000| Complete 
| 156|0x000000074be00000, 0x000000074bf00000, 0x000000074bf00000|100%| E|CS|TAMS 0x000000074be00000, 0x000000074be00000| Complete 
| 157|0x000000074bf00000, 0x000000074c000000, 0x000000074c000000|100%| E|CS|TAMS 0x000000074bf00000, 0x000000074bf00000| Complete 
| 158|0x000000074c000000, 0x000000074c100000, 0x000000074c100000|100%| E|CS|TAMS 0x000000074c000000, 0x000000074c000000| Complete 
| 159|0x000000074c100000, 0x000000074c200000, 0x000000074c200000|100%| E|CS|TAMS 0x000000074c100000, 0x000000074c100000| Complete 
| 160|0x000000074c200000, 0x000000074c300000, 0x000000074c300000|100%| E|CS|TAMS 0x000000074c200000, 0x000000074c200000| Complete 
| 161|0x000000074c300000, 0x000000074c400000, 0x000000074c400000|100%| E|CS|TAMS 0x000000074c300000, 0x000000074c300000| Complete 
| 162|0x000000074c400000, 0x000000074c500000, 0x000000074c500000|100%| E|CS|TAMS 0x000000074c400000, 0x000000074c400000| Complete 
| 163|0x000000074c500000, 0x000000074c600000, 0x000000074c600000|100%| E|CS|TAMS 0x000000074c500000, 0x000000074c500000| Complete 
| 164|0x000000074c600000, 0x000000074c700000, 0x000000074c700000|100%| E|CS|TAMS 0x000000074c600000, 0x000000074c600000| Complete 
| 165|0x000000074c700000, 0x000000074c800000, 0x000000074c800000|100%| E|CS|TAMS 0x000000074c700000, 0x000000074c700000| Complete 
| 166|0x000000074c800000, 0x000000074c900000, 0x000000074c900000|100%| E|CS|TAMS 0x000000074c800000, 0x000000074c800000| Complete 
| 167|0x000000074c900000, 0x000000074ca00000, 0x000000074ca00000|100%| E|CS|TAMS 0x000000074c900000, 0x000000074c900000| Complete 
| 168|0x000000074ca00000, 0x000000074cb00000, 0x000000074cb00000|100%| E|CS|TAMS 0x000000074ca00000, 0x000000074ca00000| Complete 
| 169|0x000000074cb00000, 0x000000074cc00000, 0x000000074cc00000|100%| E|CS|TAMS 0x000000074cb00000, 0x000000074cb00000| Complete 
| 170|0x000000074cc00000, 0x000000074cd00000, 0x000000074cd00000|100%| E|CS|TAMS 0x000000074cc00000, 0x000000074cc00000| Complete 
| 171|0x000000074cd00000, 0x000000074ce00000, 0x000000074ce00000|100%| E|CS|TAMS 0x000000074cd00000, 0x000000074cd00000| Complete 
| 172|0x000000074ce00000, 0x000000074cf00000, 0x000000074cf00000|100%| E|CS|TAMS 0x000000074ce00000, 0x000000074ce00000| Complete 
| 173|0x000000074cf00000, 0x000000074d000000, 0x000000074d000000|100%| E|CS|TAMS 0x000000074cf00000, 0x000000074cf00000| Complete 
| 174|0x000000074d000000, 0x000000074d100000, 0x000000074d100000|100%| E|CS|TAMS 0x000000074d000000, 0x000000074d000000| Complete 
| 175|0x000000074d100000, 0x000000074d200000, 0x000000074d200000|100%| E|CS|TAMS 0x000000074d100000, 0x000000074d100000| Complete 
| 176|0x000000074d200000, 0x000000074d300000, 0x000000074d300000|100%| E|CS|TAMS 0x000000074d200000, 0x000000074d200000| Complete 
| 177|0x000000074d300000, 0x000000074d400000, 0x000000074d400000|100%| E|CS|TAMS 0x000000074d300000, 0x000000074d300000| Complete 
| 178|0x000000074d400000, 0x000000074d500000, 0x000000074d500000|100%| E|CS|TAMS 0x000000074d400000, 0x000000074d400000| Complete 
| 179|0x000000074d500000, 0x000000074d600000, 0x000000074d600000|100%| E|CS|TAMS 0x000000074d500000, 0x000000074d500000| Complete 
| 180|0x000000074d600000, 0x000000074d700000, 0x000000074d700000|100%| E|CS|TAMS 0x000000074d600000, 0x000000074d600000| Complete 
| 181|0x000000074d700000, 0x000000074d800000, 0x000000074d800000|100%| E|CS|TAMS 0x000000074d700000, 0x000000074d700000| Complete 
| 182|0x000000074d800000, 0x000000074d900000, 0x000000074d900000|100%| E|CS|TAMS 0x000000074d800000, 0x000000074d800000| Complete 
| 183|0x000000074d900000, 0x000000074da00000, 0x000000074da00000|100%| E|CS|TAMS 0x000000074d900000, 0x000000074d900000| Complete 
| 184|0x000000074da00000, 0x000000074db00000, 0x000000074db00000|100%| E|CS|TAMS 0x000000074da00000, 0x000000074da00000| Complete 
| 185|0x000000074db00000, 0x000000074dc00000, 0x000000074dc00000|100%| E|CS|TAMS 0x000000074db00000, 0x000000074db00000| Complete 
| 186|0x000000074dc00000, 0x000000074dd00000, 0x000000074dd00000|100%| E|CS|TAMS 0x000000074dc00000, 0x000000074dc00000| Complete 
| 187|0x000000074dd00000, 0x000000074de00000, 0x000000074de00000|100%| E|CS|TAMS 0x000000074dd00000, 0x000000074dd00000| Complete 
| 188|0x000000074de00000, 0x000000074df00000, 0x000000074df00000|100%| E|CS|TAMS 0x000000074de00000, 0x000000074de00000| Complete 
| 189|0x000000074df00000, 0x000000074e000000, 0x000000074e000000|100%| E|CS|TAMS 0x000000074df00000, 0x000000074df00000| Complete 

Card table byte_map: [0x0000025d297e0000,0x0000025d29dd0000] _byte_map_base: 0x0000025d25dcf000

Marking Bits (Prev, Next): (CMBitMap*) 0x0000025d0f89e768, (CMBitMap*) 0x0000025d0f89e7a8
 Prev Bits: [0x0000025d2a3c0000, 0x0000025d2d338000)
 Next Bits: [0x0000025d2d340000, 0x0000025d302b8000)

Polling page: 0x0000025d0f9d0000

Metaspace:

Usage:
  Non-class:     15.86 MB capacity,    15.45 MB ( 97%) used,   388.59 KB (  2%) free+waste,    25.31 KB ( <1%) overhead. 
      Class:      2.06 MB capacity,     1.87 MB ( 91%) used,   188.03 KB (  9%) free+waste,    11.25 KB ( <1%) overhead. 
       Both:     17.92 MB capacity,    17.32 MB ( 97%) used,   576.62 KB (  3%) free+waste,    36.56 KB ( <1%) overhead. 

Virtual space:
  Non-class space:       16.00 MB reserved,      16.00 MB (100%) committed 
      Class space:        1.00 GB reserved,       2.13 MB ( <1%) committed 
             Both:        1.02 GB reserved,      18.13 MB (  2%) committed 

Chunk freelists:
   Non-Class:  20.00 KB
       Class:  30.00 KB
        Both:  50.00 KB

MaxMetaspaceSize: 17179869184.00 GB
CompressedClassSpaceSize: 1.00 GB

CodeHeap 'non-profiled nmethods': size=120000Kb used=2383Kb max_used=2879Kb free=117616Kb
 bounds [0x0000025d21cc0000, 0x0000025d21f90000, 0x0000025d291f0000]
CodeHeap 'profiled nmethods': size=120000Kb used=9000Kb max_used=10605Kb free=110999Kb
 bounds [0x0000025d1a790000, 0x0000025d1b1f0000, 0x0000025d21cc0000]
CodeHeap 'non-nmethods': size=5760Kb used=1219Kb max_used=1271Kb free=4541Kb
 bounds [0x0000025d1a1f0000, 0x0000025d1a460000, 0x0000025d1a790000]
 total_blobs=6627 nmethods=3973 adapters=394
 compilation: enabled
              stopped_count=0, restarted_count=0
 full_count=0

Compilation events (20 events):
Event: 18.313 Thread 0x0000025d33023800 4626       3       com.google.common.collect.AbstractSetMultimap::createUnmodifiableEmptyCollection (5 bytes)
Event: 18.313 Thread 0x0000025d33023800 nmethod 4626 0x0000025d1ad81610 code [0x0000025d1ad817c0, 0x0000025d1ad81a38]
Event: 18.313 Thread 0x0000025d33023800 4627       3       com.google.common.collect.AbstractSetMultimap::createUnmodifiableEmptyCollection (4 bytes)
Event: 18.313 Thread 0x0000025d33023800 nmethod 4627 0x0000025d1ada4490 code [0x0000025d1ada4620, 0x0000025d1ada4798]
Event: 18.316 Thread 0x0000025d33023800 4629       3       org.eclipse.sisu.inject.MildKeys::get (14 bytes)
Event: 18.316 Thread 0x0000025d33023800 nmethod 4629 0x0000025d1a7f6090 code [0x0000025d1a7f6280, 0x0000025d1a7f6748]
Event: 18.316 Thread 0x0000025d33023800 4630       3       org.eclipse.sisu.inject.MildKeys::tempKey (10 bytes)
Event: 18.317 Thread 0x0000025d33023800 nmethod 4630 0x0000025d1ac09d10 code [0x0000025d1ac09ee0, 0x0000025d1ac0a388]
Event: 18.342 Thread 0x0000025d33023800 4631       3       jdk.internal.misc.Unsafe::objectFieldOffset (18 bytes)
Event: 18.342 Thread 0x0000025d33023800 nmethod 4631 0x0000025d1aaa9790 code [0x0000025d1aaa9940, 0x0000025d1aaa9b98]
Event: 18.343 Thread 0x0000025d33023800 4633       3       java.lang.reflect.Modifier::isVolatile (13 bytes)
Event: 18.343 Thread 0x0000025d33023800 nmethod 4633 0x0000025d1aaf8a10 code [0x0000025d1aaf8ba0, 0x0000025d1aaf8cd8]
Event: 18.343 Thread 0x0000025d33023800 4634       3       java.lang.reflect.Field::getFieldAccessor (16 bytes)
Event: 18.343 Thread 0x0000025d33023800 nmethod 4634 0x0000025d1ac8ea10 code [0x0000025d1ac8eba0, 0x0000025d1ac8ed38]
Event: 18.343 Thread 0x0000025d33023800 4635       3       jdk.internal.reflect.ReflectionFactory::newFieldAccessor (44 bytes)
Event: 18.344 Thread 0x0000025d33023800 nmethod 4635 0x0000025d1ace1f10 code [0x0000025d1ace20e0, 0x0000025d1ace24b8]
Event: 18.344 Thread 0x0000025d33023800 4636       3       jdk.internal.reflect.UnsafeFieldAccessorImpl::<init> (56 bytes)
Event: 18.345 Thread 0x0000025d33023800 nmethod 4636 0x0000025d1a97c410 code [0x0000025d1a97c640, 0x0000025d1a97ce58]
Event: 18.357 Thread 0x0000025d33023800 4637       3       java.util.jar.JarFile::getManifestFromReference (125 bytes)
Event: 18.358 Thread 0x0000025d33023800 nmethod 4637 0x0000025d1a7bb210 code [0x0000025d1a7bb4a0, 0x0000025d1a7bc3c8]

GC Heap History (8 events):
Event: 1.147 GC heap before
{Heap before GC invocations=0 (full 0):
 garbage-first heap   total 194560K, used 13312K [0x0000000742200000, 0x0000000800000000)
  region size 1024K, 13 young (13312K), 0 survivors (0K)
 Metaspace       used 4002K, capacity 6279K, committed 6400K, reserved 1056768K
  class space    used 414K, capacity 651K, committed 768K, reserved 1048576K
}
Event: 1.155 GC heap after
{Heap after GC invocations=1 (full 0):
 garbage-first heap   total 194560K, used 3662K [0x0000000742200000, 0x0000000800000000)
  region size 1024K, 2 young (2048K), 2 survivors (2048K)
 Metaspace       used 4002K, capacity 6279K, committed 6400K, reserved 1056768K
  class space    used 414K, capacity 651K, committed 768K, reserved 1048576K
}
Event: 1.692 GC heap before
{Heap before GC invocations=1 (full 0):
 garbage-first heap   total 194560K, used 16974K [0x0000000742200000, 0x0000000800000000)
  region size 1024K, 15 young (15360K), 2 survivors (2048K)
 Metaspace       used 6241K, capacity 7961K, committed 8192K, reserved 1056768K
  class space    used 727K, capacity 913K, committed 1024K, reserved 1048576K
}
Event: 1.696 GC heap after
{Heap after GC invocations=2 (full 0):
 garbage-first heap   total 194560K, used 4346K [0x0000000742200000, 0x0000000800000000)
  region size 1024K, 1 young (1024K), 1 survivors (1024K)
 Metaspace       used 6241K, capacity 7961K, committed 8192K, reserved 1056768K
  class space    used 727K, capacity 913K, committed 1024K, reserved 1048576K
}
Event: 2.591 GC heap before
{Heap before GC invocations=2 (full 0):
 garbage-first heap   total 194560K, used 27898K [0x0000000742200000, 0x0000000800000000)
  region size 1024K, 25 young (25600K), 1 survivors (1024K)
 Metaspace       used 9620K, capacity 10996K, committed 11136K, reserved 1058816K
  class space    used 1152K, capacity 1344K, committed 1408K, reserved 1048576K
}
Event: 2.594 GC heap after
{Heap after GC invocations=3 (full 0):
 garbage-first heap   total 194560K, used 5315K [0x0000000742200000, 0x0000000800000000)
  region size 1024K, 2 young (2048K), 2 survivors (2048K)
 Metaspace       used 9620K, capacity 10996K, committed 11136K, reserved 1058816K
  class space    used 1152K, capacity 1344K, committed 1408K, reserved 1048576K
}
Event: 10.150 GC heap before
{Heap before GC invocations=3 (full 0):
 garbage-first heap   total 194560K, used 120003K [0x0000000742200000, 0x0000000800000000)
  region size 1024K, 114 young (116736K), 2 survivors (2048K)
 Metaspace       used 14891K, capacity 15610K, committed 15744K, reserved 1062912K
  class space    used 1631K, capacity 1820K, committed 1920K, reserved 1048576K
}
Event: 10.166 GC heap after
{Heap after GC invocations=4 (full 0):
 garbage-first heap   total 194560K, used 12849K [0x0000000742200000, 0x0000000800000000)
  region size 1024K, 9 young (9216K), 9 survivors (9216K)
 Metaspace       used 14891K, capacity 15610K, committed 15744K, reserved 1062912K
  class space    used 1631K, capacity 1820K, committed 1920K, reserved 1048576K
}

Deoptimization events (20 events):
Event: 14.407 Thread 0x0000025d11a5a000 DEOPT PACKING pc=0x0000025d21dfb610 sp=0x000000d6a59fd920
Event: 14.407 Thread 0x0000025d11a5a000 DEOPT UNPACKING pc=0x0000025d1a23912f sp=0x000000d6a59fd8a8 mode 2
Event: 14.407 Thread 0x0000025d11a5a000 Uncommon trap: trap_request=0xffffff45 fr.pc=0x0000025d21df3060 relative=0x00000000000001c0
Event: 14.407 Thread 0x0000025d11a5a000 Uncommon trap: reason=unstable_if action=reinterpret pc=0x0000025d21df3060 method=java.lang.String.valueOf(C)Ljava/lang/String; @ 10 c2
Event: 14.407 Thread 0x0000025d11a5a000 DEOPT PACKING pc=0x0000025d21df3060 sp=0x000000d6a59fd8d0
Event: 14.407 Thread 0x0000025d11a5a000 DEOPT UNPACKING pc=0x0000025d1a23912f sp=0x000000d6a59fd890 mode 2
Event: 14.889 Thread 0x0000025d11a5a000 Uncommon trap: trap_request=0xffffffde fr.pc=0x0000025d21df7b30 relative=0x0000000000000410
Event: 14.889 Thread 0x0000025d11a5a000 Uncommon trap: reason=class_check action=maybe_recompile pc=0x0000025d21df7b30 method=sun.nio.cs.StreamEncoder.writeBytes()V @ 120 c2
Event: 14.889 Thread 0x0000025d11a5a000 DEOPT PACKING pc=0x0000025d21df7b30 sp=0x000000d6a59fd940
Event: 14.889 Thread 0x0000025d11a5a000 DEOPT UNPACKING pc=0x0000025d1a23912f sp=0x000000d6a59fd920 mode 2
Event: 18.046 Thread 0x0000025d11a5a000 DEOPT PACKING pc=0x0000025d1a9f4db2 sp=0x000000d6a59fce90
Event: 18.046 Thread 0x0000025d11a5a000 DEOPT UNPACKING pc=0x0000025d1a23964e sp=0x000000d6a59fc328 mode 0
Event: 18.056 Thread 0x0000025d11a5a000 DEOPT PACKING pc=0x0000025d1a9f4db2 sp=0x000000d6a59fcee0
Event: 18.057 Thread 0x0000025d11a5a000 DEOPT UNPACKING pc=0x0000025d1a23964e sp=0x000000d6a59fc378 mode 0
Event: 18.063 Thread 0x0000025d11a5a000 DEOPT PACKING pc=0x0000025d1a9f4db2 sp=0x000000d6a59fce90
Event: 18.064 Thread 0x0000025d11a5a000 DEOPT UNPACKING pc=0x0000025d1a23964e sp=0x000000d6a59fc328 mode 0
Event: 18.374 Thread 0x0000025d11a5a000 Uncommon trap: trap_request=0xffffff45 fr.pc=0x0000025d21f58170 relative=0x00000000000008f0
Event: 18.374 Thread 0x0000025d11a5a000 Uncommon trap: reason=unstable_if action=reinterpret pc=0x0000025d21f58170 method=java.util.Properties.load0(Ljava/util/Properties$LineReader;)V @ 144 c2
Event: 18.374 Thread 0x0000025d11a5a000 DEOPT PACKING pc=0x0000025d21f58170 sp=0x000000d6a59fd9d0
Event: 18.374 Thread 0x0000025d11a5a000 DEOPT UNPACKING pc=0x0000025d1a23912f sp=0x000000d6a59fd978 mode 2

Classes unloaded (0 events):
No events

Classes redefined (0 events):
No events

Internal exceptions (12 events):
Event: 0.411 Thread 0x0000025d11a5a000 Exception <a 'java/lang/NoSuchMethodError'{0x000000074dce7b68}: 'int java.lang.invoke.DirectMethodHandle$Holder.invokeSpecialIFC(java.lang.Object, java.lang.Object, int)'> (0x000000074dce7b68) 
thrown [./open/src/hotspot/share/interpreter/linkResolver.cpp, line 766]
Event: 0.506 Thread 0x0000025d11a5a000 Exception <a 'java/lang/NoSuchMethodError'{0x000000074da16e20}: 'java.lang.Object java.lang.invoke.DirectMethodHandle$Holder.invokeStaticInit(java.lang.Object, int, int, int, int)'> (0x000000074da16e20) 
thrown [./open/src/hotspot/share/interpreter/linkResolver.cpp, line 766]
Event: 0.613 Thread 0x0000025d11a5a000 Exception <a 'java/lang/NoSuchMethodError'{0x000000074dabd6e8}: 'java.lang.Object java.lang.invoke.DirectMethodHandle$Holder.invokeStaticInit(java.lang.Object, java.lang.Object, int, int, int, int)'> (0x000000074dabd6e8) 
thrown [./open/src/hotspot/share/interpreter/linkResolver.cpp, line 766]
Event: 3.079 Thread 0x0000025d11a5a000 Exception <a 'java/lang/NoClassDefFoundError'{0x000000074d6854c0}: com/google/inject/servlet/ServletModuleTargetVisitor> (0x000000074d6854c0) 
thrown [./open/src/hotspot/share/classfile/systemDictionary.cpp, line 215]
Event: 3.079 Thread 0x0000025d11a5a000 Exception <a 'java/lang/NoClassDefFoundError'{0x000000074d688098}: javax/annotation/Priority> (0x000000074d688098) 
thrown [./open/src/hotspot/share/classfile/systemDictionary.cpp, line 215]
Event: 3.485 Thread 0x0000025d11a5a000 Implicit null exception at 0x0000025d21ce8da7 to 0x0000025d21ce96dc
Event: 3.485 Thread 0x0000025d11a5a000 Implicit null exception at 0x0000025d21ce9ea4 to 0x0000025d21cea7c8
Event: 9.408 Thread 0x0000025d11a5a000 Implicit null exception at 0x0000025d21d70ea5 to 0x0000025d21d712f4
Event: 9.412 Thread 0x0000025d11a5a000 Implicit null exception at 0x0000025d21d6b328 to 0x0000025d21d6b624
Event: 10.295 Thread 0x0000025d11a5a000 Implicit null exception at 0x0000025d21ed802c to 0x0000025d21edca1c
Event: 10.296 Thread 0x0000025d11a5a000 Implicit null exception at 0x0000025d21ee3553 to 0x0000025d21ee6060
Event: 11.291 Thread 0x0000025d11a5a000 Implicit null exception at 0x0000025d21ed31e4 to 0x0000025d21ed3df4

Events (20 events):
Event: 15.723 Thread 0x0000025d3309f000 flushing nmethod 0x0000025d1b1b9090
Event: 15.723 Thread 0x0000025d3309f000 flushing nmethod 0x0000025d1b1bb490
Event: 17.347 Loaded shared library C:\Program Files\Java\jdk-14.0.1\bin\zip.dll
Event: 17.466 Thread 0x0000025d34044800 Thread added: 0x0000025d34044800
Event: 17.466 loading class java/util/jar/JarOutputStream
Event: 17.466 loading class java/util/zip/ZipOutputStream
Event: 17.467 loading class java/util/zip/DeflaterOutputStream
Event: 17.467 loading class java/util/zip/DeflaterOutputStream done
Event: 17.467 loading class java/util/zip/ZipOutputStream done
Event: 17.467 loading class java/util/jar/JarOutputStream done
Event: 17.519 loading class java/lang/IllegalAccessError
Event: 17.519 loading class java/lang/IllegalAccessError done
Event: 17.691 Thread 0x0000025d34044800 Thread exited: 0x0000025d34044800
Event: 18.171 loading class java/util/zip/GZIPInputStream
Event: 18.172 loading class java/util/zip/GZIPInputStream done
Event: 18.187 Thread 0x0000025d34044800 Thread added: 0x0000025d34044800
Event: 18.202 Executing VM operation: HandshakeAllThreads
Event: 18.203 Executing VM operation: HandshakeAllThreads done
Event: 18.402 loading class java/util/Vector$Itr
Event: 18.404 loading class java/util/Vector$Itr done


Dynamic libraries:
0x00007ff7be8a0000 - 0x00007ff7be8af000 	C:\Program Files\Java\jdk-14.0.1\bin\java.exe
0x00007ffd61b00000 - 0x00007ffd61cf0000 	C:\WINDOWS\SYSTEM32\ntdll.dll
0x00007ffd5fce0000 - 0x00007ffd5fd92000 	C:\WINDOWS\System32\KERNEL32.DLL
0x00007ffd5f3e0000 - 0x00007ffd5f685000 	C:\WINDOWS\System32\KERNELBASE.dll
0x00007ffd5f9f0000 - 0x00007ffd5faea000 	C:\WINDOWS\System32\ucrtbase.dll
0x00007ffd567f0000 - 0x00007ffd56808000 	C:\Program Files\Java\jdk-14.0.1\bin\jli.dll
0x00007ffd5fc30000 - 0x00007ffd5fcd3000 	C:\WINDOWS\System32\ADVAPI32.dll
0x00007ffd61920000 - 0x00007ffd619be000 	C:\WINDOWS\System32\msvcrt.dll
0x00007ffd60bc0000 - 0x00007ffd60c57000 	C:\WINDOWS\System32\sechost.dll
0x00007ffd60cc0000 - 0x00007ffd60ddf000 	C:\WINDOWS\System32\RPCRT4.dll
0x00007ffd616a0000 - 0x00007ffd61834000 	C:\WINDOWS\System32\USER32.dll
0x00007ffd5f1f0000 - 0x00007ffd5f211000 	C:\WINDOWS\System32\win32u.dll
0x00007ffd619f0000 - 0x00007ffd61a16000 	C:\WINDOWS\System32\GDI32.dll
0x00007ffd5f7f0000 - 0x00007ffd5f988000 	C:\WINDOWS\System32\gdi32full.dll
0x00007ffd5fb10000 - 0x00007ffd5fbae000 	C:\WINDOWS\System32\msvcp_win.dll
0x00007ffd56610000 - 0x00007ffd56625000 	C:\Program Files\Java\jdk-14.0.1\bin\VCRUNTIME140.dll
0x00007ffd5cd50000 - 0x00007ffd5cfd4000 	C:\WINDOWS\WinSxS\amd64_microsoft.windows.common-controls_6595b64144ccf1df_6.0.18362.1556_none_9e7e372fe45e41d5\COMCTL32.dll
0x00007ffd612f0000 - 0x00007ffd61626000 	C:\WINDOWS\System32\combase.dll
0x00007ffd5f250000 - 0x00007ffd5f2d1000 	C:\WINDOWS\System32\bcryptPrimitives.dll
0x00007ffd5e740000 - 0x00007ffd5e74a000 	C:\WINDOWS\SYSTEM32\VERSION.dll
0x00007ffd619c0000 - 0x00007ffd619ee000 	C:\WINDOWS\System32\IMM32.DLL
0x00007ffcf1d80000 - 0x00007ffcf1e1b000 	C:\Program Files\Java\jdk-14.0.1\bin\msvcp140.dll
0x00007ffc98c90000 - 0x00007ffc997ae000 	C:\Program Files\Java\jdk-14.0.1\bin\server\jvm.dll
0x00007ffd61180000 - 0x00007ffd61188000 	C:\WINDOWS\System32\PSAPI.DLL
0x00007ffd38950000 - 0x00007ffd38959000 	C:\WINDOWS\SYSTEM32\WSOCK32.dll
0x00007ffd61630000 - 0x00007ffd6169f000 	C:\WINDOWS\System32\WS2_32.dll
0x00007ffd5c110000 - 0x00007ffd5c134000 	C:\WINDOWS\SYSTEM32\WINMM.dll
0x00007ffd5c0e0000 - 0x00007ffd5c10d000 	C:\WINDOWS\SYSTEM32\winmmbase.dll
0x00007ffd5f2e0000 - 0x00007ffd5f32a000 	C:\WINDOWS\System32\cfgmgr32.dll
0x00007ffd5e9c0000 - 0x00007ffd5e9d1000 	C:\WINDOWS\System32\kernel.appcore.dll
0x00007ffd5a6d0000 - 0x00007ffd5a6da000 	C:\Program Files\Java\jdk-14.0.1\bin\jimage.dll
0x00007ffd5e410000 - 0x00007ffd5e604000 	C:\WINDOWS\SYSTEM32\DBGHELP.DLL
0x00007ffd5e1b0000 - 0x00007ffd5e1da000 	C:\WINDOWS\SYSTEM32\dbgcore.DLL
0x00007ffd567e0000 - 0x00007ffd567ee000 	C:\Program Files\Java\jdk-14.0.1\bin\instrument.dll
0x00007ffd36a50000 - 0x00007ffd36a75000 	C:\Program Files\Java\jdk-14.0.1\bin\java.dll
0x00007ffd51520000 - 0x00007ffd51536000 	C:\Program Files\Java\jdk-14.0.1\bin\zip.dll
0x00007ffd602e0000 - 0x00007ffd609c7000 	C:\WINDOWS\System32\SHELL32.dll
0x00007ffd610d0000 - 0x00007ffd61178000 	C:\WINDOWS\System32\shcore.dll
0x00007ffd5ea70000 - 0x00007ffd5f1eb000 	C:\WINDOWS\System32\windows.storage.dll
0x00007ffd5ea50000 - 0x00007ffd5ea6e000 	C:\WINDOWS\System32\profapi.dll
0x00007ffd5e9e0000 - 0x00007ffd5ea2a000 	C:\WINDOWS\System32\powrprof.dll
0x00007ffd5e9b0000 - 0x00007ffd5e9c0000 	C:\WINDOWS\System32\UMPDC.dll
0x00007ffd61010000 - 0x00007ffd61062000 	C:\WINDOWS\System32\shlwapi.dll
0x00007ffd5faf0000 - 0x00007ffd5fb07000 	C:\WINDOWS\System32\cryptsp.dll
0x00007ffd36a30000 - 0x00007ffd36a49000 	C:\Program Files\Java\jdk-14.0.1\bin\net.dll
0x00007ffd4ec60000 - 0x00007ffd4ed5a000 	C:\WINDOWS\SYSTEM32\WINHTTP.dll
0x00007ffd5dc80000 - 0x00007ffd5dce7000 	C:\WINDOWS\system32\mswsock.dll
0x00007ffd328d0000 - 0x00007ffd328e2000 	C:\Program Files\Java\jdk-14.0.1\bin\nio.dll
0x00007ffd56660000 - 0x00007ffd56670000 	C:\Program Files\Java\jdk-14.0.1\bin\verify.dll
0x00007ffd4c050000 - 0x00007ffd4c06a000 	E:\IDEA2019\IntelliJ IDEA 2019.3.3\bin\breakgen64.dll
0x00007ffd5d7f0000 - 0x00007ffd5d823000 	C:\WINDOWS\system32\rsaenh.dll
0x00007ffd5f220000 - 0x00007ffd5f246000 	C:\WINDOWS\System32\bcrypt.dll
0x00007ffd5e8a0000 - 0x00007ffd5e8c5000 	C:\WINDOWS\SYSTEM32\USERENV.dll
0x00007ffd5df50000 - 0x00007ffd5df5c000 	C:\WINDOWS\SYSTEM32\CRYPTBASE.dll
0x00007ffd5dd70000 - 0x00007ffd5ddaa000 	C:\WINDOWS\SYSTEM32\IPHLPAPI.DLL
0x00007ffd61910000 - 0x00007ffd61918000 	C:\WINDOWS\System32\NSI.dll
0x00007ffd537e0000 - 0x00007ffd537f6000 	C:\WINDOWS\SYSTEM32\dhcpcsvc6.DLL
0x00007ffd537c0000 - 0x00007ffd537dc000 	C:\WINDOWS\SYSTEM32\dhcpcsvc.DLL
0x00007ffd5d9e0000 - 0x00007ffd5daab000 	C:\WINDOWS\SYSTEM32\DNSAPI.dll
0x00007ffd385a0000 - 0x00007ffd385aa000 	D:\Personal\Temp\jansi-1.17.1-3110990049925756121.dll
0x00007ffd37070000 - 0x00007ffd3707a000 	D:\Personal\Temp\jansi-1.17.1-4968932764191331288.dll

dbghelp: loaded successfully - version: 4.0.5 - missing functions: none
symbol engine: initialized successfully - sym options: 0x614 - pdb path: .;C:\Program Files\Java\jdk-14.0.1\bin;C:\WINDOWS\SYSTEM32;C:\WINDOWS\WinSxS\amd64_microsoft.windows.common-controls_6595b64144ccf1df_6.0.18362.1556_none_9e7e372fe45e41d5;C:\Program Files\Java\jdk-14.0.1\bin\server;E:\IDEA2019\IntelliJ IDEA 2019.3.3\bin;D:\Personal\Temp

VM Arguments:
jvm_args: -Dmaven.multiModuleProjectDirectory=D:\Personal\Desktop\ÈýÏÂ\consult -Dmaven.home=C:\apache-maven-3.6.3 -Dclassworlds.conf=C:\apache-maven-3.6.3\bin\m2.conf -Dmaven.ext.class.path=E:\IDEA2019\IntelliJ IDEA 2019.3.3\plugins\maven\lib\maven-event-listener.jar -javaagent:E:\IDEA2019\IntelliJ IDEA 2019.3.3\lib\idea_rt.jar=59133:E:\IDEA2019\IntelliJ IDEA 2019.3.3\bin -Dfile.encoding=UTF-8 
java_command: org.codehaus.classworlds.Launcher -Didea.version2019.3.3 package
java_class_path (initial): C:\apache-maven-3.6.3\boot\plexus-classworlds-2.6.0.jar;C:\apache-maven-3.6.3\boot\plexus-classworlds.license
Launcher Type: SUN_STANDARD

[Global flags]
     intx CICompilerCount                          = 3                                         {product} {ergonomic}
     uint ConcGCThreads                            = 1                                         {product} {ergonomic}
     uint G1ConcRefinementThreads                  = 4                                         {product} {ergonomic}
   size_t G1HeapRegionSize                         = 1048576                                   {product} {ergonomic}
    uintx GCDrainStackTargetSize                   = 64                                        {product} {ergonomic}
   size_t InitialHeapSize                          = 199229440                                 {product} {ergonomic}
   size_t MarkStackSize                            = 4194304                                   {product} {ergonomic}
   size_t MaxHeapSize                              = 3185573888                                {product} {ergonomic}
   size_t MaxNewSize                               = 1910505472                                {product} {ergonomic}
   size_t MinHeapDeltaBytes                        = 1048576                                   {product} {ergonomic}
   size_t MinHeapSize                              = 8388608                                   {product} {ergonomic}
    uintx NonNMethodCodeHeapSize                   = 5832780                                {pd product} {ergonomic}
    uintx NonProfiledCodeHeapSize                  = 122912730                              {pd product} {ergonomic}
    uintx ProfiledCodeHeapSize                     = 122912730                              {pd product} {ergonomic}
    uintx ReservedCodeCacheSize                    = 251658240                              {pd product} {ergonomic}
     bool SegmentedCodeCache                       = true                                      {product} {ergonomic}
   size_t SoftMaxHeapSize                          = 3185573888                             {manageable} {ergonomic}
     bool UseCompressedClassPointers               = true                                 {lp64_product} {ergonomic}
     bool UseCompressedOops                        = true                                 {lp64_product} {ergonomic}
     bool UseG1GC                                  = true                                      {product} {ergonomic}
     bool UseLargePagesIndividualAllocation        = false                                  {pd product} {ergonomic}

Logging:
Log output configuration:
 #0: stdout all=warning uptime,level,tags
 #1: stderr all=off uptime,level,tags

Environment Variables:
JAVA_HOME=C:\Program Files\Java\jdk-14.0.1
CLASSPATH=.;C:\Program Files\Java\jdk-10.0.2\lib
PATH=C:\Program Files (x86)\NVIDIA Corporation\PhysX\Common;C:\WINDOWS\system32;C:\WINDOWS;C:\WINDOWS\System32\Wbem;C:\WINDOWS\System32\WindowsPowerShell\v1.0\;C:\Program Files\Java\jdk-10.0.2\bin;D:\Android\android-sdk\platform-tools;D:\Android\apache-ant-1.10.0;C:\Program Files\MySQL\MySQL Server 5.5\bin;C:\Program Files\MySQL\MySQL Server 5.5\bin;C:\cmake3.10.3\bin;C:\Qt\Qt5.8.0\Tools\mingw530_32\bin;C:\WINDOWS\System32\OpenSSH\;C:\Program Files\Intel\WiFi\bin\;C:\Program Files\Common Files\Intel\WirelessCommon\;C:\Program Files (x86)\Tencent\QQ\Bin;C:\Program Files (x86)\Wolfram Research\WolframScript\;C:\Program Files (x86)\NetCDF4Excel;E:\git\Git\cmd;C:\Program Files\Java\jdk-14.0.1\bin;C:\Program Files\Java\jdk-14.0.1\jre\bin;C:\apache-maven-3.6.3\bin;C:\ProgramData\chocolatey\bin;C:\Program Files\nodejs\;C:\Python27;E:\Go\bin;C:\Program Files (x86)\HP\IdrsOCR_15.2.10.1114\;E:\MIKTEX\miktex\bin\x64\;D:\MinGW\bin;E:\PUTTY\;C:\Program Files\Microsoft SQL Server\Client SDK\ODBC\110\Tools\Binn\;C:\Program Files (x86)\Microsoft SQL Server\120\Tools\Binn\;C:\Program Files\Microsoft SQL Server\120\Tools\Binn\;C:\Program Files\Microsoft SQL Server\120\DTS\Binn\;C:\Program Files (x86)\Windows Kits\8.1\Windows Performance Toolkit\;D:\hugo\hugo_0.76.5_Windows-64bit;E:\pyenv\.pyenv\pyenv-win\bin;E:\miniConda3;E:\miniConda3\Library\mingw-w64\bin;E:\miniConda3\Library\usr\bin;E:\miniConda3\Library\bin;E:\miniConda3\Scripts;C:\Users\Mao\AppData\Local\Programs\Python\Python38\Scripts\;C:\Users\Mao\AppData\Local\Programs\Python\Python38\;C:\Users\äÁ·å\AppData\Local\Programs\Python\Python37\Scripts\;C;\Users\äÁ·å\AppData\Local\Programs\Python\Python37\;C;\Users\äÁ·å\AppData\Local\Programs\Python\Python37-32\Scripts\;C;\Users\äÁ·å\AppData\Local\Programs\Python\Python37-32\;%;SERPROFILE%\AppData\Local\Microsoft\WindowsApps;E:\IDEA2019\IntelliJ IDEA 2019.3.3\bin;;C:\Program Files\Intel\WiFi\bin\;C:\Program Files\Common Files\Intel\WirelessCommon\;:\docker\Docker Toolbox;C:\Users\Mao
USERNAME=äÁ·å
OS=Windows_NT
PROCESSOR_IDENTIFIER=Intel64 Family 6 Model 78 Stepping 3, GenuineIntel



---------------  S Y S T E M  ---------------

OS: Windows 10 , 64 bit Build 18362 (10.0.18362.1500)
OS uptime: 4 days 12:58 hours

CPU:total 4 (initial active 4) (2 cores per cpu, 2 threads per core) family 6 model 78 stepping 3, cmov, cx8, fxsr, mmx, sse, sse2, sse3, ssse3, sse4.1, sse4.2, popcnt, avx, avx2, aes, clmul, erms, 3dnowpref, lzcnt, ht, tsc, tscinvbit, bmi1, bmi2, adx, fma

Memory: 4k page, system-wide physical 12147M (1725M free)
TotalPageFile size 22283M (AvailPageFile size 3M)
current process WorkingSet (physical memory assigned to process): 218M, peak: 223M
current process commit charge ("private bytes"): 319M, peak: 325M

vm_info: Java HotSpot(TM) 64-Bit Server VM (14.0.1+7) for windows-amd64 JRE (14.0.1+7), built on Mar  5 2020 10:30:14 by "mach5one" with MS VC++ 15.9 (VS2017)

END.
