#
# There is insufficient memory for the Java Runtime Environment to continue.
# Native memory allocation (malloc) failed to allocate 624976 bytes for Chunk::new
# Possible reasons:
#   The system is out of physical RAM or swap space
#   The process is running with CompressedOops enabled, and the Java Heap may be blocking the growth of the native heap
# Possible solutions:
#   Reduce memory load on the system
#   Increase physical memory or swap space
#   Check if swap backing store is full
#   Decrease Java heap size (-Xmx/-Xms)
#   Decrease number of Java threads
#   Decrease Java thread stack sizes (-Xss)
#   Set larger code cache with -XX:ReservedCodeCacheSize=
#   JVM is running with Zero Based Compressed Oops mode in which the Java heap is
#     placed in the first 32GB address space. The Java Heap base address is the
#     maximum limit for the native heap growth. Please use -XX:HeapBaseMinAddress
#     to set the Java Heap base and to place the Java Heap above 32GB virtual address.
# This output file may be truncated or incomplete.
#
#  Out of Memory Error (./open/src/hotspot/share/memory/arena.cpp:195), pid=34552, tid=34728
#
# JRE version: Java(TM) SE Runtime Environment (14.0.1+7) (build 14.0.1+7)
# Java VM: Java HotSpot(TM) 64-Bit Server VM (14.0.1+7, mixed mode, sharing, tiered, compressed oops, g1 gc, windows-amd64)
# No core dump will be written. Minidumps are not enabled by default on client versions of Windows
#

---------------  S U M M A R Y ------------

Command Line: -Dmaven.multiModuleProjectDirectory=D:\Personal\Desktop\三下\consult -Dmaven.home=C:\apache-maven-3.6.3 -Dclassworlds.conf=C:\apache-maven-3.6.3\bin\m2.conf -Dmaven.ext.class.path=E:\IDEA2019\IntelliJ IDEA 2019.3.3\plugins\maven\lib\maven-event-listener.jar -javaagent:E:\IDEA2019\IntelliJ IDEA 2019.3.3\lib\idea_rt.jar=59302:E:\IDEA2019\IntelliJ IDEA 2019.3.3\bin -Dfile.encoding=UTF-8 org.codehaus.classworlds.Launcher -Didea.version2019.3.3 package

Host: Intel(R) Core(TM) i5-6200U CPU @ 2.30GHz, 4 cores, 11G,  Windows 10 , 64 bit Build 18362 (10.0.18362.1500)
Time: Sat Sep 18 22:33:32 2021 ?D1ú±ê×?ê±?? elapsed time: 2 seconds (0d 0h 0m 2s)

---------------  T H R E A D  ---------------

Current thread (0x00000232f00ca800):  JavaThread "C2 CompilerThread1" daemon [_thread_in_native, id=34728, stack(0x000000b610e00000,0x000000b610f00000)]


Current CompileTask:
C2:   2367 1418       4       jdk.internal.module.SystemModuleFinders$SystemModuleReader::find (54 bytes)

Stack: [0x000000b610e00000,0x000000b610f00000]
Native frames: (J=compiled Java code, j=interpreted, Vv=VM code, C=native code)
V  [jvm.dll+0x5f840a]
V  [jvm.dll+0x741e4a]
V  [jvm.dll+0x7435ff]
V  [jvm.dll+0x743c43]
V  [jvm.dll+0x20d288]
V  [jvm.dll+0xabb07]
V  [jvm.dll+0xac1fc]
V  [jvm.dll+0x276db4]
V  [jvm.dll+0x50ca4a]
V  [jvm.dll+0x1ee1da]
V  [jvm.dll+0x1e7cfb]
V  [jvm.dll+0x1e4f98]
V  [jvm.dll+0x1779cc]
V  [jvm.dll+0x1f4105]
V  [jvm.dll+0x1f22eb]
V  [jvm.dll+0x706a9d]
V  [jvm.dll+0x6ff8ba]
V  [jvm.dll+0x5f72c6]
C  [ucrtbase.dll+0x210b2]
C  [KERNEL32.DLL+0x17c24]
C  [ntdll.dll+0x6d721]


---------------  P R O C E S S  ---------------

Threads class SMR info:
_java_thread_list=0x00000232f00b8390, length=13, elements={
0x00000232cdf97800, 0x00000232ef536800, 0x00000232ef537800, 0x00000232ef555800,
0x00000232ef556800, 0x00000232ef559800, 0x00000232ef564000, 0x00000232ef58a800,
0x00000232ef58e000, 0x00000232ef6aa000, 0x00000232ef6a7800, 0x00000232ef6a8000,
0x00000232f00ca800
}

Java Threads: ( => current thread )
  0x00000232cdf97800 JavaThread "main" [_thread_blocked, id=34616, stack(0x000000b60f700000,0x000000b60f800000)]
  0x00000232ef536800 JavaThread "Reference Handler" daemon [_thread_blocked, id=34644, stack(0x000000b60fe00000,0x000000b60ff00000)]
  0x00000232ef537800 JavaThread "Finalizer" daemon [_thread_blocked, id=34648, stack(0x000000b60ff00000,0x000000b610000000)]
  0x00000232ef555800 JavaThread "Signal Dispatcher" daemon [_thread_blocked, id=34652, stack(0x000000b610000000,0x000000b610100000)]
  0x00000232ef556800 JavaThread "Attach Listener" daemon [_thread_blocked, id=34656, stack(0x000000b610100000,0x000000b610200000)]
  0x00000232ef559800 JavaThread "Service Thread" daemon [_thread_blocked, id=34660, stack(0x000000b610200000,0x000000b610300000)]
  0x00000232ef564000 JavaThread "C2 CompilerThread0" daemon [_thread_in_native, id=34664, stack(0x000000b610300000,0x000000b610400000)]
  0x00000232ef58a800 JavaThread "C1 CompilerThread0" daemon [_thread_blocked, id=34668, stack(0x000000b610400000,0x000000b610500000)]
  0x00000232ef58e000 JavaThread "Sweeper thread" daemon [_thread_blocked, id=34672, stack(0x000000b610500000,0x000000b610600000)]
  0x00000232ef6aa000 JavaThread "Common-Cleaner" daemon [_thread_blocked, id=34676, stack(0x000000b610600000,0x000000b610700000)]
  0x00000232ef6a7800 JavaThread "Monitor Ctrl-Break" daemon [_thread_in_native, id=34684, stack(0x000000b610800000,0x000000b610900000)]
  0x00000232ef6a8000 JavaThread "Notification Thread" daemon [_thread_blocked, id=34688, stack(0x000000b610900000,0x000000b610a00000)]
=>0x00000232f00ca800 JavaThread "C2 CompilerThread1" daemon [_thread_in_native, id=34728, stack(0x000000b610e00000,0x000000b610f00000)]

Other Threads:
  0x00000232ef533800 VMThread "VM Thread" [stack: 0x000000b60fd00000,0x000000b60fe00000] [id=34640]
  0x00000232ef7b3000 WatcherThread [stack: 0x000000b610a00000,0x000000b610b00000] [id=34692]
  0x00000232cdfec800 GCTaskThread "GC Thread#0" [stack: 0x000000b60f800000,0x000000b60f900000] [id=34620]
  0x00000232f0002000 GCTaskThread "GC Thread#1" [stack: 0x000000b610700000,0x000000b610800000] [id=34708]
  0x00000232f0002800 GCTaskThread "GC Thread#2" [stack: 0x000000b610b00000,0x000000b610c00000] [id=34712]
  0x00000232f0003800 GCTaskThread "GC Thread#3" [stack: 0x000000b610c00000,0x000000b610d00000] [id=34716]
  0x00000232ce006000 ConcurrentGCThread "G1 Main Marker" [stack: 0x000000b60f900000,0x000000b60fa00000] [id=34624]
  0x00000232ce007800 ConcurrentGCThread "G1 Conc#0" [stack: 0x000000b60fa00000,0x000000b60fb00000] [id=34628]
  0x00000232eeba3800 ConcurrentGCThread "G1 Refine#0" [stack: 0x000000b60fb00000,0x000000b60fc00000] [id=34632]
  0x00000232ef7dc000 ConcurrentGCThread "G1 Refine#1" [stack: 0x000000b610d00000,0x000000b610e00000] [id=34720]
  0x00000232eeba5800 ConcurrentGCThread "G1 Young RemSet Sampling" [stack: 0x000000b60fc00000,0x000000b60fd00000] [id=34636]

Threads with active compile tasks:
C2 CompilerThread0     2443 1419       4       jdk.internal.module.SystemModuleFinders$SystemModuleReader::findImageLocation (42 bytes)
C2 CompilerThread1     2443 1418       4       jdk.internal.module.SystemModuleFinders$SystemModuleReader::find (54 bytes)

VM state:at safepoint (normal execution)

VM Mutex/Monitor currently owned by a thread:  ([mutex/lock_event])
[0x00000232cdf93400] Threads_lock - owner thread: 0x00000232ef533800
[0x00000232cdf93760] Heap_lock - owner thread: 0x00000232cdf97800

Heap address: 0x0000000742200000, size: 3038 MB, Compressed Oops mode: Zero based, Oop shift amount: 3
Narrow klass base: 0x0000000800000000, Narrow klass shift: 3
Compressed class space size: 1073741824 Address: 0x0000000800b30000

Heap:
 garbage-first heap   total 194560K, used 4907K [0x0000000742200000, 0x0000000800000000)
  region size 1024K, 2 young (2048K), 2 survivors (2048K)
 Metaspace       used 8109K, capacity 9536K, committed 9600K, reserved 1067008K
  class space    used 944K, capacity 1113K, committed 1152K, reserved 1048576K
Heap Regions: E=young(eden), S=young(survivor), O=old, HS=humongous(starts), HC=humongous(continues), CS=collection set, F=free, OA=open archive, CA=closed archive, TAMS=top-at-mark-start (previous, next)
|   0|0x0000000742200000, 0x0000000742300000, 0x0000000742300000|100%| O|  |TAMS 0x0000000742200000, 0x0000000742300000| Untracked 
|   1|0x0000000742300000, 0x0000000742400000, 0x0000000742400000|100%| O|  |TAMS 0x0000000742300000, 0x0000000742400000| Untracked 
|   2|0x0000000742400000, 0x0000000742500000, 0x0000000742500000|100%| O|  |TAMS 0x0000000742400000, 0x0000000742500000| Untracked 
|   3|0x0000000742500000, 0x00000007425bae00, 0x0000000742600000| 72%| O|  |TAMS 0x0000000742500000, 0x00000007425bae00| Untracked 
|   4|0x0000000742600000, 0x0000000742600000, 0x0000000742700000|  0%| F|  |TAMS 0x0000000742600000, 0x0000000742600000| Untracked 
|   5|0x0000000742700000, 0x0000000742700000, 0x0000000742800000|  0%| F|  |TAMS 0x0000000742700000, 0x0000000742700000| Untracked 
|   6|0x0000000742800000, 0x0000000742800000, 0x0000000742900000|  0%| F|  |TAMS 0x0000000742800000, 0x0000000742800000| Untracked 
|   7|0x0000000742900000, 0x0000000742900000, 0x0000000742a00000|  0%| F|  |TAMS 0x0000000742900000, 0x0000000742900000| Untracked 
|   8|0x0000000742a00000, 0x0000000742a00000, 0x0000000742b00000|  0%| F|  |TAMS 0x0000000742a00000, 0x0000000742a00000| Untracked 
|   9|0x0000000742b00000, 0x0000000742b00000, 0x0000000742c00000|  0%| F|  |TAMS 0x0000000742b00000, 0x0000000742b00000| Untracked 
|  10|0x0000000742c00000, 0x0000000742c00000, 0x0000000742d00000|  0%| F|  |TAMS 0x0000000742c00000, 0x0000000742c00000| Untracked 
|  11|0x0000000742d00000, 0x0000000742d00000, 0x0000000742e00000|  0%| F|  |TAMS 0x0000000742d00000, 0x0000000742d00000| Untracked 
|  12|0x0000000742e00000, 0x0000000742e00000, 0x0000000742f00000|  0%| F|  |TAMS 0x0000000742e00000, 0x0000000742e00000| Untracked 
|  13|0x0000000742f00000, 0x0000000742f00000, 0x0000000743000000|  0%| F|  |TAMS 0x0000000742f00000, 0x0000000742f00000| Untracked 
|  14|0x0000000743000000, 0x0000000743000000, 0x0000000743100000|  0%| F|  |TAMS 0x0000000743000000, 0x0000000743000000| Untracked 
|  15|0x0000000743100000, 0x0000000743100000, 0x0000000743200000|  0%| F|  |TAMS 0x0000000743100000, 0x0000000743100000| Untracked 
|  16|0x0000000743200000, 0x0000000743200000, 0x0000000743300000|  0%| F|  |TAMS 0x0000000743200000, 0x0000000743200000| Untracked 
|  17|0x0000000743300000, 0x0000000743300000, 0x0000000743400000|  0%| F|  |TAMS 0x0000000743300000, 0x0000000743300000| Untracked 
|  18|0x0000000743400000, 0x0000000743400000, 0x0000000743500000|  0%| F|  |TAMS 0x0000000743400000, 0x0000000743400000| Untracked 
|  19|0x0000000743500000, 0x0000000743500000, 0x0000000743600000|  0%| F|  |TAMS 0x0000000743500000, 0x0000000743500000| Untracked 
|  20|0x0000000743600000, 0x0000000743600000, 0x0000000743700000|  0%| F|  |TAMS 0x0000000743600000, 0x0000000743600000| Untracked 
|  21|0x0000000743700000, 0x0000000743700000, 0x0000000743800000|  0%| F|  |TAMS 0x0000000743700000, 0x0000000743700000| Untracked 
|  22|0x0000000743800000, 0x0000000743800000, 0x0000000743900000|  0%| F|  |TAMS 0x0000000743800000, 0x0000000743800000| Untracked 
|  23|0x0000000743900000, 0x0000000743900000, 0x0000000743a00000|  0%| F|  |TAMS 0x0000000743900000, 0x0000000743900000| Untracked 
|  24|0x0000000743a00000, 0x0000000743a00000, 0x0000000743b00000|  0%| F|  |TAMS 0x0000000743a00000, 0x0000000743a00000| Untracked 
|  25|0x0000000743b00000, 0x0000000743b00000, 0x0000000743c00000|  0%| F|  |TAMS 0x0000000743b00000, 0x0000000743b00000| Untracked 
|  26|0x0000000743c00000, 0x0000000743c00000, 0x0000000743d00000|  0%| F|  |TAMS 0x0000000743c00000, 0x0000000743c00000| Untracked 
|  27|0x0000000743d00000, 0x0000000743d00000, 0x0000000743e00000|  0%| F|  |TAMS 0x0000000743d00000, 0x0000000743d00000| Untracked 
|  28|0x0000000743e00000, 0x0000000743e00000, 0x0000000743f00000|  0%| F|  |TAMS 0x0000000743e00000, 0x0000000743e00000| Untracked 
|  29|0x0000000743f00000, 0x0000000743f00000, 0x0000000744000000|  0%| F|  |TAMS 0x0000000743f00000, 0x0000000743f00000| Untracked 
|  30|0x0000000744000000, 0x0000000744000000, 0x0000000744100000|  0%| F|  |TAMS 0x0000000744000000, 0x0000000744000000| Untracked 
|  31|0x0000000744100000, 0x0000000744100000, 0x0000000744200000|  0%| F|  |TAMS 0x0000000744100000, 0x0000000744100000| Untracked 
|  32|0x0000000744200000, 0x0000000744200000, 0x0000000744300000|  0%| F|  |TAMS 0x0000000744200000, 0x0000000744200000| Untracked 
|  33|0x0000000744300000, 0x0000000744300000, 0x0000000744400000|  0%| F|  |TAMS 0x0000000744300000, 0x0000000744300000| Untracked 
|  34|0x0000000744400000, 0x0000000744400000, 0x0000000744500000|  0%| F|  |TAMS 0x0000000744400000, 0x0000000744400000| Untracked 
|  35|0x0000000744500000, 0x0000000744500000, 0x0000000744600000|  0%| F|  |TAMS 0x0000000744500000, 0x0000000744500000| Untracked 
|  36|0x0000000744600000, 0x0000000744600000, 0x0000000744700000|  0%| F|  |TAMS 0x0000000744600000, 0x0000000744600000| Untracked 
|  37|0x0000000744700000, 0x0000000744700000, 0x0000000744800000|  0%| F|  |TAMS 0x0000000744700000, 0x0000000744700000| Untracked 
|  38|0x0000000744800000, 0x0000000744800000, 0x0000000744900000|  0%| F|  |TAMS 0x0000000744800000, 0x0000000744800000| Untracked 
|  39|0x0000000744900000, 0x0000000744900000, 0x0000000744a00000|  0%| F|  |TAMS 0x0000000744900000, 0x0000000744900000| Untracked 
|  40|0x0000000744a00000, 0x0000000744a00000, 0x0000000744b00000|  0%| F|  |TAMS 0x0000000744a00000, 0x0000000744a00000| Untracked 
|  41|0x0000000744b00000, 0x0000000744b00000, 0x0000000744c00000|  0%| F|  |TAMS 0x0000000744b00000, 0x0000000744b00000| Untracked 
|  42|0x0000000744c00000, 0x0000000744c00000, 0x0000000744d00000|  0%| F|  |TAMS 0x0000000744c00000, 0x0000000744c00000| Untracked 
|  43|0x0000000744d00000, 0x0000000744d00000, 0x0000000744e00000|  0%| F|  |TAMS 0x0000000744d00000, 0x0000000744d00000| Untracked 
|  44|0x0000000744e00000, 0x0000000744e00000, 0x0000000744f00000|  0%| F|  |TAMS 0x0000000744e00000, 0x0000000744e00000| Untracked 
|  45|0x0000000744f00000, 0x0000000744f00000, 0x0000000745000000|  0%| F|  |TAMS 0x0000000744f00000, 0x0000000744f00000| Untracked 
|  46|0x0000000745000000, 0x0000000745000000, 0x0000000745100000|  0%| F|  |TAMS 0x0000000745000000, 0x0000000745000000| Untracked 
|  47|0x0000000745100000, 0x0000000745100000, 0x0000000745200000|  0%| F|  |TAMS 0x0000000745100000, 0x0000000745100000| Untracked 
|  48|0x0000000745200000, 0x0000000745200000, 0x0000000745300000|  0%| F|  |TAMS 0x0000000745200000, 0x0000000745200000| Untracked 
|  49|0x0000000745300000, 0x0000000745300000, 0x0000000745400000|  0%| F|  |TAMS 0x0000000745300000, 0x0000000745300000| Untracked 
|  50|0x0000000745400000, 0x0000000745400000, 0x0000000745500000|  0%| F|  |TAMS 0x0000000745400000, 0x0000000745400000| Untracked 
|  51|0x0000000745500000, 0x0000000745500000, 0x0000000745600000|  0%| F|  |TAMS 0x0000000745500000, 0x0000000745500000| Untracked 
|  52|0x0000000745600000, 0x0000000745600000, 0x0000000745700000|  0%| F|  |TAMS 0x0000000745600000, 0x0000000745600000| Untracked 
|  53|0x0000000745700000, 0x0000000745700000, 0x0000000745800000|  0%| F|  |TAMS 0x0000000745700000, 0x0000000745700000| Untracked 
|  54|0x0000000745800000, 0x0000000745800000, 0x0000000745900000|  0%| F|  |TAMS 0x0000000745800000, 0x0000000745800000| Untracked 
|  55|0x0000000745900000, 0x0000000745900000, 0x0000000745a00000|  0%| F|  |TAMS 0x0000000745900000, 0x0000000745900000| Untracked 
|  56|0x0000000745a00000, 0x0000000745a00000, 0x0000000745b00000|  0%| F|  |TAMS 0x0000000745a00000, 0x0000000745a00000| Untracked 
|  57|0x0000000745b00000, 0x0000000745b00000, 0x0000000745c00000|  0%| F|  |TAMS 0x0000000745b00000, 0x0000000745b00000| Untracked 
|  58|0x0000000745c00000, 0x0000000745c00000, 0x0000000745d00000|  0%| F|  |TAMS 0x0000000745c00000, 0x0000000745c00000| Untracked 
|  59|0x0000000745d00000, 0x0000000745d00000, 0x0000000745e00000|  0%| F|  |TAMS 0x0000000745d00000, 0x0000000745d00000| Untracked 
|  60|0x0000000745e00000, 0x0000000745e00000, 0x0000000745f00000|  0%| F|  |TAMS 0x0000000745e00000, 0x0000000745e00000| Untracked 
|  61|0x0000000745f00000, 0x0000000745f00000, 0x0000000746000000|  0%| F|  |TAMS 0x0000000745f00000, 0x0000000745f00000| Untracked 
|  62|0x0000000746000000, 0x0000000746000000, 0x0000000746100000|  0%| F|  |TAMS 0x0000000746000000, 0x0000000746000000| Untracked 
|  63|0x0000000746100000, 0x0000000746100000, 0x0000000746200000|  0%| F|  |TAMS 0x0000000746100000, 0x0000000746100000| Untracked 
|  64|0x0000000746200000, 0x0000000746200000, 0x0000000746300000|  0%| F|  |TAMS 0x0000000746200000, 0x0000000746200000| Untracked 
|  65|0x0000000746300000, 0x0000000746300000, 0x0000000746400000|  0%| F|  |TAMS 0x0000000746300000, 0x0000000746300000| Untracked 
|  66|0x0000000746400000, 0x0000000746400000, 0x0000000746500000|  0%| F|  |TAMS 0x0000000746400000, 0x0000000746400000| Untracked 
|  67|0x0000000746500000, 0x0000000746500000, 0x0000000746600000|  0%| F|  |TAMS 0x0000000746500000, 0x0000000746500000| Untracked 
|  68|0x0000000746600000, 0x0000000746600000, 0x0000000746700000|  0%| F|  |TAMS 0x0000000746600000, 0x0000000746600000| Untracked 
|  69|0x0000000746700000, 0x0000000746700000, 0x0000000746800000|  0%| F|  |TAMS 0x0000000746700000, 0x0000000746700000| Untracked 
|  70|0x0000000746800000, 0x0000000746800000, 0x0000000746900000|  0%| F|  |TAMS 0x0000000746800000, 0x0000000746800000| Untracked 
|  71|0x0000000746900000, 0x0000000746900000, 0x0000000746a00000|  0%| F|  |TAMS 0x0000000746900000, 0x0000000746900000| Untracked 
|  72|0x0000000746a00000, 0x0000000746a00000, 0x0000000746b00000|  0%| F|  |TAMS 0x0000000746a00000, 0x0000000746a00000| Untracked 
|  73|0x0000000746b00000, 0x0000000746b00000, 0x0000000746c00000|  0%| F|  |TAMS 0x0000000746b00000, 0x0000000746b00000| Untracked 
|  74|0x0000000746c00000, 0x0000000746c00000, 0x0000000746d00000|  0%| F|  |TAMS 0x0000000746c00000, 0x0000000746c00000| Untracked 
|  75|0x0000000746d00000, 0x0000000746d00000, 0x0000000746e00000|  0%| F|  |TAMS 0x0000000746d00000, 0x0000000746d00000| Untracked 
|  76|0x0000000746e00000, 0x0000000746e00000, 0x0000000746f00000|  0%| F|  |TAMS 0x0000000746e00000, 0x0000000746e00000| Untracked 
|  77|0x0000000746f00000, 0x0000000746f00000, 0x0000000747000000|  0%| F|  |TAMS 0x0000000746f00000, 0x0000000746f00000| Untracked 
|  78|0x0000000747000000, 0x0000000747000000, 0x0000000747100000|  0%| F|  |TAMS 0x0000000747000000, 0x0000000747000000| Untracked 
|  79|0x0000000747100000, 0x0000000747100000, 0x0000000747200000|  0%| F|  |TAMS 0x0000000747100000, 0x0000000747100000| Untracked 
|  80|0x0000000747200000, 0x0000000747200000, 0x0000000747300000|  0%| F|  |TAMS 0x0000000747200000, 0x0000000747200000| Untracked 
|  81|0x0000000747300000, 0x0000000747300000, 0x0000000747400000|  0%| F|  |TAMS 0x0000000747300000, 0x0000000747300000| Untracked 
|  82|0x0000000747400000, 0x0000000747400000, 0x0000000747500000|  0%| F|  |TAMS 0x0000000747400000, 0x0000000747400000| Untracked 
|  83|0x0000000747500000, 0x0000000747500000, 0x0000000747600000|  0%| F|  |TAMS 0x0000000747500000, 0x0000000747500000| Untracked 
|  84|0x0000000747600000, 0x0000000747600000, 0x0000000747700000|  0%| F|  |TAMS 0x0000000747600000, 0x0000000747600000| Untracked 
|  85|0x0000000747700000, 0x0000000747700000, 0x0000000747800000|  0%| F|  |TAMS 0x0000000747700000, 0x0000000747700000| Untracked 
|  86|0x0000000747800000, 0x0000000747800000, 0x0000000747900000|  0%| F|  |TAMS 0x0000000747800000, 0x0000000747800000| Untracked 
|  87|0x0000000747900000, 0x0000000747900000, 0x0000000747a00000|  0%| F|  |TAMS 0x0000000747900000, 0x0000000747900000| Untracked 
|  88|0x0000000747a00000, 0x0000000747a00000, 0x0000000747b00000|  0%| F|  |TAMS 0x0000000747a00000, 0x0000000747a00000| Untracked 
|  89|0x0000000747b00000, 0x0000000747b00000, 0x0000000747c00000|  0%| F|  |TAMS 0x0000000747b00000, 0x0000000747b00000| Untracked 
|  90|0x0000000747c00000, 0x0000000747c00000, 0x0000000747d00000|  0%| F|  |TAMS 0x0000000747c00000, 0x0000000747c00000| Untracked 
|  91|0x0000000747d00000, 0x0000000747d00000, 0x0000000747e00000|  0%| F|  |TAMS 0x0000000747d00000, 0x0000000747d00000| Untracked 
|  92|0x0000000747e00000, 0x0000000747e00000, 0x0000000747f00000|  0%| F|  |TAMS 0x0000000747e00000, 0x0000000747e00000| Untracked 
|  93|0x0000000747f00000, 0x0000000747f00000, 0x0000000748000000|  0%| F|  |TAMS 0x0000000747f00000, 0x0000000747f00000| Untracked 
|  94|0x0000000748000000, 0x0000000748000000, 0x0000000748100000|  0%| F|  |TAMS 0x0000000748000000, 0x0000000748000000| Untracked 
|  95|0x0000000748100000, 0x0000000748100000, 0x0000000748200000|  0%| F|  |TAMS 0x0000000748100000, 0x0000000748100000| Untracked 
|  96|0x0000000748200000, 0x0000000748200000, 0x0000000748300000|  0%| F|  |TAMS 0x0000000748200000, 0x0000000748200000| Untracked 
|  97|0x0000000748300000, 0x0000000748300000, 0x0000000748400000|  0%| F|  |TAMS 0x0000000748300000, 0x0000000748300000| Untracked 
|  98|0x0000000748400000, 0x0000000748400000, 0x0000000748500000|  0%| F|  |TAMS 0x0000000748400000, 0x0000000748400000| Untracked 
|  99|0x0000000748500000, 0x0000000748500000, 0x0000000748600000|  0%| F|  |TAMS 0x0000000748500000, 0x0000000748500000| Untracked 
| 100|0x0000000748600000, 0x0000000748600000, 0x0000000748700000|  0%| F|  |TAMS 0x0000000748600000, 0x0000000748600000| Untracked 
| 101|0x0000000748700000, 0x0000000748700000, 0x0000000748800000|  0%| F|  |TAMS 0x0000000748700000, 0x0000000748700000| Untracked 
| 102|0x0000000748800000, 0x0000000748800000, 0x0000000748900000|  0%| F|  |TAMS 0x0000000748800000, 0x0000000748800000| Untracked 
| 103|0x0000000748900000, 0x0000000748900000, 0x0000000748a00000|  0%| F|  |TAMS 0x0000000748900000, 0x0000000748900000| Untracked 
| 104|0x0000000748a00000, 0x0000000748a00000, 0x0000000748b00000|  0%| F|  |TAMS 0x0000000748a00000, 0x0000000748a00000| Untracked 
| 105|0x0000000748b00000, 0x0000000748b00000, 0x0000000748c00000|  0%| F|  |TAMS 0x0000000748b00000, 0x0000000748b00000| Untracked 
| 106|0x0000000748c00000, 0x0000000748c00000, 0x0000000748d00000|  0%| F|  |TAMS 0x0000000748c00000, 0x0000000748c00000| Untracked 
| 107|0x0000000748d00000, 0x0000000748d00000, 0x0000000748e00000|  0%| F|  |TAMS 0x0000000748d00000, 0x0000000748d00000| Untracked 
| 108|0x0000000748e00000, 0x0000000748e00000, 0x0000000748f00000|  0%| F|  |TAMS 0x0000000748e00000, 0x0000000748e00000| Untracked 
| 109|0x0000000748f00000, 0x0000000748f00000, 0x0000000749000000|  0%| F|  |TAMS 0x0000000748f00000, 0x0000000748f00000| Untracked 
| 110|0x0000000749000000, 0x0000000749000000, 0x0000000749100000|  0%| F|  |TAMS 0x0000000749000000, 0x0000000749000000| Untracked 
| 111|0x0000000749100000, 0x0000000749100000, 0x0000000749200000|  0%| F|  |TAMS 0x0000000749100000, 0x0000000749100000| Untracked 
| 112|0x0000000749200000, 0x0000000749200000, 0x0000000749300000|  0%| F|  |TAMS 0x0000000749200000, 0x0000000749200000| Untracked 
| 113|0x0000000749300000, 0x0000000749300000, 0x0000000749400000|  0%| F|  |TAMS 0x0000000749300000, 0x0000000749300000| Untracked 
| 114|0x0000000749400000, 0x0000000749400000, 0x0000000749500000|  0%| F|  |TAMS 0x0000000749400000, 0x0000000749400000| Untracked 
| 115|0x0000000749500000, 0x0000000749500000, 0x0000000749600000|  0%| F|  |TAMS 0x0000000749500000, 0x0000000749500000| Untracked 
| 116|0x0000000749600000, 0x0000000749600000, 0x0000000749700000|  0%| F|  |TAMS 0x0000000749600000, 0x0000000749600000| Untracked 
| 117|0x0000000749700000, 0x0000000749700000, 0x0000000749800000|  0%| F|  |TAMS 0x0000000749700000, 0x0000000749700000| Untracked 
| 118|0x0000000749800000, 0x0000000749800000, 0x0000000749900000|  0%| F|  |TAMS 0x0000000749800000, 0x0000000749800000| Untracked 
| 119|0x0000000749900000, 0x0000000749900000, 0x0000000749a00000|  0%| F|  |TAMS 0x0000000749900000, 0x0000000749900000| Untracked 
| 120|0x0000000749a00000, 0x0000000749a00000, 0x0000000749b00000|  0%| F|  |TAMS 0x0000000749a00000, 0x0000000749a00000| Untracked 
| 121|0x0000000749b00000, 0x0000000749b00000, 0x0000000749c00000|  0%| F|  |TAMS 0x0000000749b00000, 0x0000000749b00000| Untracked 
| 122|0x0000000749c00000, 0x0000000749c00000, 0x0000000749d00000|  0%| F|  |TAMS 0x0000000749c00000, 0x0000000749c00000| Untracked 
| 123|0x0000000749d00000, 0x0000000749d00000, 0x0000000749e00000|  0%| F|  |TAMS 0x0000000749d00000, 0x0000000749d00000| Untracked 
| 124|0x0000000749e00000, 0x0000000749e00000, 0x0000000749f00000|  0%| F|  |TAMS 0x0000000749e00000, 0x0000000749e00000| Untracked 
| 125|0x0000000749f00000, 0x0000000749f00000, 0x000000074a000000|  0%| F|  |TAMS 0x0000000749f00000, 0x0000000749f00000| Untracked 
| 126|0x000000074a000000, 0x000000074a000000, 0x000000074a100000|  0%| F|  |TAMS 0x000000074a000000, 0x000000074a000000| Untracked 
| 127|0x000000074a100000, 0x000000074a100000, 0x000000074a200000|  0%| F|  |TAMS 0x000000074a100000, 0x000000074a100000| Untracked 
| 128|0x000000074a200000, 0x000000074a200000, 0x000000074a300000|  0%| F|  |TAMS 0x000000074a200000, 0x000000074a200000| Untracked 
| 129|0x000000074a300000, 0x000000074a300000, 0x000000074a400000|  0%| F|  |TAMS 0x000000074a300000, 0x000000074a300000| Untracked 
| 130|0x000000074a400000, 0x000000074a400000, 0x000000074a500000|  0%| F|  |TAMS 0x000000074a400000, 0x000000074a400000| Untracked 
| 131|0x000000074a500000, 0x000000074a500000, 0x000000074a600000|  0%| F|  |TAMS 0x000000074a500000, 0x000000074a500000| Untracked 
| 132|0x000000074a600000, 0x000000074a600000, 0x000000074a700000|  0%| F|  |TAMS 0x000000074a600000, 0x000000074a600000| Untracked 
| 133|0x000000074a700000, 0x000000074a700000, 0x000000074a800000|  0%| F|  |TAMS 0x000000074a700000, 0x000000074a700000| Untracked 
| 134|0x000000074a800000, 0x000000074a800000, 0x000000074a900000|  0%| F|  |TAMS 0x000000074a800000, 0x000000074a800000| Untracked 
| 135|0x000000074a900000, 0x000000074a900000, 0x000000074aa00000|  0%| F|  |TAMS 0x000000074a900000, 0x000000074a900000| Untracked 
| 136|0x000000074aa00000, 0x000000074aa00000, 0x000000074ab00000|  0%| F|  |TAMS 0x000000074aa00000, 0x000000074aa00000| Untracked 
| 137|0x000000074ab00000, 0x000000074ab00000, 0x000000074ac00000|  0%| F|  |TAMS 0x000000074ab00000, 0x000000074ab00000| Untracked 
| 138|0x000000074ac00000, 0x000000074ac00000, 0x000000074ad00000|  0%| F|  |TAMS 0x000000074ac00000, 0x000000074ac00000| Untracked 
| 139|0x000000074ad00000, 0x000000074ad00000, 0x000000074ae00000|  0%| F|  |TAMS 0x000000074ad00000, 0x000000074ad00000| Untracked 
| 140|0x000000074ae00000, 0x000000074ae00000, 0x000000074af00000|  0%| F|  |TAMS 0x000000074ae00000, 0x000000074ae00000| Untracked 
| 141|0x000000074af00000, 0x000000074af00000, 0x000000074b000000|  0%| F|  |TAMS 0x000000074af00000, 0x000000074af00000| Untracked 
| 142|0x000000074b000000, 0x000000074b000000, 0x000000074b100000|  0%| F|  |TAMS 0x000000074b000000, 0x000000074b000000| Untracked 
| 143|0x000000074b100000, 0x000000074b100000, 0x000000074b200000|  0%| F|  |TAMS 0x000000074b100000, 0x000000074b100000| Untracked 
| 144|0x000000074b200000, 0x000000074b200000, 0x000000074b300000|  0%| F|  |TAMS 0x000000074b200000, 0x000000074b200000| Untracked 
| 145|0x000000074b300000, 0x000000074b300000, 0x000000074b400000|  0%| F|  |TAMS 0x000000074b300000, 0x000000074b300000| Untracked 
| 146|0x000000074b400000, 0x000000074b400000, 0x000000074b500000|  0%| F|  |TAMS 0x000000074b400000, 0x000000074b400000| Untracked 
| 147|0x000000074b500000, 0x000000074b500000, 0x000000074b600000|  0%| F|  |TAMS 0x000000074b500000, 0x000000074b500000| Untracked 
| 148|0x000000074b600000, 0x000000074b600000, 0x000000074b700000|  0%| F|  |TAMS 0x000000074b600000, 0x000000074b600000| Untracked 
| 149|0x000000074b700000, 0x000000074b700000, 0x000000074b800000|  0%| F|  |TAMS 0x000000074b700000, 0x000000074b700000| Untracked 
| 150|0x000000074b800000, 0x000000074b800000, 0x000000074b900000|  0%| F|  |TAMS 0x000000074b800000, 0x000000074b800000| Untracked 
| 151|0x000000074b900000, 0x000000074b900000, 0x000000074ba00000|  0%| F|  |TAMS 0x000000074b900000, 0x000000074b900000| Untracked 
| 152|0x000000074ba00000, 0x000000074ba00000, 0x000000074bb00000|  0%| F|  |TAMS 0x000000074ba00000, 0x000000074ba00000| Untracked 
| 153|0x000000074bb00000, 0x000000074bb00000, 0x000000074bc00000|  0%| F|  |TAMS 0x000000074bb00000, 0x000000074bb00000| Untracked 
| 154|0x000000074bc00000, 0x000000074bc00000, 0x000000074bd00000|  0%| F|  |TAMS 0x000000074bc00000, 0x000000074bc00000| Untracked 
| 155|0x000000074bd00000, 0x000000074bd00000, 0x000000074be00000|  0%| F|  |TAMS 0x000000074bd00000, 0x000000074bd00000| Untracked 
| 156|0x000000074be00000, 0x000000074be00000, 0x000000074bf00000|  0%| F|  |TAMS 0x000000074be00000, 0x000000074be00000| Untracked 
| 157|0x000000074bf00000, 0x000000074bf00000, 0x000000074c000000|  0%| F|  |TAMS 0x000000074bf00000, 0x000000074bf00000| Untracked 
| 158|0x000000074c000000, 0x000000074c000000, 0x000000074c100000|  0%| F|  |TAMS 0x000000074c000000, 0x000000074c000000| Untracked 
| 159|0x000000074c100000, 0x000000074c100000, 0x000000074c200000|  0%| F|  |TAMS 0x000000074c100000, 0x000000074c100000| Untracked 
| 160|0x000000074c200000, 0x000000074c200000, 0x000000074c300000|  0%| F|  |TAMS 0x000000074c200000, 0x000000074c200000| Untracked 
| 161|0x000000074c300000, 0x000000074c300000, 0x000000074c400000|  0%| F|  |TAMS 0x000000074c300000, 0x000000074c300000| Untracked 
| 162|0x000000074c400000, 0x000000074c400000, 0x000000074c500000|  0%| F|  |TAMS 0x000000074c400000, 0x000000074c400000| Untracked 
| 163|0x000000074c500000, 0x000000074c500000, 0x000000074c600000|  0%| F|  |TAMS 0x000000074c500000, 0x000000074c500000| Untracked 
| 164|0x000000074c600000, 0x000000074c600000, 0x000000074c700000|  0%| F|  |TAMS 0x000000074c600000, 0x000000074c600000| Untracked 
| 165|0x000000074c700000, 0x000000074c700000, 0x000000074c800000|  0%| F|  |TAMS 0x000000074c700000, 0x000000074c700000| Untracked 
| 166|0x000000074c800000, 0x000000074c800000, 0x000000074c900000|  0%| F|  |TAMS 0x000000074c800000, 0x000000074c800000| Untracked 
| 167|0x000000074c900000, 0x000000074c900000, 0x000000074ca00000|  0%| F|  |TAMS 0x000000074c900000, 0x000000074c900000| Untracked 
| 168|0x000000074ca00000, 0x000000074ca00000, 0x000000074cb00000|  0%| F|  |TAMS 0x000000074ca00000, 0x000000074ca00000| Untracked 
| 169|0x000000074cb00000, 0x000000074cb00000, 0x000000074cc00000|  0%| F|  |TAMS 0x000000074cb00000, 0x000000074cb00000| Untracked 
| 170|0x000000074cc00000, 0x000000074cc00000, 0x000000074cd00000|  0%| F|  |TAMS 0x000000074cc00000, 0x000000074cc00000| Untracked 
| 171|0x000000074cd00000, 0x000000074cd00000, 0x000000074ce00000|  0%| F|  |TAMS 0x000000074cd00000, 0x000000074cd00000| Untracked 
| 172|0x000000074ce00000, 0x000000074ce0fe90, 0x000000074cf00000|  6%| S|CS|TAMS 0x000000074ce00000, 0x000000074ce00000| Complete 
| 173|0x000000074cf00000, 0x000000074d000000, 0x000000074d000000|100%| S|CS|TAMS 0x000000074cf00000, 0x000000074cf00000| Complete 
| 174|0x000000074d000000, 0x000000074d000000, 0x000000074d100000|  0%| F|  |TAMS 0x000000074d000000, 0x000000074d000000| Untracked 
| 175|0x000000074d100000, 0x000000074d100000, 0x000000074d200000|  0%| F|  |TAMS 0x000000074d100000, 0x000000074d100000| Untracked 
| 176|0x000000074d200000, 0x000000074d200000, 0x000000074d300000|  0%| F|  |TAMS 0x000000074d200000, 0x000000074d200000| Untracked 
| 177|0x000000074d300000, 0x000000074d300000, 0x000000074d400000|  0%| F|  |TAMS 0x000000074d300000, 0x000000074d300000| Untracked 
| 178|0x000000074d400000, 0x000000074d400000, 0x000000074d500000|  0%| F|  |TAMS 0x000000074d400000, 0x000000074d400000| Untracked 
| 179|0x000000074d500000, 0x000000074d500000, 0x000000074d600000|  0%| F|  |TAMS 0x000000074d500000, 0x000000074d500000| Untracked 
| 180|0x000000074d600000, 0x000000074d600000, 0x000000074d700000|  0%| F|  |TAMS 0x000000074d600000, 0x000000074d600000| Untracked 
| 181|0x000000074d700000, 0x000000074d700000, 0x000000074d800000|  0%| F|  |TAMS 0x000000074d700000, 0x000000074d700000| Untracked 
| 182|0x000000074d800000, 0x000000074d800000, 0x000000074d900000|  0%| F|  |TAMS 0x000000074d800000, 0x000000074d800000| Untracked 
| 183|0x000000074d900000, 0x000000074d900000, 0x000000074da00000|  0%| F|  |TAMS 0x000000074d900000, 0x000000074d900000| Untracked 
| 184|0x000000074da00000, 0x000000074da00000, 0x000000074db00000|  0%| F|  |TAMS 0x000000074da00000, 0x000000074da00000| Untracked 
| 185|0x000000074db00000, 0x000000074db00000, 0x000000074dc00000|  0%| F|  |TAMS 0x000000074db00000, 0x000000074db00000| Untracked 
| 186|0x000000074dc00000, 0x000000074dc00000, 0x000000074dd00000|  0%| F|  |TAMS 0x000000074dc00000, 0x000000074dc00000| Untracked 
| 187|0x000000074dd00000, 0x000000074dd00000, 0x000000074de00000|  0%| F|  |TAMS 0x000000074dd00000, 0x000000074dd00000| Untracked 
| 188|0x000000074de00000, 0x000000074de00000, 0x000000074df00000|  0%| F|  |TAMS 0x000000074de00000, 0x000000074de00000| Untracked 
| 189|0x000000074df00000, 0x000000074df00000, 0x000000074e000000|  0%| F|  |TAMS 0x000000074df00000, 0x000000074df00000| Untracked 

Card table byte_map: [0x00000232e5d20000,0x00000232e6310000] _byte_map_base: 0x00000232e230f000

Marking Bits (Prev, Next): (CMBitMap*) 0x00000232cdfed418, (CMBitMap*) 0x00000232cdfed458
 Prev Bits: [0x00000232e6900000, 0x00000232e9878000)
 Next Bits: [0x00000232e9880000, 0x00000232ec7f8000)

Polling page: 0x00000232cbe40000

Metaspace:

Usage:
  Non-class:      8.23 MB capacity,     7.00 MB ( 85%) used,     1.22 MB ( 15%) free+waste,    12.13 KB ( <1%) overhead. 
      Class:      1.09 MB capacity,   944.71 KB ( 85%) used,   162.10 KB ( 15%) free+waste,     6.19 KB ( <1%) overhead. 
       Both:      9.31 MB capacity,     7.92 MB ( 85%) used,     1.38 MB ( 15%) free+waste,    18.31 KB ( <1%) overhead. 

Virtual space:
  Non-class space:       18.00 MB reserved,       8.25 MB ( 46%) committed 
      Class space:        1.00 GB reserved,       1.13 MB ( <1%) committed 
             Both:        1.02 GB reserved,       9.38 MB ( <1%) committed 

Chunk freelists:
   Non-Class:  25.00 KB
       Class:  7.00 KB
        Both:  32.00 KB

MaxMetaspaceSize: 17179869184.00 GB
CompressedClassSpaceSize: 1.00 GB

CodeHeap 'non-profiled nmethods': size=120000Kb used=595Kb max_used=595Kb free=119404Kb
 bounds [0x00000232de200000, 0x00000232de470000, 0x00000232e5730000]
CodeHeap 'profiled nmethods': size=120000Kb used=3142Kb max_used=3142Kb free=116857Kb
 bounds [0x00000232d6cd0000, 0x00000232d6ff0000, 0x00000232de200000]
CodeHeap 'non-nmethods': size=5760Kb used=1174Kb max_used=1200Kb free=4585Kb
 bounds [0x00000232d6730000, 0x00000232d69a0000, 0x00000232d6cd0000]
 total_blobs=2560 nmethods=1475 adapters=344
 compilation: enabled
              stopped_count=0, restarted_count=0
 full_count=0

Compilation events (20 events):
Event: 2.305 Thread 0x00000232ef58a800 1450       3       java.util.Arrays::sort (37 bytes)
Event: 2.306 Thread 0x00000232ef58a800 nmethod 1450 0x00000232d6fcc810 code [0x00000232d6fcc9e0, 0x00000232d6fccc38]
Event: 2.306 Thread 0x00000232ef58a800 1449       3       com.google.inject.spi.InjectionPoint::getDeclaredMethods (17 bytes)
Event: 2.306 Thread 0x00000232ef58a800 nmethod 1449 0x00000232d6fccd90 code [0x00000232d6fccfa0, 0x00000232d6fcd368]
Event: 2.310 Thread 0x00000232ef58a800 1451   !   3       com.google.inject.spi.InjectionPoint::getInjectionPoints (489 bytes)
Event: 2.316 Thread 0x00000232ef58a800 nmethod 1451 0x00000232d6fcd510 code [0x00000232d6fcdb60, 0x00000232d6fd1388]
Event: 2.326 Thread 0x00000232ef58a800 1452       3       sun.reflect.generics.parser.SignatureParser::mark (9 bytes)
Event: 2.326 Thread 0x00000232ef58a800 nmethod 1452 0x00000232d6fd2890 code [0x00000232d6fd2a20, 0x00000232d6fd2b38]
Event: 2.326 Thread 0x00000232ef58a800 1453       3       sun.reflect.generics.parser.SignatureParser::markToCurrent (16 bytes)
Event: 2.326 Thread 0x00000232ef58a800 nmethod 1453 0x00000232d6fd2c10 code [0x00000232d6fd2dc0, 0x00000232d6fd2f28]
Event: 2.328 Thread 0x00000232ef58a800 1454       3       java.util.LinkedHashMap$LinkedValueIterator::next (8 bytes)
Event: 2.328 Thread 0x00000232ef58a800 nmethod 1454 0x00000232d6fd3010 code [0x00000232d6fd31c0, 0x00000232d6fd3328]
Event: 2.328 Thread 0x00000232ef58a800 1455       3       jdk.internal.org.objectweb.asm.MethodWriter::visitFieldInsn (258 bytes)
Event: 2.330 Thread 0x00000232ef58a800 nmethod 1455 0x00000232d6fd3410 code [0x00000232d6fd3680, 0x00000232d6fd42c8]
Event: 2.330 Thread 0x00000232ef58a800 1457       3       jdk.internal.org.objectweb.asm.Frame::accept (264 bytes)
Event: 2.331 Thread 0x00000232ef58a800 nmethod 1457 0x00000232d6fd4710 code [0x00000232d6fd4940, 0x00000232d6fd5298]
Event: 2.332 Thread 0x00000232ef58a800 1456       3       jdk.internal.org.objectweb.asm.SymbolTable::addConstantFieldref (10 bytes)
Event: 2.332 Thread 0x00000232ef58a800 nmethod 1456 0x00000232d6fd5690 code [0x00000232d6fd5840, 0x00000232d6fd59a8]
Event: 2.332 Thread 0x00000232ef58a800 1458   !   3       sun.reflect.annotation.AnnotationParser::parseAnnotations (37 bytes)
Event: 2.332 Thread 0x00000232ef58a800 nmethod 1458 0x00000232d6fd5a90 code [0x00000232d6fd5c60, 0x00000232d6fd5f68]

GC Heap History (4 events):
Event: 1.102 GC heap before
{Heap before GC invocations=0 (full 0):
 garbage-first heap   total 194560K, used 13312K [0x0000000742200000, 0x0000000800000000)
  region size 1024K, 13 young (13312K), 0 survivors (0K)
 Metaspace       used 4005K, capacity 6279K, committed 6400K, reserved 1056768K
  class space    used 414K, capacity 651K, committed 768K, reserved 1048576K
}
Event: 1.116 GC heap after
{Heap after GC invocations=1 (full 0):
 garbage-first heap   total 194560K, used 3561K [0x0000000742200000, 0x0000000800000000)
  region size 1024K, 2 young (2048K), 2 survivors (2048K)
 Metaspace       used 4005K, capacity 6279K, committed 6400K, reserved 1056768K
  class space    used 414K, capacity 651K, committed 768K, reserved 1048576K
}
Event: 1.777 GC heap before
{Heap before GC invocations=1 (full 0):
 garbage-first heap   total 194560K, used 16873K [0x0000000742200000, 0x0000000800000000)
  region size 1024K, 15 young (15360K), 2 survivors (2048K)
 Metaspace       used 6268K, capacity 7993K, committed 8192K, reserved 1056768K
  class space    used 736K, capacity 945K, committed 1024K, reserved 1048576K
}
Event: 1.781 GC heap after
{Heap after GC invocations=2 (full 0):
 garbage-first heap   total 194560K, used 4525K [0x0000000742200000, 0x0000000800000000)
  region size 1024K, 1 young (1024K), 1 survivors (1024K)
 Metaspace       used 6268K, capacity 7993K, committed 8192K, reserved 1056768K
  class space    used 736K, capacity 945K, committed 1024K, reserved 1048576K
}

Deoptimization events (20 events):
Event: 2.098 Thread 0x00000232cdf97800 Uncommon trap: trap_request=0xffffff45 fr.pc=0x00000232de2870d8 relative=0x00000000000006b8
Event: 2.098 Thread 0x00000232cdf97800 Uncommon trap: reason=unstable_if action=reinterpret pc=0x00000232de2870d8 method=java.lang.String.<init>([CIILjava/lang/Void;)V @ 5 c2
Event: 2.099 Thread 0x00000232cdf97800 DEOPT PACKING pc=0x00000232de2870d8 sp=0x000000b60f7fd990
Event: 2.099 Thread 0x00000232cdf97800 DEOPT UNPACKING pc=0x00000232d677912f sp=0x000000b60f7fd828 mode 2
Event: 2.111 Thread 0x00000232cdf97800 DEOPT PACKING pc=0x00000232d6e90150 sp=0x000000b60f7fce00
Event: 2.111 Thread 0x00000232cdf97800 DEOPT UNPACKING pc=0x00000232d677964e sp=0x000000b60f7fc288 mode 0
Event: 2.183 Thread 0x00000232cdf97800 Uncommon trap: trap_request=0xffffff45 fr.pc=0x00000232de26c394 relative=0x00000000000004d4
Event: 2.183 Thread 0x00000232cdf97800 Uncommon trap: reason=unstable_if action=reinterpret pc=0x00000232de26c394 method=java.lang.String.<init>([CIILjava/lang/Void;)V @ 5 c2
Event: 2.183 Thread 0x00000232cdf97800 DEOPT PACKING pc=0x00000232de26c394 sp=0x000000b60f7fd8d0
Event: 2.183 Thread 0x00000232cdf97800 DEOPT UNPACKING pc=0x00000232d677912f sp=0x000000b60f7fd890 mode 2
Event: 2.227 Thread 0x00000232cdf97800 DEOPT PACKING pc=0x00000232d6e90150 sp=0x000000b60f7fce00
Event: 2.227 Thread 0x00000232cdf97800 DEOPT UNPACKING pc=0x00000232d677964e sp=0x000000b60f7fc288 mode 0
Event: 2.267 Thread 0x00000232cdf97800 Uncommon trap: trap_request=0xffffffc6 fr.pc=0x00000232de27f4f4 relative=0x00000000000003d4
Event: 2.267 Thread 0x00000232cdf97800 Uncommon trap: reason=bimorphic_or_optimized_type_check action=maybe_recompile pc=0x00000232de27f4f4 method=java.util.HashMap.getNode(ILjava/lang/Object;)Ljava/util/HashMap$Node; @ 126 c2
Event: 2.267 Thread 0x00000232cdf97800 DEOPT PACKING pc=0x00000232de27f4f4 sp=0x000000b60f7fde70
Event: 2.267 Thread 0x00000232cdf97800 DEOPT UNPACKING pc=0x00000232d677912f sp=0x000000b60f7fddd8 mode 2
Event: 2.281 Thread 0x00000232cdf97800 Uncommon trap: trap_request=0xffffffc6 fr.pc=0x00000232de247f98 relative=0x0000000000000618
Event: 2.281 Thread 0x00000232cdf97800 Uncommon trap: reason=bimorphic_or_optimized_type_check action=maybe_recompile pc=0x00000232de247f98 method=java.util.concurrent.ConcurrentHashMap.get(Ljava/lang/Object;)Ljava/lang/Object; @ 149 c2
Event: 2.281 Thread 0x00000232cdf97800 DEOPT PACKING pc=0x00000232de247f98 sp=0x000000b60f7fcf40
Event: 2.281 Thread 0x00000232cdf97800 DEOPT UNPACKING pc=0x00000232d677912f sp=0x000000b60f7fced0 mode 2

Classes unloaded (0 events):
No events

Classes redefined (0 events):
No events

Internal exceptions (3 events):
Event: 0.301 Thread 0x00000232cdf97800 Exception <a 'java/lang/NoSuchMethodError'{0x000000074dce7a38}: 'int java.lang.invoke.DirectMethodHandle$Holder.invokeSpecialIFC(java.lang.Object, java.lang.Object, int)'> (0x000000074dce7a38) 
thrown [./open/src/hotspot/share/interpreter/linkResolver.cpp, line 766]
Event: 0.401 Thread 0x00000232cdf97800 Exception <a 'java/lang/NoSuchMethodError'{0x000000074da164e0}: 'java.lang.Object java.lang.invoke.DirectMethodHandle$Holder.invokeStaticInit(java.lang.Object, int, int, int, int)'> (0x000000074da164e0) 
thrown [./open/src/hotspot/share/interpreter/linkResolver.cpp, line 766]
Event: 0.510 Thread 0x00000232cdf97800 Exception <a 'java/lang/NoSuchMethodError'{0x000000074dabd868}: 'java.lang.Object java.lang.invoke.DirectMethodHandle$Holder.invokeStaticInit(java.lang.Object, java.lang.Object, int, int, int, int)'> (0x000000074dabd868) 
thrown [./open/src/hotspot/share/interpreter/linkResolver.cpp, line 766]

Events (20 events):
Event: 1.984 loading class jdk/internal/reflect/ClassFileAssembler
Event: 1.985 loading class jdk/internal/reflect/ClassFileAssembler done
Event: 1.985 loading class jdk/internal/reflect/UTF8
Event: 1.985 loading class jdk/internal/reflect/UTF8 done
Event: 1.986 loading class jdk/internal/reflect/Label
Event: 1.986 loading class jdk/internal/reflect/Label done
Event: 1.986 loading class jdk/internal/reflect/Label$PatchInfo
Event: 1.986 loading class jdk/internal/reflect/Label$PatchInfo done
Event: 1.986 loading class jdk/internal/reflect/MethodAccessorGenerator$1
Event: 1.986 loading class jdk/internal/reflect/MethodAccessorGenerator$1 done
Event: 1.986 loading class jdk/internal/reflect/ClassDefiner
Event: 1.986 loading class jdk/internal/reflect/ClassDefiner done
Event: 1.986 loading class jdk/internal/reflect/ClassDefiner$1
Event: 1.986 loading class jdk/internal/reflect/ClassDefiner$1 done
Event: 1.987 loading class jdk/internal/reflect/BootstrapConstructorAccessorImpl
Event: 1.987 loading class jdk/internal/reflect/BootstrapConstructorAccessorImpl done
Event: 2.315 Executing VM operation: HandshakeAllThreads
Event: 2.315 Executing VM operation: HandshakeAllThreads done
Event: 2.326 loading class java/lang/Deprecated
Event: 2.326 loading class java/lang/Deprecated done


Dynamic libraries:
0x00007ff7be8a0000 - 0x00007ff7be8af000 	C:\Program Files\Java\jdk-14.0.1\bin\java.exe
0x00007ffd61b00000 - 0x00007ffd61cf0000 	C:\WINDOWS\SYSTEM32\ntdll.dll
0x00007ffd5fce0000 - 0x00007ffd5fd92000 	C:\WINDOWS\System32\KERNEL32.DLL
0x00007ffd5f3e0000 - 0x00007ffd5f685000 	C:\WINDOWS\System32\KERNELBASE.dll
0x00007ffd5f9f0000 - 0x00007ffd5faea000 	C:\WINDOWS\System32\ucrtbase.dll
0x00007ffd567f0000 - 0x00007ffd56808000 	C:\Program Files\Java\jdk-14.0.1\bin\jli.dll
0x00007ffd56610000 - 0x00007ffd56625000 	C:\Program Files\Java\jdk-14.0.1\bin\VCRUNTIME140.dll
0x00007ffd5fc30000 - 0x00007ffd5fcd3000 	C:\WINDOWS\System32\ADVAPI32.dll
0x00007ffd61920000 - 0x00007ffd619be000 	C:\WINDOWS\System32\msvcrt.dll
0x00007ffd60bc0000 - 0x00007ffd60c57000 	C:\WINDOWS\System32\sechost.dll
0x00007ffd60cc0000 - 0x00007ffd60ddf000 	C:\WINDOWS\System32\RPCRT4.dll
0x00007ffd616a0000 - 0x00007ffd61834000 	C:\WINDOWS\System32\USER32.dll
0x00007ffd5f1f0000 - 0x00007ffd5f211000 	C:\WINDOWS\System32\win32u.dll
0x00007ffd619f0000 - 0x00007ffd61a16000 	C:\WINDOWS\System32\GDI32.dll
0x00007ffd5f7f0000 - 0x00007ffd5f988000 	C:\WINDOWS\System32\gdi32full.dll
0x00007ffd5fb10000 - 0x00007ffd5fbae000 	C:\WINDOWS\System32\msvcp_win.dll
0x00007ffd5e740000 - 0x00007ffd5e74a000 	C:\WINDOWS\SYSTEM32\VERSION.dll
0x00007ffd5cd50000 - 0x00007ffd5cfd4000 	C:\WINDOWS\WinSxS\amd64_microsoft.windows.common-controls_6595b64144ccf1df_6.0.18362.1556_none_9e7e372fe45e41d5\COMCTL32.dll
0x00007ffd612f0000 - 0x00007ffd61626000 	C:\WINDOWS\System32\combase.dll
0x00007ffd5f250000 - 0x00007ffd5f2d1000 	C:\WINDOWS\System32\bcryptPrimitives.dll
0x00007ffd619c0000 - 0x00007ffd619ee000 	C:\WINDOWS\System32\IMM32.DLL
0x00007ffcf1d80000 - 0x00007ffcf1e1b000 	C:\Program Files\Java\jdk-14.0.1\bin\msvcp140.dll
0x00007ffc98c90000 - 0x00007ffc997ae000 	C:\Program Files\Java\jdk-14.0.1\bin\server\jvm.dll
0x00007ffd61180000 - 0x00007ffd61188000 	C:\WINDOWS\System32\PSAPI.DLL
0x00007ffd38950000 - 0x00007ffd38959000 	C:\WINDOWS\SYSTEM32\WSOCK32.dll
0x00007ffd61630000 - 0x00007ffd6169f000 	C:\WINDOWS\System32\WS2_32.dll
0x00007ffd5c110000 - 0x00007ffd5c134000 	C:\WINDOWS\SYSTEM32\WINMM.dll
0x00007ffd5c0e0000 - 0x00007ffd5c10d000 	C:\WINDOWS\SYSTEM32\WINMMBASE.dll
0x00007ffd5f2e0000 - 0x00007ffd5f32a000 	C:\WINDOWS\System32\cfgmgr32.dll
0x00007ffd5e9c0000 - 0x00007ffd5e9d1000 	C:\WINDOWS\System32\kernel.appcore.dll
0x00007ffd5a6d0000 - 0x00007ffd5a6da000 	C:\Program Files\Java\jdk-14.0.1\bin\jimage.dll
0x00007ffd5e410000 - 0x00007ffd5e604000 	C:\WINDOWS\SYSTEM32\DBGHELP.DLL
0x00007ffd5e1b0000 - 0x00007ffd5e1da000 	C:\WINDOWS\SYSTEM32\dbgcore.DLL
0x00007ffd567e0000 - 0x00007ffd567ee000 	C:\Program Files\Java\jdk-14.0.1\bin\instrument.dll
0x00007ffd36a50000 - 0x00007ffd36a75000 	C:\Program Files\Java\jdk-14.0.1\bin\java.dll
0x00007ffd51520000 - 0x00007ffd51536000 	C:\Program Files\Java\jdk-14.0.1\bin\zip.dll
0x00007ffd602e0000 - 0x00007ffd609c7000 	C:\WINDOWS\System32\SHELL32.dll
0x00007ffd610d0000 - 0x00007ffd61178000 	C:\WINDOWS\System32\shcore.dll
0x00007ffd5ea70000 - 0x00007ffd5f1eb000 	C:\WINDOWS\System32\windows.storage.dll
0x00007ffd5ea50000 - 0x00007ffd5ea6e000 	C:\WINDOWS\System32\profapi.dll
0x00007ffd5e9e0000 - 0x00007ffd5ea2a000 	C:\WINDOWS\System32\powrprof.dll
0x00007ffd5e9b0000 - 0x00007ffd5e9c0000 	C:\WINDOWS\System32\UMPDC.dll
0x00007ffd61010000 - 0x00007ffd61062000 	C:\WINDOWS\System32\shlwapi.dll
0x00007ffd5faf0000 - 0x00007ffd5fb07000 	C:\WINDOWS\System32\cryptsp.dll
0x00007ffd36a30000 - 0x00007ffd36a49000 	C:\Program Files\Java\jdk-14.0.1\bin\net.dll
0x00007ffd4ec60000 - 0x00007ffd4ed5a000 	C:\WINDOWS\SYSTEM32\WINHTTP.dll
0x00007ffd5dc80000 - 0x00007ffd5dce7000 	C:\WINDOWS\system32\mswsock.dll
0x00007ffd328d0000 - 0x00007ffd328e2000 	C:\Program Files\Java\jdk-14.0.1\bin\nio.dll
0x00007ffd56660000 - 0x00007ffd56670000 	C:\Program Files\Java\jdk-14.0.1\bin\verify.dll
0x00007ffd4c050000 - 0x00007ffd4c06a000 	E:\IDEA2019\IntelliJ IDEA 2019.3.3\bin\breakgen64.dll
0x00007ffd5d7f0000 - 0x00007ffd5d823000 	C:\WINDOWS\system32\rsaenh.dll
0x00007ffd5f220000 - 0x00007ffd5f246000 	C:\WINDOWS\System32\bcrypt.dll
0x00007ffd5e8a0000 - 0x00007ffd5e8c5000 	C:\WINDOWS\SYSTEM32\USERENV.dll
0x00007ffd5df50000 - 0x00007ffd5df5c000 	C:\WINDOWS\SYSTEM32\CRYPTBASE.dll
0x00007ffd5dd70000 - 0x00007ffd5ddaa000 	C:\WINDOWS\SYSTEM32\IPHLPAPI.DLL
0x00007ffd61910000 - 0x00007ffd61918000 	C:\WINDOWS\System32\NSI.dll
0x00007ffd537e0000 - 0x00007ffd537f6000 	C:\WINDOWS\SYSTEM32\dhcpcsvc6.DLL
0x00007ffd537c0000 - 0x00007ffd537dc000 	C:\WINDOWS\SYSTEM32\dhcpcsvc.DLL
0x00007ffd5d9e0000 - 0x00007ffd5daab000 	C:\WINDOWS\SYSTEM32\DNSAPI.dll
0x00007ffd37070000 - 0x00007ffd3707a000 	D:\Personal\Temp\jansi-1.17.1-2396075372371358629.dll
0x00007ffd36930000 - 0x00007ffd3693a000 	D:\Personal\Temp\jansi-1.17.1-11419304774329987629.dll

dbghelp: loaded successfully - version: 4.0.5 - missing functions: none
symbol engine: initialized successfully - sym options: 0x614 - pdb path: .;C:\Program Files\Java\jdk-14.0.1\bin;C:\WINDOWS\SYSTEM32;C:\WINDOWS\WinSxS\amd64_microsoft.windows.common-controls_6595b64144ccf1df_6.0.18362.1556_none_9e7e372fe45e41d5;C:\Program Files\Java\jdk-14.0.1\bin\server;E:\IDEA2019\IntelliJ IDEA 2019.3.3\bin;D:\Personal\Temp

VM Arguments:
jvm_args: -Dmaven.multiModuleProjectDirectory=D:\Personal\Desktop\三下\consult -Dmaven.home=C:\apache-maven-3.6.3 -Dclassworlds.conf=C:\apache-maven-3.6.3\bin\m2.conf -Dmaven.ext.class.path=E:\IDEA2019\IntelliJ IDEA 2019.3.3\plugins\maven\lib\maven-event-listener.jar -javaagent:E:\IDEA2019\IntelliJ IDEA 2019.3.3\lib\idea_rt.jar=59302:E:\IDEA2019\IntelliJ IDEA 2019.3.3\bin -Dfile.encoding=UTF-8 
java_command: org.codehaus.classworlds.Launcher -Didea.version2019.3.3 package
java_class_path (initial): C:\apache-maven-3.6.3\boot\plexus-classworlds-2.6.0.jar;C:\apache-maven-3.6.3\boot\plexus-classworlds.license
Launcher Type: SUN_STANDARD

[Global flags]
     intx CICompilerCount                          = 3                                         {product} {ergonomic}
     uint ConcGCThreads                            = 1                                         {product} {ergonomic}
     uint G1ConcRefinementThreads                  = 4                                         {product} {ergonomic}
   size_t G1HeapRegionSize                         = 1048576                                   {product} {ergonomic}
    uintx GCDrainStackTargetSize                   = 64                                        {product} {ergonomic}
   size_t InitialHeapSize                          = 199229440                                 {product} {ergonomic}
   size_t MarkStackSize                            = 4194304                                   {product} {ergonomic}
   size_t MaxHeapSize                              = 3185573888                                {product} {ergonomic}
   size_t MaxNewSize                               = 1910505472                                {product} {ergonomic}
   size_t MinHeapDeltaBytes                        = 1048576                                   {product} {ergonomic}
   size_t MinHeapSize                              = 8388608                                   {product} {ergonomic}
    uintx NonNMethodCodeHeapSize                   = 5832780                                {pd product} {ergonomic}
    uintx NonProfiledCodeHeapSize                  = 122912730                              {pd product} {ergonomic}
    uintx ProfiledCodeHeapSize                     = 122912730                              {pd product} {ergonomic}
    uintx ReservedCodeCacheSize                    = 251658240                              {pd product} {ergonomic}
     bool SegmentedCodeCache                       = true                                      {product} {ergonomic}
   size_t SoftMaxHeapSize                          = 3185573888                             {manageable} {ergonomic}
     bool UseCompressedClassPointers               = true                                 {lp64_product} {ergonomic}
     bool UseCompressedOops                        = true                                 {lp64_product} {ergonomic}
     bool UseG1GC                                  = true                                      {product} {ergonomic}
     bool UseLargePagesIndividualAllocation        = false                                  {pd product} {ergonomic}

Logging:
Log output configuration:
 #0: stdout all=warning uptime,level,tags
 #1: stderr all=off uptime,level,tags

Environment Variables:
JAVA_HOME=C:\Program Files\Java\jdk-14.0.1
CLASSPATH=.;C:\Program Files\Java\jdk-10.0.2\lib
PATH=C:\Program Files (x86)\NVIDIA Corporation\PhysX\Common;C:\WINDOWS\system32;C:\WINDOWS;C:\WINDOWS\System32\Wbem;C:\WINDOWS\System32\WindowsPowerShell\v1.0\;C:\Program Files\Java\jdk-10.0.2\bin;D:\Android\android-sdk\platform-tools;D:\Android\apache-ant-1.10.0;C:\Program Files\MySQL\MySQL Server 5.5\bin;C:\Program Files\MySQL\MySQL Server 5.5\bin;C:\cmake3.10.3\bin;C:\Qt\Qt5.8.0\Tools\mingw530_32\bin;C:\WINDOWS\System32\OpenSSH\;C:\Program Files\Intel\WiFi\bin\;C:\Program Files\Common Files\Intel\WirelessCommon\;C:\Program Files (x86)\Tencent\QQ\Bin;C:\Program Files (x86)\Wolfram Research\WolframScript\;C:\Program Files (x86)\NetCDF4Excel;E:\git\Git\cmd;C:\Program Files\Java\jdk-14.0.1\bin;C:\Program Files\Java\jdk-14.0.1\jre\bin;C:\apache-maven-3.6.3\bin;C:\ProgramData\chocolatey\bin;C:\Program Files\nodejs\;C:\Python27;E:\Go\bin;C:\Program Files (x86)\HP\IdrsOCR_15.2.10.1114\;E:\MIKTEX\miktex\bin\x64\;D:\MinGW\bin;E:\PUTTY\;C:\Program Files\Microsoft SQL Server\Client SDK\ODBC\110\Tools\Binn\;C:\Program Files (x86)\Microsoft SQL Server\120\Tools\Binn\;C:\Program Files\Microsoft SQL Server\120\Tools\Binn\;C:\Program Files\Microsoft SQL Server\120\DTS\Binn\;C:\Program Files (x86)\Windows Kits\8.1\Windows Performance Toolkit\;D:\hugo\hugo_0.76.5_Windows-64bit;E:\pyenv\.pyenv\pyenv-win\bin;E:\miniConda3;E:\miniConda3\Library\mingw-w64\bin;E:\miniConda3\Library\usr\bin;E:\miniConda3\Library\bin;E:\miniConda3\Scripts;C:\Users\Mao\AppData\Local\Programs\Python\Python38\Scripts\;C:\Users\Mao\AppData\Local\Programs\Python\Python38\;C:\Users\淞峰\AppData\Local\Programs\Python\Python37\Scripts\;C;\Users\淞峰\AppData\Local\Programs\Python\Python37\;C;\Users\淞峰\AppData\Local\Programs\Python\Python37-32\Scripts\;C;\Users\淞峰\AppData\Local\Programs\Python\Python37-32\;%;SERPROFILE%\AppData\Local\Microsoft\WindowsApps;E:\IDEA2019\IntelliJ IDEA 2019.3.3\bin;;C:\Program Files\Intel\WiFi\bin\;C:\Program Files\Common Files\Intel\WirelessCommon\;:\docker\Docker Toolbox;C:\Users\Mao
USERNAME=淞峰
OS=Windows_NT
PROCESSOR_IDENTIFIER=Intel64 Family 6 Model 78 Stepping 3, GenuineIntel



---------------  S Y S T E M  ---------------

OS: Windows 10 , 64 bit Build 18362 (10.0.18362.1500)
OS uptime: 4 days 12:58 hours

CPU:total 4 (initial active 4) (2 cores per cpu, 2 threads per core) family 6 model 78 stepping 3, cmov, cx8, fxsr, mmx, sse, sse2, sse3, ssse3, sse4.1, sse4.2, popcnt, avx, avx2, aes, clmul, erms, 3dnowpref, lzcnt, ht, tsc, tscinvbit, bmi1, bmi2, adx, fma

Memory: 4k page, system-wide physical 12147M (1845M free)
TotalPageFile size 22283M (AvailPageFile size 3M)
current process WorkingSet (physical memory assigned to process): 87M, peak: 87M
current process commit charge ("private bytes"): 297M, peak: 298M

vm_info: Java HotSpot(TM) 64-Bit Server VM (14.0.1+7) for windows-amd64 JRE (14.0.1+7), built on Mar  5 2020 10:30:14 by "mach5one" with MS VC++ 15.9 (VS2017)

END.
